<!DOCTYPE html>
<html>
  <head>
    <meta charset="utf-8"/>
    <title>report_05-07-2025_01-57-25.html</title>
    <style>body {
  font-family: Helvetica, Arial, sans-serif;
  font-size: 12px;
  /* do not increase min-width as some may use split screens */
  min-width: 800px;
  color: #999;
}

h1 {
  font-size: 24px;
  color: black;
}

h2 {
  font-size: 16px;
  color: black;
}

p {
  color: black;
}

a {
  color: #999;
}

table {
  border-collapse: collapse;
}

/******************************
 * SUMMARY INFORMATION
 ******************************/
#environment td {
  padding: 5px;
  border: 1px solid #E6E6E6;
}
#environment tr:nth-child(odd) {
  background-color: #f6f6f6;
}

/******************************
 * TEST RESULT COLORS
 ******************************/
span.passed,
.passed .col-result {
  color: green;
}

span.skipped,
span.xfailed,
span.rerun,
.skipped .col-result,
.xfailed .col-result,
.rerun .col-result {
  color: orange;
}

span.error,
span.failed,
span.xpassed,
.error .col-result,
.failed .col-result,
.xpassed .col-result {
  color: red;
}

/******************************
 * RESULTS TABLE
 *
 * 1. Table Layout
 * 2. Extra
 * 3. Sorting items
 *
 ******************************/
/*------------------
 * 1. Table Layout
 *------------------*/
#results-table {
  border: 1px solid #e6e6e6;
  color: #999;
  font-size: 12px;
  width: 100%;
}
#results-table th,
#results-table td {
  padding: 5px;
  border: 1px solid #E6E6E6;
  text-align: left;
}
#results-table th {
  font-weight: bold;
}

/*------------------
 * 2. Extra
 *------------------*/
.log {
  background-color: #e6e6e6;
  border: 1px solid #e6e6e6;
  color: black;
  display: block;
  font-family: "Courier New", Courier, monospace;
  height: 230px;
  overflow-y: scroll;
  padding: 5px;
  white-space: pre-wrap;
}
.log:only-child {
  height: inherit;
}

div.image {
  border: 1px solid #e6e6e6;
  float: right;
  height: 240px;
  margin-left: 5px;
  overflow: hidden;
  width: 320px;
}
div.image img {
  width: 320px;
}

div.video {
  border: 1px solid #e6e6e6;
  float: right;
  height: 240px;
  margin-left: 5px;
  overflow: hidden;
  width: 320px;
}
div.video video {
  overflow: hidden;
  width: 320px;
  height: 240px;
}

.collapsed {
  display: none;
}

.expander::after {
  content: " (show details)";
  color: #BBB;
  font-style: italic;
  cursor: pointer;
}

.collapser::after {
  content: " (hide details)";
  color: #BBB;
  font-style: italic;
  cursor: pointer;
}

/*------------------
 * 3. Sorting items
 *------------------*/
.sortable {
  cursor: pointer;
}

.sort-icon {
  font-size: 0px;
  float: left;
  margin-right: 5px;
  margin-top: 5px;
  /*triangle*/
  width: 0;
  height: 0;
  border-left: 8px solid transparent;
  border-right: 8px solid transparent;
}
.inactive .sort-icon {
  /*finish triangle*/
  border-top: 8px solid #E6E6E6;
}
.asc.active .sort-icon {
  /*finish triangle*/
  border-bottom: 8px solid #999;
}
.desc.active .sort-icon {
  /*finish triangle*/
  border-top: 8px solid #999;
}
</style></head>
  <body onLoad="init()">
    <script>/* This Source Code Form is subject to the terms of the Mozilla Public
 * License, v. 2.0. If a copy of the MPL was not distributed with this file,
 * You can obtain one at http://mozilla.org/MPL/2.0/. */


function toArray(iter) {
    if (iter === null) {
        return null;
    }
    return Array.prototype.slice.call(iter);
}

function find(selector, elem) { // eslint-disable-line no-redeclare
    if (!elem) {
        elem = document;
    }
    return elem.querySelector(selector);
}

function findAll(selector, elem) {
    if (!elem) {
        elem = document;
    }
    return toArray(elem.querySelectorAll(selector));
}

function sortColumn(elem) {
    toggleSortStates(elem);
    const colIndex = toArray(elem.parentNode.childNodes).indexOf(elem);
    let key;
    if (elem.classList.contains('result')) {
        key = keyResult;
    } else if (elem.classList.contains('links')) {
        key = keyLink;
    } else {
        key = keyAlpha;
    }
    sortTable(elem, key(colIndex));
}

function showAllExtras() { // eslint-disable-line no-unused-vars
    findAll('.col-result').forEach(showExtras);
}

function hideAllExtras() { // eslint-disable-line no-unused-vars
    findAll('.col-result').forEach(hideExtras);
}

function showExtras(colresultElem) {
    const extras = colresultElem.parentNode.nextElementSibling;
    const expandcollapse = colresultElem.firstElementChild;
    extras.classList.remove('collapsed');
    expandcollapse.classList.remove('expander');
    expandcollapse.classList.add('collapser');
}

function hideExtras(colresultElem) {
    const extras = colresultElem.parentNode.nextElementSibling;
    const expandcollapse = colresultElem.firstElementChild;
    extras.classList.add('collapsed');
    expandcollapse.classList.remove('collapser');
    expandcollapse.classList.add('expander');
}

function showFilters() {
    let visibleString = getQueryParameter('visible') || 'all';
    visibleString = visibleString.toLowerCase();
    const checkedItems = visibleString.split(',');

    const filterItems = document.getElementsByClassName('filter');
    for (let i = 0; i < filterItems.length; i++) {
        filterItems[i].hidden = false;

        if (visibleString != 'all') {
            filterItems[i].checked = checkedItems.includes(filterItems[i].getAttribute('data-test-result'));
            filterTable(filterItems[i]);
        }
    }
}

function addCollapse() {
    // Add links for show/hide all
    const resulttable = find('table#results-table');
    const showhideall = document.createElement('p');
    showhideall.innerHTML = '<a href="javascript:showAllExtras()">Show all details</a> / ' +
                            '<a href="javascript:hideAllExtras()">Hide all details</a>';
    resulttable.parentElement.insertBefore(showhideall, resulttable);

    // Add show/hide link to each result
    findAll('.col-result').forEach(function(elem) {
        const collapsed = getQueryParameter('collapsed') || 'Passed';
        const extras = elem.parentNode.nextElementSibling;
        const expandcollapse = document.createElement('span');
        if (extras.classList.contains('collapsed')) {
            expandcollapse.classList.add('expander');
        } else if (collapsed.includes(elem.innerHTML)) {
            extras.classList.add('collapsed');
            expandcollapse.classList.add('expander');
        } else {
            expandcollapse.classList.add('collapser');
        }
        elem.appendChild(expandcollapse);

        elem.addEventListener('click', function(event) {
            if (event.currentTarget.parentNode.nextElementSibling.classList.contains('collapsed')) {
                showExtras(event.currentTarget);
            } else {
                hideExtras(event.currentTarget);
            }
        });
    });
}

function getQueryParameter(name) {
    const match = RegExp('[?&]' + name + '=([^&]*)').exec(window.location.search);
    return match && decodeURIComponent(match[1].replace(/\+/g, ' '));
}

function init () { // eslint-disable-line no-unused-vars
    resetSortHeaders();

    addCollapse();

    showFilters();

    sortColumn(find('.initial-sort'));

    findAll('.sortable').forEach(function(elem) {
        elem.addEventListener('click',
            function() {
                sortColumn(elem);
            }, false);
    });
}

function sortTable(clicked, keyFunc) {
    const rows = findAll('.results-table-row');
    const reversed = !clicked.classList.contains('asc');
    const sortedRows = sort(rows, keyFunc, reversed);
    /* Whole table is removed here because browsers acts much slower
     * when appending existing elements.
     */
    const thead = document.getElementById('results-table-head');
    document.getElementById('results-table').remove();
    const parent = document.createElement('table');
    parent.id = 'results-table';
    parent.appendChild(thead);
    sortedRows.forEach(function(elem) {
        parent.appendChild(elem);
    });
    document.getElementsByTagName('BODY')[0].appendChild(parent);
}

function sort(items, keyFunc, reversed) {
    const sortArray = items.map(function(item, i) {
        return [keyFunc(item), i];
    });

    sortArray.sort(function(a, b) {
        const keyA = a[0];
        const keyB = b[0];

        if (keyA == keyB) return 0;

        if (reversed) {
            return keyA < keyB ? 1 : -1;
        } else {
            return keyA > keyB ? 1 : -1;
        }
    });

    return sortArray.map(function(item) {
        const index = item[1];
        return items[index];
    });
}

function keyAlpha(colIndex) {
    return function(elem) {
        return elem.childNodes[1].childNodes[colIndex].firstChild.data.toLowerCase();
    };
}

function keyLink(colIndex) {
    return function(elem) {
        const dataCell = elem.childNodes[1].childNodes[colIndex].firstChild;
        return dataCell == null ? '' : dataCell.innerText.toLowerCase();
    };
}

function keyResult(colIndex) {
    return function(elem) {
        const strings = ['Error', 'Failed', 'Rerun', 'XFailed', 'XPassed',
            'Skipped', 'Passed'];
        return strings.indexOf(elem.childNodes[1].childNodes[colIndex].firstChild.data);
    };
}

function resetSortHeaders() {
    findAll('.sort-icon').forEach(function(elem) {
        elem.parentNode.removeChild(elem);
    });
    findAll('.sortable').forEach(function(elem) {
        const icon = document.createElement('div');
        icon.className = 'sort-icon';
        icon.textContent = 'vvv';
        elem.insertBefore(icon, elem.firstChild);
        elem.classList.remove('desc', 'active');
        elem.classList.add('asc', 'inactive');
    });
}

function toggleSortStates(elem) {
    //if active, toggle between asc and desc
    if (elem.classList.contains('active')) {
        elem.classList.toggle('asc');
        elem.classList.toggle('desc');
    }

    //if inactive, reset all other functions and add ascending active
    if (elem.classList.contains('inactive')) {
        resetSortHeaders();
        elem.classList.remove('inactive');
        elem.classList.add('active');
    }
}

function isAllRowsHidden(value) {
    return value.hidden == false;
}

function filterTable(elem) { // eslint-disable-line no-unused-vars
    const outcomeAtt = 'data-test-result';
    const outcome = elem.getAttribute(outcomeAtt);
    const classOutcome = outcome + ' results-table-row';
    const outcomeRows = document.getElementsByClassName(classOutcome);

    for(let i = 0; i < outcomeRows.length; i++){
        outcomeRows[i].hidden = !elem.checked;
    }

    const rows = findAll('.results-table-row').filter(isAllRowsHidden);
    const allRowsHidden = rows.length == 0 ? true : false;
    const notFoundMessage = document.getElementById('not-found-message');
    notFoundMessage.hidden = !allRowsHidden;
}
</script>
    <h1>report_05-07-2025_01-57-25.html</h1>
    <p>Report generated on 07-May-2025 at 01:57:31 by <a href="https://pypi.python.org/pypi/pytest-html">pytest-html</a> v3.2.0</p>
    <h2>Summary</h2>
    <p>66 tests ran in 6.46 seconds. </p>
    <p class="filter" hidden="true">(Un)check the boxes to filter the results.</p><input checked="true" class="filter" data-test-result="passed" hidden="true" name="filter_checkbox" onChange="filterTable(this)" type="checkbox"/><span class="passed">44 passed</span>, <input checked="true" class="filter" data-test-result="skipped" disabled="true" hidden="true" name="filter_checkbox" onChange="filterTable(this)" type="checkbox"/><span class="skipped">0 skipped</span>, <input checked="true" class="filter" data-test-result="failed" hidden="true" name="filter_checkbox" onChange="filterTable(this)" type="checkbox"/><span class="failed">22 failed</span>, <input checked="true" class="filter" data-test-result="error" disabled="true" hidden="true" name="filter_checkbox" onChange="filterTable(this)" type="checkbox"/><span class="error">0 errors</span>, <input checked="true" class="filter" data-test-result="xfailed" disabled="true" hidden="true" name="filter_checkbox" onChange="filterTable(this)" type="checkbox"/><span class="xfailed">0 expected failures</span>, <input checked="true" class="filter" data-test-result="xpassed" disabled="true" hidden="true" name="filter_checkbox" onChange="filterTable(this)" type="checkbox"/><span class="xpassed">0 unexpected passes</span>
    <h2>Results</h2>
    <table id="results-table">
      <thead id="results-table-head">
        <tr>
          <th class="sortable result initial-sort" col="result">Result</th>
          <th class="sortable" col="name">Test</th>
          <th>TIDL Subgraphs</th>
          <th>Complete TIDL Offload</th>
          <th class="sortable" col="duration">Duration</th>
          <th class="sortable links" col="links">Links</th></tr>
        <tr hidden="true" id="not-found-message">
          <th colspan="6">No results found. Try to check the filters</th></tr></thead>
      <tbody class="failed results-table-row">
        <tr>
          <td class="col-result">Failed</td>
          <td class="col-name">test_tidl_unit.py::test_tidl_unit_operator[DequantizeLinear_65]</td>
          <td>1</td>
          <td>True</td>
          <td class="col-duration">0.09</td>
          <td class="col-links"></td></tr>
        <tr>
          <td class="extra" colspan="6">
            <div class="log">[gw6] linux -- Python 3.10.16 /home/tidl/.pyenv/versions/benchmark/bin/python3<br/>[gw6] linux -- Python 3.10.16 /home/tidl/.pyenv/versions/benchmark/bin/python3[gw6] linux -- Python 3.10.16 /home/tidl/.pyenv/versions/benchmark/bin/python3<br/><br/>no_subprocess = False, tidl_offload = True, run_infer = True, operator_tests_root_fixture = &#x27;tidl_unit_test_data/operator/&#x27;<br/>test_name = &#x27;DequantizeLinear_65&#x27;<br/><br/>    @pytest.mark.parametrize((&quot;test_name&quot;), operator_tests_to_run)<br/>    def test_tidl_unit_operator(no_subprocess : bool, tidl_offload : bool, run_infer : bool, operator_tests_root_fixture : str, test_name : str):<br/>        &#x27;&#x27;&#x27;<br/>        Pytest for tidl unit operator tests using the edgeai-benchmark framework<br/>        &#x27;&#x27;&#x27;<br/>        testdir_parent = operator_tests_root_fixture<br/>        for i in range(len(operator_tests_to_run)):<br/>            if operator_tests_to_run[i] == test_name:<br/>                testdir_parent = operator_tests_parent_dir[i]<br/>                break<br/>    <br/>&gt;       perform_tidl_unit(no_subprocess=no_subprocess,<br/>                          tidl_offload    = tidl_offload,<br/>                          run_infer       = run_infer,<br/>                          test_name       = test_name,<br/>                          test_suite      = &quot;operator&quot;,<br/>                          testdir_parent  = testdir_parent)<br/><br/>test_tidl_unit.py:70: <br/>_ _ _ _ _ _ _ _ _ _ _ _ _ _ _ _ _ _ _ _ _ _ _ _ _ _ _ _ _ _ _ _ _ _ _ _ _ _ _ _ <br/>test_tidl_unit.py:89: in perform_tidl_unit<br/>    perform_tidl_unit_subprocess(tidl_offload    = tidl_offload,<br/>_ _ _ _ _ _ _ _ _ _ _ _ _ _ _ _ _ _ _ _ _ _ _ _ _ _ _ _ _ _ _ _ _ _ _ _ _ _ _ _ <br/><br/>tidl_offload = True, run_infer = True, test_name = &#x27;DequantizeLinear_65&#x27;, test_suite = &#x27;operator&#x27;<br/>testdir_parent = &#x27;tidl_unit_test_data/operator/DequantizeLinear&#x27;<br/><br/>    def perform_tidl_unit_subprocess(tidl_offload : bool, run_infer : bool, test_name : str, test_suite : str, testdir_parent : str):<br/>        &#x27;&#x27;&#x27;<br/>        Perform an tidl unit test using a subprocess (in order to properly capture output for fatal errors)<br/>        Called by perform_tidl_unit<br/>        &#x27;&#x27;&#x27;<br/>    <br/>        kwargs = {&quot;tidl_offload&quot;   : tidl_offload,<br/>                  &quot;run_infer&quot;      : run_infer,<br/>                  &quot;test_name&quot;      : test_name,<br/>                  &quot;test_suite&quot;     : test_suite,<br/>                  &quot;testdir_parent&quot; : testdir_parent}<br/>    <br/>        p = Process(target=perform_tidl_unit_oneprocess, kwargs=kwargs)<br/>        p.start()<br/>    <br/>    <br/>        # Note: This timeout parameter must be lower than the pytest-timeout parameter<br/>        #       passed to the pytest command (on the command line or in pytest.ini)<br/>        p.join(timeout=600)<br/>        if p.is_alive():<br/>            p.terminate()<br/>    <br/>            # Cleanup leftover files<br/>            for f in glob.glob(&quot;/dev/shm/vashm_buff_*&quot;):<br/>                os.remove(f)<br/>    <br/>&gt;       assert p.exitcode == 0, f&quot;Received nonzero exit code: {p.exitcode}&quot;<br/><span class="error">E       AssertionError: Received nonzero exit code: 1</span><br/><span class="error">E       assert 1 == 0</span><br/><span class="error">E        +  where 1 = &lt;Process name=&#x27;Process-1&#x27; pid=1854454 parent=1852945 stopped exitcode=1&gt;.exitcode</span><br/><br/>test_tidl_unit.py:123: AssertionError[gw6] linux -- Python 3.10.16 /home/tidl/.pyenv/versions/benchmark/bin/python3<br/> ------------------------------Captured stdout call------------------------------ <br/>libtidl_onnxrt_EP loaded 0x57bd1e7c1580 
Final number of subgraphs created are : 1, - Offloaded Nodes - 1, Total Nodes - 1 
Invoke  : ERROR: Unable to open network file ./work_dirs/modelartifacts/8bits/DequantizeLinear_65/artifacts/subgraph_0_tidl_net.bin 
<br/> ------------------------------Captured stderr call------------------------------ <br/>Process Process-1:
Traceback (most recent call last):
  File &quot;/home/tidl/.pyenv/versions/3.10.16/lib/python3.10/multiprocessing/process.py&quot;, line 314, in _bootstrap
    self.run()
  File &quot;/home/tidl/.pyenv/versions/3.10.16/lib/python3.10/multiprocessing/process.py&quot;, line 108, in run
    self._target(*self._args, **self._kwargs)
  File &quot;/home/tidl/pranav/edgeai-benchmark/tests/tidl_unit/test_tidl_unit.py&quot;, line 167, in perform_tidl_unit_oneprocess
    results_list = onnxruntime_wrapper.run_inference(tidl_unit_dataset[0])
  File &quot;/home/tidl/pranav/edgeai-benchmark/edgeai_benchmark/core/onnxrt_runtime.py&quot;, line 78, in run_inference
    self.start_inference()
  File &quot;/home/tidl/pranav/edgeai-benchmark/edgeai_benchmark/core/onnxrt_runtime.py&quot;, line 70, in start_inference
    self.interpreter = self._create_interpreter(is_import=False)
  File &quot;/home/tidl/pranav/edgeai-benchmark/edgeai_benchmark/core/onnxrt_runtime.py&quot;, line 120, in _create_interpreter
    interpreter = onnxruntime.InferenceSession(self.kwargs[&#x27;model_file&#x27;], providers=ep_list,
  File &quot;/home/tidl/.pyenv/versions/benchmark/lib/python3.10/site-packages/onnxruntime/capi/onnxruntime_inference_collection.py&quot;, line 387, in __init__
    self._create_inference_session(providers, provider_options, disabled_optimizers)
  File &quot;/home/tidl/.pyenv/versions/benchmark/lib/python3.10/site-packages/onnxruntime/capi/onnxruntime_inference_collection.py&quot;, line 439, in _create_inference_session
    sess.initialize_session(providers, provider_options, disabled_optimizers)
onnxruntime.capi.onnxruntime_pybind11_state.Fail: [ONNXRuntimeError] : 1 : FAIL : Create state function failed. Return value:-1
<br/></div></td></tr></tbody>
      <tbody class="failed results-table-row">
        <tr>
          <td class="col-result">Failed</td>
          <td class="col-name">test_tidl_unit.py::test_tidl_unit_operator[DequantizeLinear_2]</td>
          <td>1</td>
          <td>True</td>
          <td class="col-duration">0.10</td>
          <td class="col-links"></td></tr>
        <tr>
          <td class="extra" colspan="6">
            <div class="log">[gw17] linux -- Python 3.10.16 /home/tidl/.pyenv/versions/benchmark/bin/python3<br/>[gw17] linux -- Python 3.10.16 /home/tidl/.pyenv/versions/benchmark/bin/python3[gw17] linux -- Python 3.10.16 /home/tidl/.pyenv/versions/benchmark/bin/python3<br/><br/>no_subprocess = False, tidl_offload = True, run_infer = True, operator_tests_root_fixture = &#x27;tidl_unit_test_data/operator/&#x27;<br/>test_name = &#x27;DequantizeLinear_2&#x27;<br/><br/>    @pytest.mark.parametrize((&quot;test_name&quot;), operator_tests_to_run)<br/>    def test_tidl_unit_operator(no_subprocess : bool, tidl_offload : bool, run_infer : bool, operator_tests_root_fixture : str, test_name : str):<br/>        &#x27;&#x27;&#x27;<br/>        Pytest for tidl unit operator tests using the edgeai-benchmark framework<br/>        &#x27;&#x27;&#x27;<br/>        testdir_parent = operator_tests_root_fixture<br/>        for i in range(len(operator_tests_to_run)):<br/>            if operator_tests_to_run[i] == test_name:<br/>                testdir_parent = operator_tests_parent_dir[i]<br/>                break<br/>    <br/>&gt;       perform_tidl_unit(no_subprocess=no_subprocess,<br/>                          tidl_offload    = tidl_offload,<br/>                          run_infer       = run_infer,<br/>                          test_name       = test_name,<br/>                          test_suite      = &quot;operator&quot;,<br/>                          testdir_parent  = testdir_parent)<br/><br/>test_tidl_unit.py:70: <br/>_ _ _ _ _ _ _ _ _ _ _ _ _ _ _ _ _ _ _ _ _ _ _ _ _ _ _ _ _ _ _ _ _ _ _ _ _ _ _ _ <br/>test_tidl_unit.py:89: in perform_tidl_unit<br/>    perform_tidl_unit_subprocess(tidl_offload    = tidl_offload,<br/>_ _ _ _ _ _ _ _ _ _ _ _ _ _ _ _ _ _ _ _ _ _ _ _ _ _ _ _ _ _ _ _ _ _ _ _ _ _ _ _ <br/><br/>tidl_offload = True, run_infer = True, test_name = &#x27;DequantizeLinear_2&#x27;, test_suite = &#x27;operator&#x27;<br/>testdir_parent = &#x27;tidl_unit_test_data/operator/DequantizeLinear&#x27;<br/><br/>    def perform_tidl_unit_subprocess(tidl_offload : bool, run_infer : bool, test_name : str, test_suite : str, testdir_parent : str):<br/>        &#x27;&#x27;&#x27;<br/>        Perform an tidl unit test using a subprocess (in order to properly capture output for fatal errors)<br/>        Called by perform_tidl_unit<br/>        &#x27;&#x27;&#x27;<br/>    <br/>        kwargs = {&quot;tidl_offload&quot;   : tidl_offload,<br/>                  &quot;run_infer&quot;      : run_infer,<br/>                  &quot;test_name&quot;      : test_name,<br/>                  &quot;test_suite&quot;     : test_suite,<br/>                  &quot;testdir_parent&quot; : testdir_parent}<br/>    <br/>        p = Process(target=perform_tidl_unit_oneprocess, kwargs=kwargs)<br/>        p.start()<br/>    <br/>    <br/>        # Note: This timeout parameter must be lower than the pytest-timeout parameter<br/>        #       passed to the pytest command (on the command line or in pytest.ini)<br/>        p.join(timeout=600)<br/>        if p.is_alive():<br/>            p.terminate()<br/>    <br/>            # Cleanup leftover files<br/>            for f in glob.glob(&quot;/dev/shm/vashm_buff_*&quot;):<br/>                os.remove(f)<br/>    <br/>&gt;       assert p.exitcode == 0, f&quot;Received nonzero exit code: {p.exitcode}&quot;<br/><span class="error">E       AssertionError: Received nonzero exit code: 1</span><br/><span class="error">E       assert 1 == 0</span><br/><span class="error">E        +  where 1 = &lt;Process name=&#x27;Process-1&#x27; pid=1854457 parent=1853546 stopped exitcode=1&gt;.exitcode</span><br/><br/>test_tidl_unit.py:123: AssertionError[gw17] linux -- Python 3.10.16 /home/tidl/.pyenv/versions/benchmark/bin/python3<br/> ------------------------------Captured stdout call------------------------------ <br/>libtidl_onnxrt_EP loaded 0x56fce39ddf30 
Final number of subgraphs created are : 1, - Offloaded Nodes - 1, Total Nodes - 1 
Invoke  : ERROR: Unable to open network file ./work_dirs/modelartifacts/8bits/DequantizeLinear_2/artifacts/subgraph_0_tidl_net.bin 
<br/> ------------------------------Captured stderr call------------------------------ <br/>Process Process-1:
Traceback (most recent call last):
  File &quot;/home/tidl/.pyenv/versions/3.10.16/lib/python3.10/multiprocessing/process.py&quot;, line 314, in _bootstrap
    self.run()
  File &quot;/home/tidl/.pyenv/versions/3.10.16/lib/python3.10/multiprocessing/process.py&quot;, line 108, in run
    self._target(*self._args, **self._kwargs)
  File &quot;/home/tidl/pranav/edgeai-benchmark/tests/tidl_unit/test_tidl_unit.py&quot;, line 167, in perform_tidl_unit_oneprocess
    results_list = onnxruntime_wrapper.run_inference(tidl_unit_dataset[0])
  File &quot;/home/tidl/pranav/edgeai-benchmark/edgeai_benchmark/core/onnxrt_runtime.py&quot;, line 78, in run_inference
    self.start_inference()
  File &quot;/home/tidl/pranav/edgeai-benchmark/edgeai_benchmark/core/onnxrt_runtime.py&quot;, line 70, in start_inference
    self.interpreter = self._create_interpreter(is_import=False)
  File &quot;/home/tidl/pranav/edgeai-benchmark/edgeai_benchmark/core/onnxrt_runtime.py&quot;, line 120, in _create_interpreter
    interpreter = onnxruntime.InferenceSession(self.kwargs[&#x27;model_file&#x27;], providers=ep_list,
  File &quot;/home/tidl/.pyenv/versions/benchmark/lib/python3.10/site-packages/onnxruntime/capi/onnxruntime_inference_collection.py&quot;, line 387, in __init__
    self._create_inference_session(providers, provider_options, disabled_optimizers)
  File &quot;/home/tidl/.pyenv/versions/benchmark/lib/python3.10/site-packages/onnxruntime/capi/onnxruntime_inference_collection.py&quot;, line 439, in _create_inference_session
    sess.initialize_session(providers, provider_options, disabled_optimizers)
onnxruntime.capi.onnxruntime_pybind11_state.Fail: [ONNXRuntimeError] : 1 : FAIL : Create state function failed. Return value:-1
<br/></div></td></tr></tbody>
      <tbody class="failed results-table-row">
        <tr>
          <td class="col-result">Failed</td>
          <td class="col-name">test_tidl_unit.py::test_tidl_unit_operator[DequantizeLinear_5]</td>
          <td>1</td>
          <td>True</td>
          <td class="col-duration">0.10</td>
          <td class="col-links"></td></tr>
        <tr>
          <td class="extra" colspan="6">
            <div class="log">[gw2] linux -- Python 3.10.16 /home/tidl/.pyenv/versions/benchmark/bin/python3<br/>[gw2] linux -- Python 3.10.16 /home/tidl/.pyenv/versions/benchmark/bin/python3[gw2] linux -- Python 3.10.16 /home/tidl/.pyenv/versions/benchmark/bin/python3<br/><br/>no_subprocess = False, tidl_offload = True, run_infer = True, operator_tests_root_fixture = &#x27;tidl_unit_test_data/operator/&#x27;<br/>test_name = &#x27;DequantizeLinear_5&#x27;<br/><br/>    @pytest.mark.parametrize((&quot;test_name&quot;), operator_tests_to_run)<br/>    def test_tidl_unit_operator(no_subprocess : bool, tidl_offload : bool, run_infer : bool, operator_tests_root_fixture : str, test_name : str):<br/>        &#x27;&#x27;&#x27;<br/>        Pytest for tidl unit operator tests using the edgeai-benchmark framework<br/>        &#x27;&#x27;&#x27;<br/>        testdir_parent = operator_tests_root_fixture<br/>        for i in range(len(operator_tests_to_run)):<br/>            if operator_tests_to_run[i] == test_name:<br/>                testdir_parent = operator_tests_parent_dir[i]<br/>                break<br/>    <br/>&gt;       perform_tidl_unit(no_subprocess=no_subprocess,<br/>                          tidl_offload    = tidl_offload,<br/>                          run_infer       = run_infer,<br/>                          test_name       = test_name,<br/>                          test_suite      = &quot;operator&quot;,<br/>                          testdir_parent  = testdir_parent)<br/><br/>test_tidl_unit.py:70: <br/>_ _ _ _ _ _ _ _ _ _ _ _ _ _ _ _ _ _ _ _ _ _ _ _ _ _ _ _ _ _ _ _ _ _ _ _ _ _ _ _ <br/>test_tidl_unit.py:89: in perform_tidl_unit<br/>    perform_tidl_unit_subprocess(tidl_offload    = tidl_offload,<br/>_ _ _ _ _ _ _ _ _ _ _ _ _ _ _ _ _ _ _ _ _ _ _ _ _ _ _ _ _ _ _ _ _ _ _ _ _ _ _ _ <br/><br/>tidl_offload = True, run_infer = True, test_name = &#x27;DequantizeLinear_5&#x27;, test_suite = &#x27;operator&#x27;<br/>testdir_parent = &#x27;tidl_unit_test_data/operator/DequantizeLinear&#x27;<br/><br/>    def perform_tidl_unit_subprocess(tidl_offload : bool, run_infer : bool, test_name : str, test_suite : str, testdir_parent : str):<br/>        &#x27;&#x27;&#x27;<br/>        Perform an tidl unit test using a subprocess (in order to properly capture output for fatal errors)<br/>        Called by perform_tidl_unit<br/>        &#x27;&#x27;&#x27;<br/>    <br/>        kwargs = {&quot;tidl_offload&quot;   : tidl_offload,<br/>                  &quot;run_infer&quot;      : run_infer,<br/>                  &quot;test_name&quot;      : test_name,<br/>                  &quot;test_suite&quot;     : test_suite,<br/>                  &quot;testdir_parent&quot; : testdir_parent}<br/>    <br/>        p = Process(target=perform_tidl_unit_oneprocess, kwargs=kwargs)<br/>        p.start()<br/>    <br/>    <br/>        # Note: This timeout parameter must be lower than the pytest-timeout parameter<br/>        #       passed to the pytest command (on the command line or in pytest.ini)<br/>        p.join(timeout=600)<br/>        if p.is_alive():<br/>            p.terminate()<br/>    <br/>            # Cleanup leftover files<br/>            for f in glob.glob(&quot;/dev/shm/vashm_buff_*&quot;):<br/>                os.remove(f)<br/>    <br/>&gt;       assert p.exitcode == 0, f&quot;Received nonzero exit code: {p.exitcode}&quot;<br/><span class="error">E       AssertionError: Received nonzero exit code: 1</span><br/><span class="error">E       assert 1 == 0</span><br/><span class="error">E        +  where 1 = &lt;Process name=&#x27;Process-1&#x27; pid=1854447 parent=1852868 stopped exitcode=1&gt;.exitcode</span><br/><br/>test_tidl_unit.py:123: AssertionError[gw2] linux -- Python 3.10.16 /home/tidl/.pyenv/versions/benchmark/bin/python3<br/> ------------------------------Captured stdout call------------------------------ <br/>libtidl_onnxrt_EP loaded 0x58613c59c810 
Final number of subgraphs created are : 1, - Offloaded Nodes - 1, Total Nodes - 1 
Invoke  : ERROR: Unable to open network file ./work_dirs/modelartifacts/8bits/DequantizeLinear_5/artifacts/subgraph_0_tidl_net.bin 
<br/> ------------------------------Captured stderr call------------------------------ <br/>Process Process-1:
Traceback (most recent call last):
  File &quot;/home/tidl/.pyenv/versions/3.10.16/lib/python3.10/multiprocessing/process.py&quot;, line 314, in _bootstrap
    self.run()
  File &quot;/home/tidl/.pyenv/versions/3.10.16/lib/python3.10/multiprocessing/process.py&quot;, line 108, in run
    self._target(*self._args, **self._kwargs)
  File &quot;/home/tidl/pranav/edgeai-benchmark/tests/tidl_unit/test_tidl_unit.py&quot;, line 167, in perform_tidl_unit_oneprocess
    results_list = onnxruntime_wrapper.run_inference(tidl_unit_dataset[0])
  File &quot;/home/tidl/pranav/edgeai-benchmark/edgeai_benchmark/core/onnxrt_runtime.py&quot;, line 78, in run_inference
    self.start_inference()
  File &quot;/home/tidl/pranav/edgeai-benchmark/edgeai_benchmark/core/onnxrt_runtime.py&quot;, line 70, in start_inference
    self.interpreter = self._create_interpreter(is_import=False)
  File &quot;/home/tidl/pranav/edgeai-benchmark/edgeai_benchmark/core/onnxrt_runtime.py&quot;, line 120, in _create_interpreter
    interpreter = onnxruntime.InferenceSession(self.kwargs[&#x27;model_file&#x27;], providers=ep_list,
  File &quot;/home/tidl/.pyenv/versions/benchmark/lib/python3.10/site-packages/onnxruntime/capi/onnxruntime_inference_collection.py&quot;, line 387, in __init__
    self._create_inference_session(providers, provider_options, disabled_optimizers)
  File &quot;/home/tidl/.pyenv/versions/benchmark/lib/python3.10/site-packages/onnxruntime/capi/onnxruntime_inference_collection.py&quot;, line 439, in _create_inference_session
    sess.initialize_session(providers, provider_options, disabled_optimizers)
onnxruntime.capi.onnxruntime_pybind11_state.Fail: [ONNXRuntimeError] : 1 : FAIL : Create state function failed. Return value:-1
<br/></div></td></tr></tbody>
      <tbody class="failed results-table-row">
        <tr>
          <td class="col-result">Failed</td>
          <td class="col-name">test_tidl_unit.py::test_tidl_unit_operator[DequantizeLinear_59]</td>
          <td>1</td>
          <td>True</td>
          <td class="col-duration">0.10</td>
          <td class="col-links"></td></tr>
        <tr>
          <td class="extra" colspan="6">
            <div class="log">[gw10] linux -- Python 3.10.16 /home/tidl/.pyenv/versions/benchmark/bin/python3<br/>[gw10] linux -- Python 3.10.16 /home/tidl/.pyenv/versions/benchmark/bin/python3[gw10] linux -- Python 3.10.16 /home/tidl/.pyenv/versions/benchmark/bin/python3<br/><br/>no_subprocess = False, tidl_offload = True, run_infer = True, operator_tests_root_fixture = &#x27;tidl_unit_test_data/operator/&#x27;<br/>test_name = &#x27;DequantizeLinear_59&#x27;<br/><br/>    @pytest.mark.parametrize((&quot;test_name&quot;), operator_tests_to_run)<br/>    def test_tidl_unit_operator(no_subprocess : bool, tidl_offload : bool, run_infer : bool, operator_tests_root_fixture : str, test_name : str):<br/>        &#x27;&#x27;&#x27;<br/>        Pytest for tidl unit operator tests using the edgeai-benchmark framework<br/>        &#x27;&#x27;&#x27;<br/>        testdir_parent = operator_tests_root_fixture<br/>        for i in range(len(operator_tests_to_run)):<br/>            if operator_tests_to_run[i] == test_name:<br/>                testdir_parent = operator_tests_parent_dir[i]<br/>                break<br/>    <br/>&gt;       perform_tidl_unit(no_subprocess=no_subprocess,<br/>                          tidl_offload    = tidl_offload,<br/>                          run_infer       = run_infer,<br/>                          test_name       = test_name,<br/>                          test_suite      = &quot;operator&quot;,<br/>                          testdir_parent  = testdir_parent)<br/><br/>test_tidl_unit.py:70: <br/>_ _ _ _ _ _ _ _ _ _ _ _ _ _ _ _ _ _ _ _ _ _ _ _ _ _ _ _ _ _ _ _ _ _ _ _ _ _ _ _ <br/>test_tidl_unit.py:89: in perform_tidl_unit<br/>    perform_tidl_unit_subprocess(tidl_offload    = tidl_offload,<br/>_ _ _ _ _ _ _ _ _ _ _ _ _ _ _ _ _ _ _ _ _ _ _ _ _ _ _ _ _ _ _ _ _ _ _ _ _ _ _ _ <br/><br/>tidl_offload = True, run_infer = True, test_name = &#x27;DequantizeLinear_59&#x27;, test_suite = &#x27;operator&#x27;<br/>testdir_parent = &#x27;tidl_unit_test_data/operator/DequantizeLinear&#x27;<br/><br/>    def perform_tidl_unit_subprocess(tidl_offload : bool, run_infer : bool, test_name : str, test_suite : str, testdir_parent : str):<br/>        &#x27;&#x27;&#x27;<br/>        Perform an tidl unit test using a subprocess (in order to properly capture output for fatal errors)<br/>        Called by perform_tidl_unit<br/>        &#x27;&#x27;&#x27;<br/>    <br/>        kwargs = {&quot;tidl_offload&quot;   : tidl_offload,<br/>                  &quot;run_infer&quot;      : run_infer,<br/>                  &quot;test_name&quot;      : test_name,<br/>                  &quot;test_suite&quot;     : test_suite,<br/>                  &quot;testdir_parent&quot; : testdir_parent}<br/>    <br/>        p = Process(target=perform_tidl_unit_oneprocess, kwargs=kwargs)<br/>        p.start()<br/>    <br/>    <br/>        # Note: This timeout parameter must be lower than the pytest-timeout parameter<br/>        #       passed to the pytest command (on the command line or in pytest.ini)<br/>        p.join(timeout=600)<br/>        if p.is_alive():<br/>            p.terminate()<br/>    <br/>            # Cleanup leftover files<br/>            for f in glob.glob(&quot;/dev/shm/vashm_buff_*&quot;):<br/>                os.remove(f)<br/>    <br/>&gt;       assert p.exitcode == 0, f&quot;Received nonzero exit code: {p.exitcode}&quot;<br/><span class="error">E       AssertionError: Received nonzero exit code: 1</span><br/><span class="error">E       assert 1 == 0</span><br/><span class="error">E        +  where 1 = &lt;Process name=&#x27;Process-1&#x27; pid=1854459 parent=1853147 stopped exitcode=1&gt;.exitcode</span><br/><br/>test_tidl_unit.py:123: AssertionError[gw10] linux -- Python 3.10.16 /home/tidl/.pyenv/versions/benchmark/bin/python3<br/> ------------------------------Captured stdout call------------------------------ <br/>libtidl_onnxrt_EP loaded 0x57a5a51f48d0 
Final number of subgraphs created are : 1, - Offloaded Nodes - 1, Total Nodes - 1 
Invoke  : ERROR: Unable to open network file ./work_dirs/modelartifacts/8bits/DequantizeLinear_59/artifacts/subgraph_0_tidl_net.bin 
<br/> ------------------------------Captured stderr call------------------------------ <br/>Process Process-1:
Traceback (most recent call last):
  File &quot;/home/tidl/.pyenv/versions/3.10.16/lib/python3.10/multiprocessing/process.py&quot;, line 314, in _bootstrap
    self.run()
  File &quot;/home/tidl/.pyenv/versions/3.10.16/lib/python3.10/multiprocessing/process.py&quot;, line 108, in run
    self._target(*self._args, **self._kwargs)
  File &quot;/home/tidl/pranav/edgeai-benchmark/tests/tidl_unit/test_tidl_unit.py&quot;, line 167, in perform_tidl_unit_oneprocess
    results_list = onnxruntime_wrapper.run_inference(tidl_unit_dataset[0])
  File &quot;/home/tidl/pranav/edgeai-benchmark/edgeai_benchmark/core/onnxrt_runtime.py&quot;, line 78, in run_inference
    self.start_inference()
  File &quot;/home/tidl/pranav/edgeai-benchmark/edgeai_benchmark/core/onnxrt_runtime.py&quot;, line 70, in start_inference
    self.interpreter = self._create_interpreter(is_import=False)
  File &quot;/home/tidl/pranav/edgeai-benchmark/edgeai_benchmark/core/onnxrt_runtime.py&quot;, line 120, in _create_interpreter
    interpreter = onnxruntime.InferenceSession(self.kwargs[&#x27;model_file&#x27;], providers=ep_list,
  File &quot;/home/tidl/.pyenv/versions/benchmark/lib/python3.10/site-packages/onnxruntime/capi/onnxruntime_inference_collection.py&quot;, line 387, in __init__
    self._create_inference_session(providers, provider_options, disabled_optimizers)
  File &quot;/home/tidl/.pyenv/versions/benchmark/lib/python3.10/site-packages/onnxruntime/capi/onnxruntime_inference_collection.py&quot;, line 439, in _create_inference_session
    sess.initialize_session(providers, provider_options, disabled_optimizers)
onnxruntime.capi.onnxruntime_pybind11_state.Fail: [ONNXRuntimeError] : 1 : FAIL : Create state function failed. Return value:-1
<br/></div></td></tr></tbody>
      <tbody class="failed results-table-row">
        <tr>
          <td class="col-result">Failed</td>
          <td class="col-name">test_tidl_unit.py::test_tidl_unit_operator[DequantizeLinear_62]</td>
          <td>1</td>
          <td>True</td>
          <td class="col-duration">0.09</td>
          <td class="col-links"></td></tr>
        <tr>
          <td class="extra" colspan="6">
            <div class="log">[gw13] linux -- Python 3.10.16 /home/tidl/.pyenv/versions/benchmark/bin/python3<br/>[gw13] linux -- Python 3.10.16 /home/tidl/.pyenv/versions/benchmark/bin/python3[gw13] linux -- Python 3.10.16 /home/tidl/.pyenv/versions/benchmark/bin/python3<br/><br/>no_subprocess = False, tidl_offload = True, run_infer = True, operator_tests_root_fixture = &#x27;tidl_unit_test_data/operator/&#x27;<br/>test_name = &#x27;DequantizeLinear_62&#x27;<br/><br/>    @pytest.mark.parametrize((&quot;test_name&quot;), operator_tests_to_run)<br/>    def test_tidl_unit_operator(no_subprocess : bool, tidl_offload : bool, run_infer : bool, operator_tests_root_fixture : str, test_name : str):<br/>        &#x27;&#x27;&#x27;<br/>        Pytest for tidl unit operator tests using the edgeai-benchmark framework<br/>        &#x27;&#x27;&#x27;<br/>        testdir_parent = operator_tests_root_fixture<br/>        for i in range(len(operator_tests_to_run)):<br/>            if operator_tests_to_run[i] == test_name:<br/>                testdir_parent = operator_tests_parent_dir[i]<br/>                break<br/>    <br/>&gt;       perform_tidl_unit(no_subprocess=no_subprocess,<br/>                          tidl_offload    = tidl_offload,<br/>                          run_infer       = run_infer,<br/>                          test_name       = test_name,<br/>                          test_suite      = &quot;operator&quot;,<br/>                          testdir_parent  = testdir_parent)<br/><br/>test_tidl_unit.py:70: <br/>_ _ _ _ _ _ _ _ _ _ _ _ _ _ _ _ _ _ _ _ _ _ _ _ _ _ _ _ _ _ _ _ _ _ _ _ _ _ _ _ <br/>test_tidl_unit.py:89: in perform_tidl_unit<br/>    perform_tidl_unit_subprocess(tidl_offload    = tidl_offload,<br/>_ _ _ _ _ _ _ _ _ _ _ _ _ _ _ _ _ _ _ _ _ _ _ _ _ _ _ _ _ _ _ _ _ _ _ _ _ _ _ _ <br/><br/>tidl_offload = True, run_infer = True, test_name = &#x27;DequantizeLinear_62&#x27;, test_suite = &#x27;operator&#x27;<br/>testdir_parent = &#x27;tidl_unit_test_data/operator/DequantizeLinear&#x27;<br/><br/>    def perform_tidl_unit_subprocess(tidl_offload : bool, run_infer : bool, test_name : str, test_suite : str, testdir_parent : str):<br/>        &#x27;&#x27;&#x27;<br/>        Perform an tidl unit test using a subprocess (in order to properly capture output for fatal errors)<br/>        Called by perform_tidl_unit<br/>        &#x27;&#x27;&#x27;<br/>    <br/>        kwargs = {&quot;tidl_offload&quot;   : tidl_offload,<br/>                  &quot;run_infer&quot;      : run_infer,<br/>                  &quot;test_name&quot;      : test_name,<br/>                  &quot;test_suite&quot;     : test_suite,<br/>                  &quot;testdir_parent&quot; : testdir_parent}<br/>    <br/>        p = Process(target=perform_tidl_unit_oneprocess, kwargs=kwargs)<br/>        p.start()<br/>    <br/>    <br/>        # Note: This timeout parameter must be lower than the pytest-timeout parameter<br/>        #       passed to the pytest command (on the command line or in pytest.ini)<br/>        p.join(timeout=600)<br/>        if p.is_alive():<br/>            p.terminate()<br/>    <br/>            # Cleanup leftover files<br/>            for f in glob.glob(&quot;/dev/shm/vashm_buff_*&quot;):<br/>                os.remove(f)<br/>    <br/>&gt;       assert p.exitcode == 0, f&quot;Received nonzero exit code: {p.exitcode}&quot;<br/><span class="error">E       AssertionError: Received nonzero exit code: 1</span><br/><span class="error">E       assert 1 == 0</span><br/><span class="error">E        +  where 1 = &lt;Process name=&#x27;Process-1&#x27; pid=1854469 parent=1853312 stopped exitcode=1&gt;.exitcode</span><br/><br/>test_tidl_unit.py:123: AssertionError[gw13] linux -- Python 3.10.16 /home/tidl/.pyenv/versions/benchmark/bin/python3<br/> ------------------------------Captured stdout call------------------------------ <br/>libtidl_onnxrt_EP loaded 0x5d2d093899b0 
Final number of subgraphs created are : 1, - Offloaded Nodes - 1, Total Nodes - 1 
Invoke  : ERROR: Unable to open network file ./work_dirs/modelartifacts/8bits/DequantizeLinear_62/artifacts/subgraph_0_tidl_net.bin 
<br/> ------------------------------Captured stderr call------------------------------ <br/>Process Process-1:
Traceback (most recent call last):
  File &quot;/home/tidl/.pyenv/versions/3.10.16/lib/python3.10/multiprocessing/process.py&quot;, line 314, in _bootstrap
    self.run()
  File &quot;/home/tidl/.pyenv/versions/3.10.16/lib/python3.10/multiprocessing/process.py&quot;, line 108, in run
    self._target(*self._args, **self._kwargs)
  File &quot;/home/tidl/pranav/edgeai-benchmark/tests/tidl_unit/test_tidl_unit.py&quot;, line 167, in perform_tidl_unit_oneprocess
    results_list = onnxruntime_wrapper.run_inference(tidl_unit_dataset[0])
  File &quot;/home/tidl/pranav/edgeai-benchmark/edgeai_benchmark/core/onnxrt_runtime.py&quot;, line 78, in run_inference
    self.start_inference()
  File &quot;/home/tidl/pranav/edgeai-benchmark/edgeai_benchmark/core/onnxrt_runtime.py&quot;, line 70, in start_inference
    self.interpreter = self._create_interpreter(is_import=False)
  File &quot;/home/tidl/pranav/edgeai-benchmark/edgeai_benchmark/core/onnxrt_runtime.py&quot;, line 120, in _create_interpreter
    interpreter = onnxruntime.InferenceSession(self.kwargs[&#x27;model_file&#x27;], providers=ep_list,
  File &quot;/home/tidl/.pyenv/versions/benchmark/lib/python3.10/site-packages/onnxruntime/capi/onnxruntime_inference_collection.py&quot;, line 387, in __init__
    self._create_inference_session(providers, provider_options, disabled_optimizers)
  File &quot;/home/tidl/.pyenv/versions/benchmark/lib/python3.10/site-packages/onnxruntime/capi/onnxruntime_inference_collection.py&quot;, line 439, in _create_inference_session
    sess.initialize_session(providers, provider_options, disabled_optimizers)
onnxruntime.capi.onnxruntime_pybind11_state.Fail: [ONNXRuntimeError] : 1 : FAIL : Create state function failed. Return value:-1
<br/></div></td></tr></tbody>
      <tbody class="failed results-table-row">
        <tr>
          <td class="col-result">Failed</td>
          <td class="col-name">test_tidl_unit.py::test_tidl_unit_operator[DequantizeLinear_47]</td>
          <td>1</td>
          <td>True</td>
          <td class="col-duration">0.10</td>
          <td class="col-links"></td></tr>
        <tr>
          <td class="extra" colspan="6">
            <div class="log">[gw1] linux -- Python 3.10.16 /home/tidl/.pyenv/versions/benchmark/bin/python3<br/>[gw1] linux -- Python 3.10.16 /home/tidl/.pyenv/versions/benchmark/bin/python3[gw1] linux -- Python 3.10.16 /home/tidl/.pyenv/versions/benchmark/bin/python3<br/><br/>no_subprocess = False, tidl_offload = True, run_infer = True, operator_tests_root_fixture = &#x27;tidl_unit_test_data/operator/&#x27;<br/>test_name = &#x27;DequantizeLinear_47&#x27;<br/><br/>    @pytest.mark.parametrize((&quot;test_name&quot;), operator_tests_to_run)<br/>    def test_tidl_unit_operator(no_subprocess : bool, tidl_offload : bool, run_infer : bool, operator_tests_root_fixture : str, test_name : str):<br/>        &#x27;&#x27;&#x27;<br/>        Pytest for tidl unit operator tests using the edgeai-benchmark framework<br/>        &#x27;&#x27;&#x27;<br/>        testdir_parent = operator_tests_root_fixture<br/>        for i in range(len(operator_tests_to_run)):<br/>            if operator_tests_to_run[i] == test_name:<br/>                testdir_parent = operator_tests_parent_dir[i]<br/>                break<br/>    <br/>&gt;       perform_tidl_unit(no_subprocess=no_subprocess,<br/>                          tidl_offload    = tidl_offload,<br/>                          run_infer       = run_infer,<br/>                          test_name       = test_name,<br/>                          test_suite      = &quot;operator&quot;,<br/>                          testdir_parent  = testdir_parent)<br/><br/>test_tidl_unit.py:70: <br/>_ _ _ _ _ _ _ _ _ _ _ _ _ _ _ _ _ _ _ _ _ _ _ _ _ _ _ _ _ _ _ _ _ _ _ _ _ _ _ _ <br/>test_tidl_unit.py:89: in perform_tidl_unit<br/>    perform_tidl_unit_subprocess(tidl_offload    = tidl_offload,<br/>_ _ _ _ _ _ _ _ _ _ _ _ _ _ _ _ _ _ _ _ _ _ _ _ _ _ _ _ _ _ _ _ _ _ _ _ _ _ _ _ <br/><br/>tidl_offload = True, run_infer = True, test_name = &#x27;DequantizeLinear_47&#x27;, test_suite = &#x27;operator&#x27;<br/>testdir_parent = &#x27;tidl_unit_test_data/operator/DequantizeLinear&#x27;<br/><br/>    def perform_tidl_unit_subprocess(tidl_offload : bool, run_infer : bool, test_name : str, test_suite : str, testdir_parent : str):<br/>        &#x27;&#x27;&#x27;<br/>        Perform an tidl unit test using a subprocess (in order to properly capture output for fatal errors)<br/>        Called by perform_tidl_unit<br/>        &#x27;&#x27;&#x27;<br/>    <br/>        kwargs = {&quot;tidl_offload&quot;   : tidl_offload,<br/>                  &quot;run_infer&quot;      : run_infer,<br/>                  &quot;test_name&quot;      : test_name,<br/>                  &quot;test_suite&quot;     : test_suite,<br/>                  &quot;testdir_parent&quot; : testdir_parent}<br/>    <br/>        p = Process(target=perform_tidl_unit_oneprocess, kwargs=kwargs)<br/>        p.start()<br/>    <br/>    <br/>        # Note: This timeout parameter must be lower than the pytest-timeout parameter<br/>        #       passed to the pytest command (on the command line or in pytest.ini)<br/>        p.join(timeout=600)<br/>        if p.is_alive():<br/>            p.terminate()<br/>    <br/>            # Cleanup leftover files<br/>            for f in glob.glob(&quot;/dev/shm/vashm_buff_*&quot;):<br/>                os.remove(f)<br/>    <br/>&gt;       assert p.exitcode == 0, f&quot;Received nonzero exit code: {p.exitcode}&quot;<br/><span class="error">E       AssertionError: Received nonzero exit code: 1</span><br/><span class="error">E       assert 1 == 0</span><br/><span class="error">E        +  where 1 = &lt;Process name=&#x27;Process-1&#x27; pid=1854456 parent=1852865 stopped exitcode=1&gt;.exitcode</span><br/><br/>test_tidl_unit.py:123: AssertionError[gw1] linux -- Python 3.10.16 /home/tidl/.pyenv/versions/benchmark/bin/python3<br/> ------------------------------Captured stdout call------------------------------ <br/>libtidl_onnxrt_EP loaded 0x5b6ea4bd9f00 
Final number of subgraphs created are : 1, - Offloaded Nodes - 1, Total Nodes - 1 
Invoke  : ERROR: Unable to open network file ./work_dirs/modelartifacts/8bits/DequantizeLinear_47/artifacts/subgraph_0_tidl_net.bin 
<br/> ------------------------------Captured stderr call------------------------------ <br/>Process Process-1:
Traceback (most recent call last):
  File &quot;/home/tidl/.pyenv/versions/3.10.16/lib/python3.10/multiprocessing/process.py&quot;, line 314, in _bootstrap
    self.run()
  File &quot;/home/tidl/.pyenv/versions/3.10.16/lib/python3.10/multiprocessing/process.py&quot;, line 108, in run
    self._target(*self._args, **self._kwargs)
  File &quot;/home/tidl/pranav/edgeai-benchmark/tests/tidl_unit/test_tidl_unit.py&quot;, line 167, in perform_tidl_unit_oneprocess
    results_list = onnxruntime_wrapper.run_inference(tidl_unit_dataset[0])
  File &quot;/home/tidl/pranav/edgeai-benchmark/edgeai_benchmark/core/onnxrt_runtime.py&quot;, line 78, in run_inference
    self.start_inference()
  File &quot;/home/tidl/pranav/edgeai-benchmark/edgeai_benchmark/core/onnxrt_runtime.py&quot;, line 70, in start_inference
    self.interpreter = self._create_interpreter(is_import=False)
  File &quot;/home/tidl/pranav/edgeai-benchmark/edgeai_benchmark/core/onnxrt_runtime.py&quot;, line 120, in _create_interpreter
    interpreter = onnxruntime.InferenceSession(self.kwargs[&#x27;model_file&#x27;], providers=ep_list,
  File &quot;/home/tidl/.pyenv/versions/benchmark/lib/python3.10/site-packages/onnxruntime/capi/onnxruntime_inference_collection.py&quot;, line 387, in __init__
    self._create_inference_session(providers, provider_options, disabled_optimizers)
  File &quot;/home/tidl/.pyenv/versions/benchmark/lib/python3.10/site-packages/onnxruntime/capi/onnxruntime_inference_collection.py&quot;, line 439, in _create_inference_session
    sess.initialize_session(providers, provider_options, disabled_optimizers)
onnxruntime.capi.onnxruntime_pybind11_state.Fail: [ONNXRuntimeError] : 1 : FAIL : Create state function failed. Return value:-1
<br/></div></td></tr></tbody>
      <tbody class="failed results-table-row">
        <tr>
          <td class="col-result">Failed</td>
          <td class="col-name">test_tidl_unit.py::test_tidl_unit_operator[DequantizeLinear_29]</td>
          <td>1</td>
          <td>True</td>
          <td class="col-duration">0.18</td>
          <td class="col-links"></td></tr>
        <tr>
          <td class="extra" colspan="6">
            <div class="log">[gw0] linux -- Python 3.10.16 /home/tidl/.pyenv/versions/benchmark/bin/python3<br/>[gw0] linux -- Python 3.10.16 /home/tidl/.pyenv/versions/benchmark/bin/python3[gw0] linux -- Python 3.10.16 /home/tidl/.pyenv/versions/benchmark/bin/python3<br/><br/>no_subprocess = False, tidl_offload = True, run_infer = True, operator_tests_root_fixture = &#x27;tidl_unit_test_data/operator/&#x27;<br/>test_name = &#x27;DequantizeLinear_29&#x27;<br/><br/>    @pytest.mark.parametrize((&quot;test_name&quot;), operator_tests_to_run)<br/>    def test_tidl_unit_operator(no_subprocess : bool, tidl_offload : bool, run_infer : bool, operator_tests_root_fixture : str, test_name : str):<br/>        &#x27;&#x27;&#x27;<br/>        Pytest for tidl unit operator tests using the edgeai-benchmark framework<br/>        &#x27;&#x27;&#x27;<br/>        testdir_parent = operator_tests_root_fixture<br/>        for i in range(len(operator_tests_to_run)):<br/>            if operator_tests_to_run[i] == test_name:<br/>                testdir_parent = operator_tests_parent_dir[i]<br/>                break<br/>    <br/>&gt;       perform_tidl_unit(no_subprocess=no_subprocess,<br/>                          tidl_offload    = tidl_offload,<br/>                          run_infer       = run_infer,<br/>                          test_name       = test_name,<br/>                          test_suite      = &quot;operator&quot;,<br/>                          testdir_parent  = testdir_parent)<br/><br/>test_tidl_unit.py:70: <br/>_ _ _ _ _ _ _ _ _ _ _ _ _ _ _ _ _ _ _ _ _ _ _ _ _ _ _ _ _ _ _ _ _ _ _ _ _ _ _ _ <br/>test_tidl_unit.py:89: in perform_tidl_unit<br/>    perform_tidl_unit_subprocess(tidl_offload    = tidl_offload,<br/>_ _ _ _ _ _ _ _ _ _ _ _ _ _ _ _ _ _ _ _ _ _ _ _ _ _ _ _ _ _ _ _ _ _ _ _ _ _ _ _ <br/><br/>tidl_offload = True, run_infer = True, test_name = &#x27;DequantizeLinear_29&#x27;, test_suite = &#x27;operator&#x27;<br/>testdir_parent = &#x27;tidl_unit_test_data/operator/DequantizeLinear&#x27;<br/><br/>    def perform_tidl_unit_subprocess(tidl_offload : bool, run_infer : bool, test_name : str, test_suite : str, testdir_parent : str):<br/>        &#x27;&#x27;&#x27;<br/>        Perform an tidl unit test using a subprocess (in order to properly capture output for fatal errors)<br/>        Called by perform_tidl_unit<br/>        &#x27;&#x27;&#x27;<br/>    <br/>        kwargs = {&quot;tidl_offload&quot;   : tidl_offload,<br/>                  &quot;run_infer&quot;      : run_infer,<br/>                  &quot;test_name&quot;      : test_name,<br/>                  &quot;test_suite&quot;     : test_suite,<br/>                  &quot;testdir_parent&quot; : testdir_parent}<br/>    <br/>        p = Process(target=perform_tidl_unit_oneprocess, kwargs=kwargs)<br/>        p.start()<br/>    <br/>    <br/>        # Note: This timeout parameter must be lower than the pytest-timeout parameter<br/>        #       passed to the pytest command (on the command line or in pytest.ini)<br/>        p.join(timeout=600)<br/>        if p.is_alive():<br/>            p.terminate()<br/>    <br/>            # Cleanup leftover files<br/>            for f in glob.glob(&quot;/dev/shm/vashm_buff_*&quot;):<br/>                os.remove(f)<br/>    <br/>&gt;       assert p.exitcode == 0, f&quot;Received nonzero exit code: {p.exitcode}&quot;<br/><span class="error">E       AssertionError: Received nonzero exit code: -11</span><br/><span class="error">E       assert -11 == 0</span><br/><span class="error">E        +  where -11 = &lt;Process name=&#x27;Process-1&#x27; pid=1854446 parent=1852862 stopped exitcode=-SIGSEGV&gt;.exitcode</span><br/><br/>test_tidl_unit.py:123: AssertionError[gw0] linux -- Python 3.10.16 /home/tidl/.pyenv/versions/benchmark/bin/python3<br/> ------------------------------Captured stdout call------------------------------ <br/>libtidl_onnxrt_EP loaded 0x5587fa7980b0 
Final number of subgraphs created are : 1, - Offloaded Nodes - 1, Total Nodes - 1 
Invoke  : ERROR: Unable to open network file ./work_dirs/modelartifacts/8bits/DequantizeLinear_29/artifacts/subgraph_0_tidl_net.bin 
<br/></div></td></tr></tbody>
      <tbody class="failed results-table-row">
        <tr>
          <td class="col-result">Failed</td>
          <td class="col-name">test_tidl_unit.py::test_tidl_unit_operator[DequantizeLinear_56]</td>
          <td>1</td>
          <td>True</td>
          <td class="col-duration">0.10</td>
          <td class="col-links"></td></tr>
        <tr>
          <td class="extra" colspan="6">
            <div class="log">[gw5] linux -- Python 3.10.16 /home/tidl/.pyenv/versions/benchmark/bin/python3<br/>[gw5] linux -- Python 3.10.16 /home/tidl/.pyenv/versions/benchmark/bin/python3[gw5] linux -- Python 3.10.16 /home/tidl/.pyenv/versions/benchmark/bin/python3<br/><br/>no_subprocess = False, tidl_offload = True, run_infer = True, operator_tests_root_fixture = &#x27;tidl_unit_test_data/operator/&#x27;<br/>test_name = &#x27;DequantizeLinear_56&#x27;<br/><br/>    @pytest.mark.parametrize((&quot;test_name&quot;), operator_tests_to_run)<br/>    def test_tidl_unit_operator(no_subprocess : bool, tidl_offload : bool, run_infer : bool, operator_tests_root_fixture : str, test_name : str):<br/>        &#x27;&#x27;&#x27;<br/>        Pytest for tidl unit operator tests using the edgeai-benchmark framework<br/>        &#x27;&#x27;&#x27;<br/>        testdir_parent = operator_tests_root_fixture<br/>        for i in range(len(operator_tests_to_run)):<br/>            if operator_tests_to_run[i] == test_name:<br/>                testdir_parent = operator_tests_parent_dir[i]<br/>                break<br/>    <br/>&gt;       perform_tidl_unit(no_subprocess=no_subprocess,<br/>                          tidl_offload    = tidl_offload,<br/>                          run_infer       = run_infer,<br/>                          test_name       = test_name,<br/>                          test_suite      = &quot;operator&quot;,<br/>                          testdir_parent  = testdir_parent)<br/><br/>test_tidl_unit.py:70: <br/>_ _ _ _ _ _ _ _ _ _ _ _ _ _ _ _ _ _ _ _ _ _ _ _ _ _ _ _ _ _ _ _ _ _ _ _ _ _ _ _ <br/>test_tidl_unit.py:89: in perform_tidl_unit<br/>    perform_tidl_unit_subprocess(tidl_offload    = tidl_offload,<br/>_ _ _ _ _ _ _ _ _ _ _ _ _ _ _ _ _ _ _ _ _ _ _ _ _ _ _ _ _ _ _ _ _ _ _ _ _ _ _ _ <br/><br/>tidl_offload = True, run_infer = True, test_name = &#x27;DequantizeLinear_56&#x27;, test_suite = &#x27;operator&#x27;<br/>testdir_parent = &#x27;tidl_unit_test_data/operator/DequantizeLinear&#x27;<br/><br/>    def perform_tidl_unit_subprocess(tidl_offload : bool, run_infer : bool, test_name : str, test_suite : str, testdir_parent : str):<br/>        &#x27;&#x27;&#x27;<br/>        Perform an tidl unit test using a subprocess (in order to properly capture output for fatal errors)<br/>        Called by perform_tidl_unit<br/>        &#x27;&#x27;&#x27;<br/>    <br/>        kwargs = {&quot;tidl_offload&quot;   : tidl_offload,<br/>                  &quot;run_infer&quot;      : run_infer,<br/>                  &quot;test_name&quot;      : test_name,<br/>                  &quot;test_suite&quot;     : test_suite,<br/>                  &quot;testdir_parent&quot; : testdir_parent}<br/>    <br/>        p = Process(target=perform_tidl_unit_oneprocess, kwargs=kwargs)<br/>        p.start()<br/>    <br/>    <br/>        # Note: This timeout parameter must be lower than the pytest-timeout parameter<br/>        #       passed to the pytest command (on the command line or in pytest.ini)<br/>        p.join(timeout=600)<br/>        if p.is_alive():<br/>            p.terminate()<br/>    <br/>            # Cleanup leftover files<br/>            for f in glob.glob(&quot;/dev/shm/vashm_buff_*&quot;):<br/>                os.remove(f)<br/>    <br/>&gt;       assert p.exitcode == 0, f&quot;Received nonzero exit code: {p.exitcode}&quot;<br/><span class="error">E       AssertionError: Received nonzero exit code: 1</span><br/><span class="error">E       assert 1 == 0</span><br/><span class="error">E        +  where 1 = &lt;Process name=&#x27;Process-1&#x27; pid=1854448 parent=1852879 stopped exitcode=1&gt;.exitcode</span><br/><br/>test_tidl_unit.py:123: AssertionError[gw5] linux -- Python 3.10.16 /home/tidl/.pyenv/versions/benchmark/bin/python3<br/> ------------------------------Captured stdout call------------------------------ <br/>libtidl_onnxrt_EP loaded 0x60d0eed0d970 
Final number of subgraphs created are : 1, - Offloaded Nodes - 1, Total Nodes - 1 
Invoke  : ERROR: Unable to open network file ./work_dirs/modelartifacts/8bits/DequantizeLinear_56/artifacts/subgraph_0_tidl_net.bin 
<br/> ------------------------------Captured stderr call------------------------------ <br/>Process Process-1:
Traceback (most recent call last):
  File &quot;/home/tidl/.pyenv/versions/3.10.16/lib/python3.10/multiprocessing/process.py&quot;, line 314, in _bootstrap
    self.run()
  File &quot;/home/tidl/.pyenv/versions/3.10.16/lib/python3.10/multiprocessing/process.py&quot;, line 108, in run
    self._target(*self._args, **self._kwargs)
  File &quot;/home/tidl/pranav/edgeai-benchmark/tests/tidl_unit/test_tidl_unit.py&quot;, line 167, in perform_tidl_unit_oneprocess
    results_list = onnxruntime_wrapper.run_inference(tidl_unit_dataset[0])
  File &quot;/home/tidl/pranav/edgeai-benchmark/edgeai_benchmark/core/onnxrt_runtime.py&quot;, line 78, in run_inference
    self.start_inference()
  File &quot;/home/tidl/pranav/edgeai-benchmark/edgeai_benchmark/core/onnxrt_runtime.py&quot;, line 70, in start_inference
    self.interpreter = self._create_interpreter(is_import=False)
  File &quot;/home/tidl/pranav/edgeai-benchmark/edgeai_benchmark/core/onnxrt_runtime.py&quot;, line 120, in _create_interpreter
    interpreter = onnxruntime.InferenceSession(self.kwargs[&#x27;model_file&#x27;], providers=ep_list,
  File &quot;/home/tidl/.pyenv/versions/benchmark/lib/python3.10/site-packages/onnxruntime/capi/onnxruntime_inference_collection.py&quot;, line 387, in __init__
    self._create_inference_session(providers, provider_options, disabled_optimizers)
  File &quot;/home/tidl/.pyenv/versions/benchmark/lib/python3.10/site-packages/onnxruntime/capi/onnxruntime_inference_collection.py&quot;, line 439, in _create_inference_session
    sess.initialize_session(providers, provider_options, disabled_optimizers)
onnxruntime.capi.onnxruntime_pybind11_state.Fail: [ONNXRuntimeError] : 1 : FAIL : Create state function failed. Return value:-1
<br/></div></td></tr></tbody>
      <tbody class="failed results-table-row">
        <tr>
          <td class="col-result">Failed</td>
          <td class="col-name">test_tidl_unit.py::test_tidl_unit_operator[DequantizeLinear_41]</td>
          <td>1</td>
          <td>True</td>
          <td class="col-duration">0.10</td>
          <td class="col-links"></td></tr>
        <tr>
          <td class="extra" colspan="6">
            <div class="log">[gw7] linux -- Python 3.10.16 /home/tidl/.pyenv/versions/benchmark/bin/python3<br/>[gw7] linux -- Python 3.10.16 /home/tidl/.pyenv/versions/benchmark/bin/python3[gw7] linux -- Python 3.10.16 /home/tidl/.pyenv/versions/benchmark/bin/python3<br/><br/>no_subprocess = False, tidl_offload = True, run_infer = True, operator_tests_root_fixture = &#x27;tidl_unit_test_data/operator/&#x27;<br/>test_name = &#x27;DequantizeLinear_41&#x27;<br/><br/>    @pytest.mark.parametrize((&quot;test_name&quot;), operator_tests_to_run)<br/>    def test_tidl_unit_operator(no_subprocess : bool, tidl_offload : bool, run_infer : bool, operator_tests_root_fixture : str, test_name : str):<br/>        &#x27;&#x27;&#x27;<br/>        Pytest for tidl unit operator tests using the edgeai-benchmark framework<br/>        &#x27;&#x27;&#x27;<br/>        testdir_parent = operator_tests_root_fixture<br/>        for i in range(len(operator_tests_to_run)):<br/>            if operator_tests_to_run[i] == test_name:<br/>                testdir_parent = operator_tests_parent_dir[i]<br/>                break<br/>    <br/>&gt;       perform_tidl_unit(no_subprocess=no_subprocess,<br/>                          tidl_offload    = tidl_offload,<br/>                          run_infer       = run_infer,<br/>                          test_name       = test_name,<br/>                          test_suite      = &quot;operator&quot;,<br/>                          testdir_parent  = testdir_parent)<br/><br/>test_tidl_unit.py:70: <br/>_ _ _ _ _ _ _ _ _ _ _ _ _ _ _ _ _ _ _ _ _ _ _ _ _ _ _ _ _ _ _ _ _ _ _ _ _ _ _ _ <br/>test_tidl_unit.py:89: in perform_tidl_unit<br/>    perform_tidl_unit_subprocess(tidl_offload    = tidl_offload,<br/>_ _ _ _ _ _ _ _ _ _ _ _ _ _ _ _ _ _ _ _ _ _ _ _ _ _ _ _ _ _ _ _ _ _ _ _ _ _ _ _ <br/><br/>tidl_offload = True, run_infer = True, test_name = &#x27;DequantizeLinear_41&#x27;, test_suite = &#x27;operator&#x27;<br/>testdir_parent = &#x27;tidl_unit_test_data/operator/DequantizeLinear&#x27;<br/><br/>    def perform_tidl_unit_subprocess(tidl_offload : bool, run_infer : bool, test_name : str, test_suite : str, testdir_parent : str):<br/>        &#x27;&#x27;&#x27;<br/>        Perform an tidl unit test using a subprocess (in order to properly capture output for fatal errors)<br/>        Called by perform_tidl_unit<br/>        &#x27;&#x27;&#x27;<br/>    <br/>        kwargs = {&quot;tidl_offload&quot;   : tidl_offload,<br/>                  &quot;run_infer&quot;      : run_infer,<br/>                  &quot;test_name&quot;      : test_name,<br/>                  &quot;test_suite&quot;     : test_suite,<br/>                  &quot;testdir_parent&quot; : testdir_parent}<br/>    <br/>        p = Process(target=perform_tidl_unit_oneprocess, kwargs=kwargs)<br/>        p.start()<br/>    <br/>    <br/>        # Note: This timeout parameter must be lower than the pytest-timeout parameter<br/>        #       passed to the pytest command (on the command line or in pytest.ini)<br/>        p.join(timeout=600)<br/>        if p.is_alive():<br/>            p.terminate()<br/>    <br/>            # Cleanup leftover files<br/>            for f in glob.glob(&quot;/dev/shm/vashm_buff_*&quot;):<br/>                os.remove(f)<br/>    <br/>&gt;       assert p.exitcode == 0, f&quot;Received nonzero exit code: {p.exitcode}&quot;<br/><span class="error">E       AssertionError: Received nonzero exit code: 1</span><br/><span class="error">E       assert 1 == 0</span><br/><span class="error">E        +  where 1 = &lt;Process name=&#x27;Process-1&#x27; pid=1854458 parent=1852980 stopped exitcode=1&gt;.exitcode</span><br/><br/>test_tidl_unit.py:123: AssertionError[gw7] linux -- Python 3.10.16 /home/tidl/.pyenv/versions/benchmark/bin/python3<br/> ------------------------------Captured stdout call------------------------------ <br/>libtidl_onnxrt_EP loaded 0x6196d0ee23c0 
Final number of subgraphs created are : 1, - Offloaded Nodes - 1, Total Nodes - 1 
Invoke  : ERROR: Unable to open network file ./work_dirs/modelartifacts/8bits/DequantizeLinear_41/artifacts/subgraph_0_tidl_net.bin 
<br/> ------------------------------Captured stderr call------------------------------ <br/>Process Process-1:
Traceback (most recent call last):
  File &quot;/home/tidl/.pyenv/versions/3.10.16/lib/python3.10/multiprocessing/process.py&quot;, line 314, in _bootstrap
    self.run()
  File &quot;/home/tidl/.pyenv/versions/3.10.16/lib/python3.10/multiprocessing/process.py&quot;, line 108, in run
    self._target(*self._args, **self._kwargs)
  File &quot;/home/tidl/pranav/edgeai-benchmark/tests/tidl_unit/test_tidl_unit.py&quot;, line 167, in perform_tidl_unit_oneprocess
    results_list = onnxruntime_wrapper.run_inference(tidl_unit_dataset[0])
  File &quot;/home/tidl/pranav/edgeai-benchmark/edgeai_benchmark/core/onnxrt_runtime.py&quot;, line 78, in run_inference
    self.start_inference()
  File &quot;/home/tidl/pranav/edgeai-benchmark/edgeai_benchmark/core/onnxrt_runtime.py&quot;, line 70, in start_inference
    self.interpreter = self._create_interpreter(is_import=False)
  File &quot;/home/tidl/pranav/edgeai-benchmark/edgeai_benchmark/core/onnxrt_runtime.py&quot;, line 120, in _create_interpreter
    interpreter = onnxruntime.InferenceSession(self.kwargs[&#x27;model_file&#x27;], providers=ep_list,
  File &quot;/home/tidl/.pyenv/versions/benchmark/lib/python3.10/site-packages/onnxruntime/capi/onnxruntime_inference_collection.py&quot;, line 387, in __init__
    self._create_inference_session(providers, provider_options, disabled_optimizers)
  File &quot;/home/tidl/.pyenv/versions/benchmark/lib/python3.10/site-packages/onnxruntime/capi/onnxruntime_inference_collection.py&quot;, line 439, in _create_inference_session
    sess.initialize_session(providers, provider_options, disabled_optimizers)
onnxruntime.capi.onnxruntime_pybind11_state.Fail: [ONNXRuntimeError] : 1 : FAIL : Create state function failed. Return value:-1
<br/></div></td></tr></tbody>
      <tbody class="failed results-table-row">
        <tr>
          <td class="col-result">Failed</td>
          <td class="col-name">test_tidl_unit.py::test_tidl_unit_operator[DequantizeLinear_20]</td>
          <td>1</td>
          <td>True</td>
          <td class="col-duration">0.06</td>
          <td class="col-links"></td></tr>
        <tr>
          <td class="extra" colspan="6">
            <div class="log">[gw4] linux -- Python 3.10.16 /home/tidl/.pyenv/versions/benchmark/bin/python3<br/>[gw4] linux -- Python 3.10.16 /home/tidl/.pyenv/versions/benchmark/bin/python3[gw4] linux -- Python 3.10.16 /home/tidl/.pyenv/versions/benchmark/bin/python3<br/><br/>no_subprocess = False, tidl_offload = True, run_infer = True, operator_tests_root_fixture = &#x27;tidl_unit_test_data/operator/&#x27;<br/>test_name = &#x27;DequantizeLinear_20&#x27;<br/><br/>    @pytest.mark.parametrize((&quot;test_name&quot;), operator_tests_to_run)<br/>    def test_tidl_unit_operator(no_subprocess : bool, tidl_offload : bool, run_infer : bool, operator_tests_root_fixture : str, test_name : str):<br/>        &#x27;&#x27;&#x27;<br/>        Pytest for tidl unit operator tests using the edgeai-benchmark framework<br/>        &#x27;&#x27;&#x27;<br/>        testdir_parent = operator_tests_root_fixture<br/>        for i in range(len(operator_tests_to_run)):<br/>            if operator_tests_to_run[i] == test_name:<br/>                testdir_parent = operator_tests_parent_dir[i]<br/>                break<br/>    <br/>&gt;       perform_tidl_unit(no_subprocess=no_subprocess,<br/>                          tidl_offload    = tidl_offload,<br/>                          run_infer       = run_infer,<br/>                          test_name       = test_name,<br/>                          test_suite      = &quot;operator&quot;,<br/>                          testdir_parent  = testdir_parent)<br/><br/>test_tidl_unit.py:70: <br/>_ _ _ _ _ _ _ _ _ _ _ _ _ _ _ _ _ _ _ _ _ _ _ _ _ _ _ _ _ _ _ _ _ _ _ _ _ _ _ _ <br/>test_tidl_unit.py:89: in perform_tidl_unit<br/>    perform_tidl_unit_subprocess(tidl_offload    = tidl_offload,<br/>_ _ _ _ _ _ _ _ _ _ _ _ _ _ _ _ _ _ _ _ _ _ _ _ _ _ _ _ _ _ _ _ _ _ _ _ _ _ _ _ <br/><br/>tidl_offload = True, run_infer = True, test_name = &#x27;DequantizeLinear_20&#x27;, test_suite = &#x27;operator&#x27;<br/>testdir_parent = &#x27;tidl_unit_test_data/operator/DequantizeLinear&#x27;<br/><br/>    def perform_tidl_unit_subprocess(tidl_offload : bool, run_infer : bool, test_name : str, test_suite : str, testdir_parent : str):<br/>        &#x27;&#x27;&#x27;<br/>        Perform an tidl unit test using a subprocess (in order to properly capture output for fatal errors)<br/>        Called by perform_tidl_unit<br/>        &#x27;&#x27;&#x27;<br/>    <br/>        kwargs = {&quot;tidl_offload&quot;   : tidl_offload,<br/>                  &quot;run_infer&quot;      : run_infer,<br/>                  &quot;test_name&quot;      : test_name,<br/>                  &quot;test_suite&quot;     : test_suite,<br/>                  &quot;testdir_parent&quot; : testdir_parent}<br/>    <br/>        p = Process(target=perform_tidl_unit_oneprocess, kwargs=kwargs)<br/>        p.start()<br/>    <br/>    <br/>        # Note: This timeout parameter must be lower than the pytest-timeout parameter<br/>        #       passed to the pytest command (on the command line or in pytest.ini)<br/>        p.join(timeout=600)<br/>        if p.is_alive():<br/>            p.terminate()<br/>    <br/>            # Cleanup leftover files<br/>            for f in glob.glob(&quot;/dev/shm/vashm_buff_*&quot;):<br/>                os.remove(f)<br/>    <br/>&gt;       assert p.exitcode == 0, f&quot;Received nonzero exit code: {p.exitcode}&quot;<br/><span class="error">E       AssertionError: Received nonzero exit code: 1</span><br/><span class="error">E       assert 1 == 0</span><br/><span class="error">E        +  where 1 = &lt;Process name=&#x27;Process-2&#x27; pid=1855026 parent=1852874 stopped exitcode=1&gt;.exitcode</span><br/><br/>test_tidl_unit.py:123: AssertionError[gw4] linux -- Python 3.10.16 /home/tidl/.pyenv/versions/benchmark/bin/python3<br/> ------------------------------Captured stdout call------------------------------ <br/>libtidl_onnxrt_EP loaded 0x5f845de28040 
Final number of subgraphs created are : 1, - Offloaded Nodes - 1, Total Nodes - 1 
Invoke  : ERROR: Unable to open network file ./work_dirs/modelartifacts/8bits/DequantizeLinear_20/artifacts/subgraph_0_tidl_net.bin 
<br/> ------------------------------Captured stderr call------------------------------ <br/>Process Process-2:
Traceback (most recent call last):
  File &quot;/home/tidl/.pyenv/versions/3.10.16/lib/python3.10/multiprocessing/process.py&quot;, line 314, in _bootstrap
    self.run()
  File &quot;/home/tidl/.pyenv/versions/3.10.16/lib/python3.10/multiprocessing/process.py&quot;, line 108, in run
    self._target(*self._args, **self._kwargs)
  File &quot;/home/tidl/pranav/edgeai-benchmark/tests/tidl_unit/test_tidl_unit.py&quot;, line 167, in perform_tidl_unit_oneprocess
    results_list = onnxruntime_wrapper.run_inference(tidl_unit_dataset[0])
  File &quot;/home/tidl/pranav/edgeai-benchmark/edgeai_benchmark/core/onnxrt_runtime.py&quot;, line 78, in run_inference
    self.start_inference()
  File &quot;/home/tidl/pranav/edgeai-benchmark/edgeai_benchmark/core/onnxrt_runtime.py&quot;, line 70, in start_inference
    self.interpreter = self._create_interpreter(is_import=False)
  File &quot;/home/tidl/pranav/edgeai-benchmark/edgeai_benchmark/core/onnxrt_runtime.py&quot;, line 120, in _create_interpreter
    interpreter = onnxruntime.InferenceSession(self.kwargs[&#x27;model_file&#x27;], providers=ep_list,
  File &quot;/home/tidl/.pyenv/versions/benchmark/lib/python3.10/site-packages/onnxruntime/capi/onnxruntime_inference_collection.py&quot;, line 387, in __init__
    self._create_inference_session(providers, provider_options, disabled_optimizers)
  File &quot;/home/tidl/.pyenv/versions/benchmark/lib/python3.10/site-packages/onnxruntime/capi/onnxruntime_inference_collection.py&quot;, line 439, in _create_inference_session
    sess.initialize_session(providers, provider_options, disabled_optimizers)
onnxruntime.capi.onnxruntime_pybind11_state.Fail: [ONNXRuntimeError] : 1 : FAIL : Create state function failed. Return value:-1
<br/></div></td></tr></tbody>
      <tbody class="failed results-table-row">
        <tr>
          <td class="col-result">Failed</td>
          <td class="col-name">test_tidl_unit.py::test_tidl_unit_operator[DequantizeLinear_14]</td>
          <td>1</td>
          <td>True</td>
          <td class="col-duration">0.08</td>
          <td class="col-links"></td></tr>
        <tr>
          <td class="extra" colspan="6">
            <div class="log">[gw9] linux -- Python 3.10.16 /home/tidl/.pyenv/versions/benchmark/bin/python3<br/>[gw9] linux -- Python 3.10.16 /home/tidl/.pyenv/versions/benchmark/bin/python3[gw9] linux -- Python 3.10.16 /home/tidl/.pyenv/versions/benchmark/bin/python3<br/><br/>no_subprocess = False, tidl_offload = True, run_infer = True, operator_tests_root_fixture = &#x27;tidl_unit_test_data/operator/&#x27;<br/>test_name = &#x27;DequantizeLinear_14&#x27;<br/><br/>    @pytest.mark.parametrize((&quot;test_name&quot;), operator_tests_to_run)<br/>    def test_tidl_unit_operator(no_subprocess : bool, tidl_offload : bool, run_infer : bool, operator_tests_root_fixture : str, test_name : str):<br/>        &#x27;&#x27;&#x27;<br/>        Pytest for tidl unit operator tests using the edgeai-benchmark framework<br/>        &#x27;&#x27;&#x27;<br/>        testdir_parent = operator_tests_root_fixture<br/>        for i in range(len(operator_tests_to_run)):<br/>            if operator_tests_to_run[i] == test_name:<br/>                testdir_parent = operator_tests_parent_dir[i]<br/>                break<br/>    <br/>&gt;       perform_tidl_unit(no_subprocess=no_subprocess,<br/>                          tidl_offload    = tidl_offload,<br/>                          run_infer       = run_infer,<br/>                          test_name       = test_name,<br/>                          test_suite      = &quot;operator&quot;,<br/>                          testdir_parent  = testdir_parent)<br/><br/>test_tidl_unit.py:70: <br/>_ _ _ _ _ _ _ _ _ _ _ _ _ _ _ _ _ _ _ _ _ _ _ _ _ _ _ _ _ _ _ _ _ _ _ _ _ _ _ _ <br/>test_tidl_unit.py:89: in perform_tidl_unit<br/>    perform_tidl_unit_subprocess(tidl_offload    = tidl_offload,<br/>_ _ _ _ _ _ _ _ _ _ _ _ _ _ _ _ _ _ _ _ _ _ _ _ _ _ _ _ _ _ _ _ _ _ _ _ _ _ _ _ <br/><br/>tidl_offload = True, run_infer = True, test_name = &#x27;DequantizeLinear_14&#x27;, test_suite = &#x27;operator&#x27;<br/>testdir_parent = &#x27;tidl_unit_test_data/operator/DequantizeLinear&#x27;<br/><br/>    def perform_tidl_unit_subprocess(tidl_offload : bool, run_infer : bool, test_name : str, test_suite : str, testdir_parent : str):<br/>        &#x27;&#x27;&#x27;<br/>        Perform an tidl unit test using a subprocess (in order to properly capture output for fatal errors)<br/>        Called by perform_tidl_unit<br/>        &#x27;&#x27;&#x27;<br/>    <br/>        kwargs = {&quot;tidl_offload&quot;   : tidl_offload,<br/>                  &quot;run_infer&quot;      : run_infer,<br/>                  &quot;test_name&quot;      : test_name,<br/>                  &quot;test_suite&quot;     : test_suite,<br/>                  &quot;testdir_parent&quot; : testdir_parent}<br/>    <br/>        p = Process(target=perform_tidl_unit_oneprocess, kwargs=kwargs)<br/>        p.start()<br/>    <br/>    <br/>        # Note: This timeout parameter must be lower than the pytest-timeout parameter<br/>        #       passed to the pytest command (on the command line or in pytest.ini)<br/>        p.join(timeout=600)<br/>        if p.is_alive():<br/>            p.terminate()<br/>    <br/>            # Cleanup leftover files<br/>            for f in glob.glob(&quot;/dev/shm/vashm_buff_*&quot;):<br/>                os.remove(f)<br/>    <br/>&gt;       assert p.exitcode == 0, f&quot;Received nonzero exit code: {p.exitcode}&quot;<br/><span class="error">E       AssertionError: Received nonzero exit code: 1</span><br/><span class="error">E       assert 1 == 0</span><br/><span class="error">E        +  where 1 = &lt;Process name=&#x27;Process-2&#x27; pid=1855030 parent=1853080 stopped exitcode=1&gt;.exitcode</span><br/><br/>test_tidl_unit.py:123: AssertionError[gw9] linux -- Python 3.10.16 /home/tidl/.pyenv/versions/benchmark/bin/python3<br/> ------------------------------Captured stdout call------------------------------ <br/>libtidl_onnxrt_EP loaded 0x60e206753940 
Final number of subgraphs created are : 1, - Offloaded Nodes - 1, Total Nodes - 1 
Invoke  : ERROR: Unable to open network file ./work_dirs/modelartifacts/8bits/DequantizeLinear_14/artifacts/subgraph_0_tidl_net.bin 
<br/> ------------------------------Captured stderr call------------------------------ <br/>Process Process-2:
Traceback (most recent call last):
  File &quot;/home/tidl/.pyenv/versions/3.10.16/lib/python3.10/multiprocessing/process.py&quot;, line 314, in _bootstrap
    self.run()
  File &quot;/home/tidl/.pyenv/versions/3.10.16/lib/python3.10/multiprocessing/process.py&quot;, line 108, in run
    self._target(*self._args, **self._kwargs)
  File &quot;/home/tidl/pranav/edgeai-benchmark/tests/tidl_unit/test_tidl_unit.py&quot;, line 167, in perform_tidl_unit_oneprocess
    results_list = onnxruntime_wrapper.run_inference(tidl_unit_dataset[0])
  File &quot;/home/tidl/pranav/edgeai-benchmark/edgeai_benchmark/core/onnxrt_runtime.py&quot;, line 78, in run_inference
    self.start_inference()
  File &quot;/home/tidl/pranav/edgeai-benchmark/edgeai_benchmark/core/onnxrt_runtime.py&quot;, line 70, in start_inference
    self.interpreter = self._create_interpreter(is_import=False)
  File &quot;/home/tidl/pranav/edgeai-benchmark/edgeai_benchmark/core/onnxrt_runtime.py&quot;, line 120, in _create_interpreter
    interpreter = onnxruntime.InferenceSession(self.kwargs[&#x27;model_file&#x27;], providers=ep_list,
  File &quot;/home/tidl/.pyenv/versions/benchmark/lib/python3.10/site-packages/onnxruntime/capi/onnxruntime_inference_collection.py&quot;, line 387, in __init__
    self._create_inference_session(providers, provider_options, disabled_optimizers)
  File &quot;/home/tidl/.pyenv/versions/benchmark/lib/python3.10/site-packages/onnxruntime/capi/onnxruntime_inference_collection.py&quot;, line 439, in _create_inference_session
    sess.initialize_session(providers, provider_options, disabled_optimizers)
onnxruntime.capi.onnxruntime_pybind11_state.Fail: [ONNXRuntimeError] : 1 : FAIL : Create state function failed. Return value:-1
<br/></div></td></tr></tbody>
      <tbody class="failed results-table-row">
        <tr>
          <td class="col-result">Failed</td>
          <td class="col-name">test_tidl_unit.py::test_tidl_unit_operator[DequantizeLinear_11]</td>
          <td>1</td>
          <td>True</td>
          <td class="col-duration">0.10</td>
          <td class="col-links"></td></tr>
        <tr>
          <td class="extra" colspan="6">
            <div class="log">[gw15] linux -- Python 3.10.16 /home/tidl/.pyenv/versions/benchmark/bin/python3<br/>[gw15] linux -- Python 3.10.16 /home/tidl/.pyenv/versions/benchmark/bin/python3[gw15] linux -- Python 3.10.16 /home/tidl/.pyenv/versions/benchmark/bin/python3<br/><br/>no_subprocess = False, tidl_offload = True, run_infer = True, operator_tests_root_fixture = &#x27;tidl_unit_test_data/operator/&#x27;<br/>test_name = &#x27;DequantizeLinear_11&#x27;<br/><br/>    @pytest.mark.parametrize((&quot;test_name&quot;), operator_tests_to_run)<br/>    def test_tidl_unit_operator(no_subprocess : bool, tidl_offload : bool, run_infer : bool, operator_tests_root_fixture : str, test_name : str):<br/>        &#x27;&#x27;&#x27;<br/>        Pytest for tidl unit operator tests using the edgeai-benchmark framework<br/>        &#x27;&#x27;&#x27;<br/>        testdir_parent = operator_tests_root_fixture<br/>        for i in range(len(operator_tests_to_run)):<br/>            if operator_tests_to_run[i] == test_name:<br/>                testdir_parent = operator_tests_parent_dir[i]<br/>                break<br/>    <br/>&gt;       perform_tidl_unit(no_subprocess=no_subprocess,<br/>                          tidl_offload    = tidl_offload,<br/>                          run_infer       = run_infer,<br/>                          test_name       = test_name,<br/>                          test_suite      = &quot;operator&quot;,<br/>                          testdir_parent  = testdir_parent)<br/><br/>test_tidl_unit.py:70: <br/>_ _ _ _ _ _ _ _ _ _ _ _ _ _ _ _ _ _ _ _ _ _ _ _ _ _ _ _ _ _ _ _ _ _ _ _ _ _ _ _ <br/>test_tidl_unit.py:89: in perform_tidl_unit<br/>    perform_tidl_unit_subprocess(tidl_offload    = tidl_offload,<br/>_ _ _ _ _ _ _ _ _ _ _ _ _ _ _ _ _ _ _ _ _ _ _ _ _ _ _ _ _ _ _ _ _ _ _ _ _ _ _ _ <br/><br/>tidl_offload = True, run_infer = True, test_name = &#x27;DequantizeLinear_11&#x27;, test_suite = &#x27;operator&#x27;<br/>testdir_parent = &#x27;tidl_unit_test_data/operator/DequantizeLinear&#x27;<br/><br/>    def perform_tidl_unit_subprocess(tidl_offload : bool, run_infer : bool, test_name : str, test_suite : str, testdir_parent : str):<br/>        &#x27;&#x27;&#x27;<br/>        Perform an tidl unit test using a subprocess (in order to properly capture output for fatal errors)<br/>        Called by perform_tidl_unit<br/>        &#x27;&#x27;&#x27;<br/>    <br/>        kwargs = {&quot;tidl_offload&quot;   : tidl_offload,<br/>                  &quot;run_infer&quot;      : run_infer,<br/>                  &quot;test_name&quot;      : test_name,<br/>                  &quot;test_suite&quot;     : test_suite,<br/>                  &quot;testdir_parent&quot; : testdir_parent}<br/>    <br/>        p = Process(target=perform_tidl_unit_oneprocess, kwargs=kwargs)<br/>        p.start()<br/>    <br/>    <br/>        # Note: This timeout parameter must be lower than the pytest-timeout parameter<br/>        #       passed to the pytest command (on the command line or in pytest.ini)<br/>        p.join(timeout=600)<br/>        if p.is_alive():<br/>            p.terminate()<br/>    <br/>            # Cleanup leftover files<br/>            for f in glob.glob(&quot;/dev/shm/vashm_buff_*&quot;):<br/>                os.remove(f)<br/>    <br/>&gt;       assert p.exitcode == 0, f&quot;Received nonzero exit code: {p.exitcode}&quot;<br/><span class="error">E       AssertionError: Received nonzero exit code: 1</span><br/><span class="error">E       assert 1 == 0</span><br/><span class="error">E        +  where 1 = &lt;Process name=&#x27;Process-3&#x27; pid=1855361 parent=1853414 stopped exitcode=1&gt;.exitcode</span><br/><br/>test_tidl_unit.py:123: AssertionError[gw15] linux -- Python 3.10.16 /home/tidl/.pyenv/versions/benchmark/bin/python3<br/> ------------------------------Captured stdout call------------------------------ <br/>libtidl_onnxrt_EP loaded 0x639a5614e9c0 
Final number of subgraphs created are : 1, - Offloaded Nodes - 1, Total Nodes - 1 
Invoke  : ERROR: Unable to open network file ./work_dirs/modelartifacts/8bits/DequantizeLinear_11/artifacts/subgraph_0_tidl_net.bin 
<br/> ------------------------------Captured stderr call------------------------------ <br/>Process Process-3:
Traceback (most recent call last):
  File &quot;/home/tidl/.pyenv/versions/3.10.16/lib/python3.10/multiprocessing/process.py&quot;, line 314, in _bootstrap
    self.run()
  File &quot;/home/tidl/.pyenv/versions/3.10.16/lib/python3.10/multiprocessing/process.py&quot;, line 108, in run
    self._target(*self._args, **self._kwargs)
  File &quot;/home/tidl/pranav/edgeai-benchmark/tests/tidl_unit/test_tidl_unit.py&quot;, line 167, in perform_tidl_unit_oneprocess
    results_list = onnxruntime_wrapper.run_inference(tidl_unit_dataset[0])
  File &quot;/home/tidl/pranav/edgeai-benchmark/edgeai_benchmark/core/onnxrt_runtime.py&quot;, line 78, in run_inference
    self.start_inference()
  File &quot;/home/tidl/pranav/edgeai-benchmark/edgeai_benchmark/core/onnxrt_runtime.py&quot;, line 70, in start_inference
    self.interpreter = self._create_interpreter(is_import=False)
  File &quot;/home/tidl/pranav/edgeai-benchmark/edgeai_benchmark/core/onnxrt_runtime.py&quot;, line 120, in _create_interpreter
    interpreter = onnxruntime.InferenceSession(self.kwargs[&#x27;model_file&#x27;], providers=ep_list,
  File &quot;/home/tidl/.pyenv/versions/benchmark/lib/python3.10/site-packages/onnxruntime/capi/onnxruntime_inference_collection.py&quot;, line 387, in __init__
    self._create_inference_session(providers, provider_options, disabled_optimizers)
  File &quot;/home/tidl/.pyenv/versions/benchmark/lib/python3.10/site-packages/onnxruntime/capi/onnxruntime_inference_collection.py&quot;, line 439, in _create_inference_session
    sess.initialize_session(providers, provider_options, disabled_optimizers)
onnxruntime.capi.onnxruntime_pybind11_state.Fail: [ONNXRuntimeError] : 1 : FAIL : Create state function failed. Return value:-1
<br/></div></td></tr></tbody>
      <tbody class="failed results-table-row">
        <tr>
          <td class="col-result">Failed</td>
          <td class="col-name">test_tidl_unit.py::test_tidl_unit_operator[DequantizeLinear_35]</td>
          <td>1</td>
          <td>True</td>
          <td class="col-duration">0.17</td>
          <td class="col-links"></td></tr>
        <tr>
          <td class="extra" colspan="6">
            <div class="log">[gw19] linux -- Python 3.10.16 /home/tidl/.pyenv/versions/benchmark/bin/python3<br/>[gw19] linux -- Python 3.10.16 /home/tidl/.pyenv/versions/benchmark/bin/python3[gw19] linux -- Python 3.10.16 /home/tidl/.pyenv/versions/benchmark/bin/python3<br/><br/>no_subprocess = False, tidl_offload = True, run_infer = True, operator_tests_root_fixture = &#x27;tidl_unit_test_data/operator/&#x27;<br/>test_name = &#x27;DequantizeLinear_35&#x27;<br/><br/>    @pytest.mark.parametrize((&quot;test_name&quot;), operator_tests_to_run)<br/>    def test_tidl_unit_operator(no_subprocess : bool, tidl_offload : bool, run_infer : bool, operator_tests_root_fixture : str, test_name : str):<br/>        &#x27;&#x27;&#x27;<br/>        Pytest for tidl unit operator tests using the edgeai-benchmark framework<br/>        &#x27;&#x27;&#x27;<br/>        testdir_parent = operator_tests_root_fixture<br/>        for i in range(len(operator_tests_to_run)):<br/>            if operator_tests_to_run[i] == test_name:<br/>                testdir_parent = operator_tests_parent_dir[i]<br/>                break<br/>    <br/>&gt;       perform_tidl_unit(no_subprocess=no_subprocess,<br/>                          tidl_offload    = tidl_offload,<br/>                          run_infer       = run_infer,<br/>                          test_name       = test_name,<br/>                          test_suite      = &quot;operator&quot;,<br/>                          testdir_parent  = testdir_parent)<br/><br/>test_tidl_unit.py:70: <br/>_ _ _ _ _ _ _ _ _ _ _ _ _ _ _ _ _ _ _ _ _ _ _ _ _ _ _ _ _ _ _ _ _ _ _ _ _ _ _ _ <br/>test_tidl_unit.py:89: in perform_tidl_unit<br/>    perform_tidl_unit_subprocess(tidl_offload    = tidl_offload,<br/>_ _ _ _ _ _ _ _ _ _ _ _ _ _ _ _ _ _ _ _ _ _ _ _ _ _ _ _ _ _ _ _ _ _ _ _ _ _ _ _ <br/><br/>tidl_offload = True, run_infer = True, test_name = &#x27;DequantizeLinear_35&#x27;, test_suite = &#x27;operator&#x27;<br/>testdir_parent = &#x27;tidl_unit_test_data/operator/DequantizeLinear&#x27;<br/><br/>    def perform_tidl_unit_subprocess(tidl_offload : bool, run_infer : bool, test_name : str, test_suite : str, testdir_parent : str):<br/>        &#x27;&#x27;&#x27;<br/>        Perform an tidl unit test using a subprocess (in order to properly capture output for fatal errors)<br/>        Called by perform_tidl_unit<br/>        &#x27;&#x27;&#x27;<br/>    <br/>        kwargs = {&quot;tidl_offload&quot;   : tidl_offload,<br/>                  &quot;run_infer&quot;      : run_infer,<br/>                  &quot;test_name&quot;      : test_name,<br/>                  &quot;test_suite&quot;     : test_suite,<br/>                  &quot;testdir_parent&quot; : testdir_parent}<br/>    <br/>        p = Process(target=perform_tidl_unit_oneprocess, kwargs=kwargs)<br/>        p.start()<br/>    <br/>    <br/>        # Note: This timeout parameter must be lower than the pytest-timeout parameter<br/>        #       passed to the pytest command (on the command line or in pytest.ini)<br/>        p.join(timeout=600)<br/>        if p.is_alive():<br/>            p.terminate()<br/>    <br/>            # Cleanup leftover files<br/>            for f in glob.glob(&quot;/dev/shm/vashm_buff_*&quot;):<br/>                os.remove(f)<br/>    <br/>&gt;       assert p.exitcode == 0, f&quot;Received nonzero exit code: {p.exitcode}&quot;<br/><span class="error">E       AssertionError: Received nonzero exit code: -11</span><br/><span class="error">E       assert -11 == 0</span><br/><span class="error">E        +  where -11 = &lt;Process name=&#x27;Process-3&#x27; pid=1855362 parent=1853678 stopped exitcode=-SIGSEGV&gt;.exitcode</span><br/><br/>test_tidl_unit.py:123: AssertionError[gw19] linux -- Python 3.10.16 /home/tidl/.pyenv/versions/benchmark/bin/python3<br/> ------------------------------Captured stdout call------------------------------ <br/>libtidl_onnxrt_EP loaded 0x5cac6ca640f0 
Final number of subgraphs created are : 1, - Offloaded Nodes - 1, Total Nodes - 1 
Invoke  : ERROR: Unable to open network file ./work_dirs/modelartifacts/8bits/DequantizeLinear_35/artifacts/subgraph_0_tidl_net.bin 
<br/></div></td></tr></tbody>
      <tbody class="failed results-table-row">
        <tr>
          <td class="col-result">Failed</td>
          <td class="col-name">test_tidl_unit.py::test_tidl_unit_operator[DequantizeLinear_50]</td>
          <td>1</td>
          <td>True</td>
          <td class="col-duration">0.10</td>
          <td class="col-links"></td></tr>
        <tr>
          <td class="extra" colspan="6">
            <div class="log">[gw16] linux -- Python 3.10.16 /home/tidl/.pyenv/versions/benchmark/bin/python3<br/>[gw16] linux -- Python 3.10.16 /home/tidl/.pyenv/versions/benchmark/bin/python3[gw16] linux -- Python 3.10.16 /home/tidl/.pyenv/versions/benchmark/bin/python3<br/><br/>no_subprocess = False, tidl_offload = True, run_infer = True, operator_tests_root_fixture = &#x27;tidl_unit_test_data/operator/&#x27;<br/>test_name = &#x27;DequantizeLinear_50&#x27;<br/><br/>    @pytest.mark.parametrize((&quot;test_name&quot;), operator_tests_to_run)<br/>    def test_tidl_unit_operator(no_subprocess : bool, tidl_offload : bool, run_infer : bool, operator_tests_root_fixture : str, test_name : str):<br/>        &#x27;&#x27;&#x27;<br/>        Pytest for tidl unit operator tests using the edgeai-benchmark framework<br/>        &#x27;&#x27;&#x27;<br/>        testdir_parent = operator_tests_root_fixture<br/>        for i in range(len(operator_tests_to_run)):<br/>            if operator_tests_to_run[i] == test_name:<br/>                testdir_parent = operator_tests_parent_dir[i]<br/>                break<br/>    <br/>&gt;       perform_tidl_unit(no_subprocess=no_subprocess,<br/>                          tidl_offload    = tidl_offload,<br/>                          run_infer       = run_infer,<br/>                          test_name       = test_name,<br/>                          test_suite      = &quot;operator&quot;,<br/>                          testdir_parent  = testdir_parent)<br/><br/>test_tidl_unit.py:70: <br/>_ _ _ _ _ _ _ _ _ _ _ _ _ _ _ _ _ _ _ _ _ _ _ _ _ _ _ _ _ _ _ _ _ _ _ _ _ _ _ _ <br/>test_tidl_unit.py:89: in perform_tidl_unit<br/>    perform_tidl_unit_subprocess(tidl_offload    = tidl_offload,<br/>_ _ _ _ _ _ _ _ _ _ _ _ _ _ _ _ _ _ _ _ _ _ _ _ _ _ _ _ _ _ _ _ _ _ _ _ _ _ _ _ <br/><br/>tidl_offload = True, run_infer = True, test_name = &#x27;DequantizeLinear_50&#x27;, test_suite = &#x27;operator&#x27;<br/>testdir_parent = &#x27;tidl_unit_test_data/operator/DequantizeLinear&#x27;<br/><br/>    def perform_tidl_unit_subprocess(tidl_offload : bool, run_infer : bool, test_name : str, test_suite : str, testdir_parent : str):<br/>        &#x27;&#x27;&#x27;<br/>        Perform an tidl unit test using a subprocess (in order to properly capture output for fatal errors)<br/>        Called by perform_tidl_unit<br/>        &#x27;&#x27;&#x27;<br/>    <br/>        kwargs = {&quot;tidl_offload&quot;   : tidl_offload,<br/>                  &quot;run_infer&quot;      : run_infer,<br/>                  &quot;test_name&quot;      : test_name,<br/>                  &quot;test_suite&quot;     : test_suite,<br/>                  &quot;testdir_parent&quot; : testdir_parent}<br/>    <br/>        p = Process(target=perform_tidl_unit_oneprocess, kwargs=kwargs)<br/>        p.start()<br/>    <br/>    <br/>        # Note: This timeout parameter must be lower than the pytest-timeout parameter<br/>        #       passed to the pytest command (on the command line or in pytest.ini)<br/>        p.join(timeout=600)<br/>        if p.is_alive():<br/>            p.terminate()<br/>    <br/>            # Cleanup leftover files<br/>            for f in glob.glob(&quot;/dev/shm/vashm_buff_*&quot;):<br/>                os.remove(f)<br/>    <br/>&gt;       assert p.exitcode == 0, f&quot;Received nonzero exit code: {p.exitcode}&quot;<br/><span class="error">E       AssertionError: Received nonzero exit code: 1</span><br/><span class="error">E       assert 1 == 0</span><br/><span class="error">E        +  where 1 = &lt;Process name=&#x27;Process-3&#x27; pid=1855413 parent=1853511 stopped exitcode=1&gt;.exitcode</span><br/><br/>test_tidl_unit.py:123: AssertionError[gw16] linux -- Python 3.10.16 /home/tidl/.pyenv/versions/benchmark/bin/python3<br/> ------------------------------Captured stdout call------------------------------ <br/>libtidl_onnxrt_EP loaded 0x62f5172cec70 
Final number of subgraphs created are : 1, - Offloaded Nodes - 1, Total Nodes - 1 
Invoke  : ERROR: Unable to open network file ./work_dirs/modelartifacts/8bits/DequantizeLinear_50/artifacts/subgraph_0_tidl_net.bin 
<br/> ------------------------------Captured stderr call------------------------------ <br/>Process Process-3:
Traceback (most recent call last):
  File &quot;/home/tidl/.pyenv/versions/3.10.16/lib/python3.10/multiprocessing/process.py&quot;, line 314, in _bootstrap
    self.run()
  File &quot;/home/tidl/.pyenv/versions/3.10.16/lib/python3.10/multiprocessing/process.py&quot;, line 108, in run
    self._target(*self._args, **self._kwargs)
  File &quot;/home/tidl/pranav/edgeai-benchmark/tests/tidl_unit/test_tidl_unit.py&quot;, line 167, in perform_tidl_unit_oneprocess
    results_list = onnxruntime_wrapper.run_inference(tidl_unit_dataset[0])
  File &quot;/home/tidl/pranav/edgeai-benchmark/edgeai_benchmark/core/onnxrt_runtime.py&quot;, line 78, in run_inference
    self.start_inference()
  File &quot;/home/tidl/pranav/edgeai-benchmark/edgeai_benchmark/core/onnxrt_runtime.py&quot;, line 70, in start_inference
    self.interpreter = self._create_interpreter(is_import=False)
  File &quot;/home/tidl/pranav/edgeai-benchmark/edgeai_benchmark/core/onnxrt_runtime.py&quot;, line 120, in _create_interpreter
    interpreter = onnxruntime.InferenceSession(self.kwargs[&#x27;model_file&#x27;], providers=ep_list,
  File &quot;/home/tidl/.pyenv/versions/benchmark/lib/python3.10/site-packages/onnxruntime/capi/onnxruntime_inference_collection.py&quot;, line 387, in __init__
    self._create_inference_session(providers, provider_options, disabled_optimizers)
  File &quot;/home/tidl/.pyenv/versions/benchmark/lib/python3.10/site-packages/onnxruntime/capi/onnxruntime_inference_collection.py&quot;, line 439, in _create_inference_session
    sess.initialize_session(providers, provider_options, disabled_optimizers)
onnxruntime.capi.onnxruntime_pybind11_state.Fail: [ONNXRuntimeError] : 1 : FAIL : Create state function failed. Return value:-1
<br/></div></td></tr></tbody>
      <tbody class="failed results-table-row">
        <tr>
          <td class="col-result">Failed</td>
          <td class="col-name">test_tidl_unit.py::test_tidl_unit_operator[DequantizeLinear_44]</td>
          <td>1</td>
          <td>True</td>
          <td class="col-duration">0.17</td>
          <td class="col-links"></td></tr>
        <tr>
          <td class="extra" colspan="6">
            <div class="log">[gw10] linux -- Python 3.10.16 /home/tidl/.pyenv/versions/benchmark/bin/python3<br/>[gw10] linux -- Python 3.10.16 /home/tidl/.pyenv/versions/benchmark/bin/python3[gw10] linux -- Python 3.10.16 /home/tidl/.pyenv/versions/benchmark/bin/python3<br/><br/>no_subprocess = False, tidl_offload = True, run_infer = True, operator_tests_root_fixture = &#x27;tidl_unit_test_data/operator/&#x27;<br/>test_name = &#x27;DequantizeLinear_44&#x27;<br/><br/>    @pytest.mark.parametrize((&quot;test_name&quot;), operator_tests_to_run)<br/>    def test_tidl_unit_operator(no_subprocess : bool, tidl_offload : bool, run_infer : bool, operator_tests_root_fixture : str, test_name : str):<br/>        &#x27;&#x27;&#x27;<br/>        Pytest for tidl unit operator tests using the edgeai-benchmark framework<br/>        &#x27;&#x27;&#x27;<br/>        testdir_parent = operator_tests_root_fixture<br/>        for i in range(len(operator_tests_to_run)):<br/>            if operator_tests_to_run[i] == test_name:<br/>                testdir_parent = operator_tests_parent_dir[i]<br/>                break<br/>    <br/>&gt;       perform_tidl_unit(no_subprocess=no_subprocess,<br/>                          tidl_offload    = tidl_offload,<br/>                          run_infer       = run_infer,<br/>                          test_name       = test_name,<br/>                          test_suite      = &quot;operator&quot;,<br/>                          testdir_parent  = testdir_parent)<br/><br/>test_tidl_unit.py:70: <br/>_ _ _ _ _ _ _ _ _ _ _ _ _ _ _ _ _ _ _ _ _ _ _ _ _ _ _ _ _ _ _ _ _ _ _ _ _ _ _ _ <br/>test_tidl_unit.py:89: in perform_tidl_unit<br/>    perform_tidl_unit_subprocess(tidl_offload    = tidl_offload,<br/>_ _ _ _ _ _ _ _ _ _ _ _ _ _ _ _ _ _ _ _ _ _ _ _ _ _ _ _ _ _ _ _ _ _ _ _ _ _ _ _ <br/><br/>tidl_offload = True, run_infer = True, test_name = &#x27;DequantizeLinear_44&#x27;, test_suite = &#x27;operator&#x27;<br/>testdir_parent = &#x27;tidl_unit_test_data/operator/DequantizeLinear&#x27;<br/><br/>    def perform_tidl_unit_subprocess(tidl_offload : bool, run_infer : bool, test_name : str, test_suite : str, testdir_parent : str):<br/>        &#x27;&#x27;&#x27;<br/>        Perform an tidl unit test using a subprocess (in order to properly capture output for fatal errors)<br/>        Called by perform_tidl_unit<br/>        &#x27;&#x27;&#x27;<br/>    <br/>        kwargs = {&quot;tidl_offload&quot;   : tidl_offload,<br/>                  &quot;run_infer&quot;      : run_infer,<br/>                  &quot;test_name&quot;      : test_name,<br/>                  &quot;test_suite&quot;     : test_suite,<br/>                  &quot;testdir_parent&quot; : testdir_parent}<br/>    <br/>        p = Process(target=perform_tidl_unit_oneprocess, kwargs=kwargs)<br/>        p.start()<br/>    <br/>    <br/>        # Note: This timeout parameter must be lower than the pytest-timeout parameter<br/>        #       passed to the pytest command (on the command line or in pytest.ini)<br/>        p.join(timeout=600)<br/>        if p.is_alive():<br/>            p.terminate()<br/>    <br/>            # Cleanup leftover files<br/>            for f in glob.glob(&quot;/dev/shm/vashm_buff_*&quot;):<br/>                os.remove(f)<br/>    <br/>&gt;       assert p.exitcode == 0, f&quot;Received nonzero exit code: {p.exitcode}&quot;<br/><span class="error">E       AssertionError: Received nonzero exit code: -11</span><br/><span class="error">E       assert -11 == 0</span><br/><span class="error">E        +  where -11 = &lt;Process name=&#x27;Process-2&#x27; pid=1855412 parent=1853147 stopped exitcode=-SIGSEGV&gt;.exitcode</span><br/><br/>test_tidl_unit.py:123: AssertionError[gw10] linux -- Python 3.10.16 /home/tidl/.pyenv/versions/benchmark/bin/python3<br/> ------------------------------Captured stdout call------------------------------ <br/>libtidl_onnxrt_EP loaded 0x57a5a52369f0 
Final number of subgraphs created are : 1, - Offloaded Nodes - 1, Total Nodes - 1 
Invoke  : ERROR: Unable to open network file ./work_dirs/modelartifacts/8bits/DequantizeLinear_44/artifacts/subgraph_0_tidl_net.bin 
<br/></div></td></tr></tbody>
      <tbody class="failed results-table-row">
        <tr>
          <td class="col-result">Failed</td>
          <td class="col-name">test_tidl_unit.py::test_tidl_unit_operator[DequantizeLinear_8]</td>
          <td>1</td>
          <td>True</td>
          <td class="col-duration">0.13</td>
          <td class="col-links"></td></tr>
        <tr>
          <td class="extra" colspan="6">
            <div class="log">[gw22] linux -- Python 3.10.16 /home/tidl/.pyenv/versions/benchmark/bin/python3<br/>[gw22] linux -- Python 3.10.16 /home/tidl/.pyenv/versions/benchmark/bin/python3[gw22] linux -- Python 3.10.16 /home/tidl/.pyenv/versions/benchmark/bin/python3<br/><br/>no_subprocess = False, tidl_offload = True, run_infer = True, operator_tests_root_fixture = &#x27;tidl_unit_test_data/operator/&#x27;<br/>test_name = &#x27;DequantizeLinear_8&#x27;<br/><br/>    @pytest.mark.parametrize((&quot;test_name&quot;), operator_tests_to_run)<br/>    def test_tidl_unit_operator(no_subprocess : bool, tidl_offload : bool, run_infer : bool, operator_tests_root_fixture : str, test_name : str):<br/>        &#x27;&#x27;&#x27;<br/>        Pytest for tidl unit operator tests using the edgeai-benchmark framework<br/>        &#x27;&#x27;&#x27;<br/>        testdir_parent = operator_tests_root_fixture<br/>        for i in range(len(operator_tests_to_run)):<br/>            if operator_tests_to_run[i] == test_name:<br/>                testdir_parent = operator_tests_parent_dir[i]<br/>                break<br/>    <br/>&gt;       perform_tidl_unit(no_subprocess=no_subprocess,<br/>                          tidl_offload    = tidl_offload,<br/>                          run_infer       = run_infer,<br/>                          test_name       = test_name,<br/>                          test_suite      = &quot;operator&quot;,<br/>                          testdir_parent  = testdir_parent)<br/><br/>test_tidl_unit.py:70: <br/>_ _ _ _ _ _ _ _ _ _ _ _ _ _ _ _ _ _ _ _ _ _ _ _ _ _ _ _ _ _ _ _ _ _ _ _ _ _ _ _ <br/>test_tidl_unit.py:89: in perform_tidl_unit<br/>    perform_tidl_unit_subprocess(tidl_offload    = tidl_offload,<br/>_ _ _ _ _ _ _ _ _ _ _ _ _ _ _ _ _ _ _ _ _ _ _ _ _ _ _ _ _ _ _ _ _ _ _ _ _ _ _ _ <br/><br/>tidl_offload = True, run_infer = True, test_name = &#x27;DequantizeLinear_8&#x27;, test_suite = &#x27;operator&#x27;<br/>testdir_parent = &#x27;tidl_unit_test_data/operator/DequantizeLinear&#x27;<br/><br/>    def perform_tidl_unit_subprocess(tidl_offload : bool, run_infer : bool, test_name : str, test_suite : str, testdir_parent : str):<br/>        &#x27;&#x27;&#x27;<br/>        Perform an tidl unit test using a subprocess (in order to properly capture output for fatal errors)<br/>        Called by perform_tidl_unit<br/>        &#x27;&#x27;&#x27;<br/>    <br/>        kwargs = {&quot;tidl_offload&quot;   : tidl_offload,<br/>                  &quot;run_infer&quot;      : run_infer,<br/>                  &quot;test_name&quot;      : test_name,<br/>                  &quot;test_suite&quot;     : test_suite,<br/>                  &quot;testdir_parent&quot; : testdir_parent}<br/>    <br/>        p = Process(target=perform_tidl_unit_oneprocess, kwargs=kwargs)<br/>        p.start()<br/>    <br/>    <br/>        # Note: This timeout parameter must be lower than the pytest-timeout parameter<br/>        #       passed to the pytest command (on the command line or in pytest.ini)<br/>        p.join(timeout=600)<br/>        if p.is_alive():<br/>            p.terminate()<br/>    <br/>            # Cleanup leftover files<br/>            for f in glob.glob(&quot;/dev/shm/vashm_buff_*&quot;):<br/>                os.remove(f)<br/>    <br/>&gt;       assert p.exitcode == 0, f&quot;Received nonzero exit code: {p.exitcode}&quot;<br/><span class="error">E       AssertionError: Received nonzero exit code: 1</span><br/><span class="error">E       assert 1 == 0</span><br/><span class="error">E        +  where 1 = &lt;Process name=&#x27;Process-3&#x27; pid=1855461 parent=1853844 stopped exitcode=1&gt;.exitcode</span><br/><br/>test_tidl_unit.py:123: AssertionError[gw22] linux -- Python 3.10.16 /home/tidl/.pyenv/versions/benchmark/bin/python3<br/> ------------------------------Captured stdout call------------------------------ <br/>libtidl_onnxrt_EP loaded 0x6428e2e75590 
Final number of subgraphs created are : 1, - Offloaded Nodes - 1, Total Nodes - 1 
Invoke  : ERROR: Unable to open network file ./work_dirs/modelartifacts/8bits/DequantizeLinear_8/artifacts/subgraph_0_tidl_net.bin 
<br/> ------------------------------Captured stderr call------------------------------ <br/>Process Process-3:
Traceback (most recent call last):
  File &quot;/home/tidl/.pyenv/versions/3.10.16/lib/python3.10/multiprocessing/process.py&quot;, line 314, in _bootstrap
    self.run()
  File &quot;/home/tidl/.pyenv/versions/3.10.16/lib/python3.10/multiprocessing/process.py&quot;, line 108, in run
    self._target(*self._args, **self._kwargs)
  File &quot;/home/tidl/pranav/edgeai-benchmark/tests/tidl_unit/test_tidl_unit.py&quot;, line 167, in perform_tidl_unit_oneprocess
    results_list = onnxruntime_wrapper.run_inference(tidl_unit_dataset[0])
  File &quot;/home/tidl/pranav/edgeai-benchmark/edgeai_benchmark/core/onnxrt_runtime.py&quot;, line 78, in run_inference
    self.start_inference()
  File &quot;/home/tidl/pranav/edgeai-benchmark/edgeai_benchmark/core/onnxrt_runtime.py&quot;, line 70, in start_inference
    self.interpreter = self._create_interpreter(is_import=False)
  File &quot;/home/tidl/pranav/edgeai-benchmark/edgeai_benchmark/core/onnxrt_runtime.py&quot;, line 120, in _create_interpreter
    interpreter = onnxruntime.InferenceSession(self.kwargs[&#x27;model_file&#x27;], providers=ep_list,
  File &quot;/home/tidl/.pyenv/versions/benchmark/lib/python3.10/site-packages/onnxruntime/capi/onnxruntime_inference_collection.py&quot;, line 387, in __init__
    self._create_inference_session(providers, provider_options, disabled_optimizers)
  File &quot;/home/tidl/.pyenv/versions/benchmark/lib/python3.10/site-packages/onnxruntime/capi/onnxruntime_inference_collection.py&quot;, line 439, in _create_inference_session
    sess.initialize_session(providers, provider_options, disabled_optimizers)
onnxruntime.capi.onnxruntime_pybind11_state.Fail: [ONNXRuntimeError] : 1 : FAIL : Create state function failed. Return value:-1
<br/></div></td></tr></tbody>
      <tbody class="failed results-table-row">
        <tr>
          <td class="col-result">Failed</td>
          <td class="col-name">test_tidl_unit.py::test_tidl_unit_operator[DequantizeLinear_53]</td>
          <td>1</td>
          <td>True</td>
          <td class="col-duration">0.19</td>
          <td class="col-links"></td></tr>
        <tr>
          <td class="extra" colspan="6">
            <div class="log">[gw21] linux -- Python 3.10.16 /home/tidl/.pyenv/versions/benchmark/bin/python3<br/>[gw21] linux -- Python 3.10.16 /home/tidl/.pyenv/versions/benchmark/bin/python3[gw21] linux -- Python 3.10.16 /home/tidl/.pyenv/versions/benchmark/bin/python3<br/><br/>no_subprocess = False, tidl_offload = True, run_infer = True, operator_tests_root_fixture = &#x27;tidl_unit_test_data/operator/&#x27;<br/>test_name = &#x27;DequantizeLinear_53&#x27;<br/><br/>    @pytest.mark.parametrize((&quot;test_name&quot;), operator_tests_to_run)<br/>    def test_tidl_unit_operator(no_subprocess : bool, tidl_offload : bool, run_infer : bool, operator_tests_root_fixture : str, test_name : str):<br/>        &#x27;&#x27;&#x27;<br/>        Pytest for tidl unit operator tests using the edgeai-benchmark framework<br/>        &#x27;&#x27;&#x27;<br/>        testdir_parent = operator_tests_root_fixture<br/>        for i in range(len(operator_tests_to_run)):<br/>            if operator_tests_to_run[i] == test_name:<br/>                testdir_parent = operator_tests_parent_dir[i]<br/>                break<br/>    <br/>&gt;       perform_tidl_unit(no_subprocess=no_subprocess,<br/>                          tidl_offload    = tidl_offload,<br/>                          run_infer       = run_infer,<br/>                          test_name       = test_name,<br/>                          test_suite      = &quot;operator&quot;,<br/>                          testdir_parent  = testdir_parent)<br/><br/>test_tidl_unit.py:70: <br/>_ _ _ _ _ _ _ _ _ _ _ _ _ _ _ _ _ _ _ _ _ _ _ _ _ _ _ _ _ _ _ _ _ _ _ _ _ _ _ _ <br/>test_tidl_unit.py:89: in perform_tidl_unit<br/>    perform_tidl_unit_subprocess(tidl_offload    = tidl_offload,<br/>_ _ _ _ _ _ _ _ _ _ _ _ _ _ _ _ _ _ _ _ _ _ _ _ _ _ _ _ _ _ _ _ _ _ _ _ _ _ _ _ <br/><br/>tidl_offload = True, run_infer = True, test_name = &#x27;DequantizeLinear_53&#x27;, test_suite = &#x27;operator&#x27;<br/>testdir_parent = &#x27;tidl_unit_test_data/operator/DequantizeLinear&#x27;<br/><br/>    def perform_tidl_unit_subprocess(tidl_offload : bool, run_infer : bool, test_name : str, test_suite : str, testdir_parent : str):<br/>        &#x27;&#x27;&#x27;<br/>        Perform an tidl unit test using a subprocess (in order to properly capture output for fatal errors)<br/>        Called by perform_tidl_unit<br/>        &#x27;&#x27;&#x27;<br/>    <br/>        kwargs = {&quot;tidl_offload&quot;   : tidl_offload,<br/>                  &quot;run_infer&quot;      : run_infer,<br/>                  &quot;test_name&quot;      : test_name,<br/>                  &quot;test_suite&quot;     : test_suite,<br/>                  &quot;testdir_parent&quot; : testdir_parent}<br/>    <br/>        p = Process(target=perform_tidl_unit_oneprocess, kwargs=kwargs)<br/>        p.start()<br/>    <br/>    <br/>        # Note: This timeout parameter must be lower than the pytest-timeout parameter<br/>        #       passed to the pytest command (on the command line or in pytest.ini)<br/>        p.join(timeout=600)<br/>        if p.is_alive():<br/>            p.terminate()<br/>    <br/>            # Cleanup leftover files<br/>            for f in glob.glob(&quot;/dev/shm/vashm_buff_*&quot;):<br/>                os.remove(f)<br/>    <br/>&gt;       assert p.exitcode == 0, f&quot;Received nonzero exit code: {p.exitcode}&quot;<br/><span class="error">E       AssertionError: Received nonzero exit code: -11</span><br/><span class="error">E       assert -11 == 0</span><br/><span class="error">E        +  where -11 = &lt;Process name=&#x27;Process-3&#x27; pid=1855626 parent=1853779 stopped exitcode=-SIGSEGV&gt;.exitcode</span><br/><br/>test_tidl_unit.py:123: AssertionError[gw21] linux -- Python 3.10.16 /home/tidl/.pyenv/versions/benchmark/bin/python3<br/> ------------------------------Captured stdout call------------------------------ <br/>libtidl_onnxrt_EP loaded 0x6037fea65fd0 
Final number of subgraphs created are : 1, - Offloaded Nodes - 1, Total Nodes - 1 
Invoke  : ERROR: Unable to open network file ./work_dirs/modelartifacts/8bits/DequantizeLinear_53/artifacts/subgraph_0_tidl_net.bin 
<br/></div></td></tr></tbody>
      <tbody class="failed results-table-row">
        <tr>
          <td class="col-result">Failed</td>
          <td class="col-name">test_tidl_unit.py::test_tidl_unit_operator[DequantizeLinear_32]</td>
          <td>1</td>
          <td>True</td>
          <td class="col-duration">0.11</td>
          <td class="col-links"></td></tr>
        <tr>
          <td class="extra" colspan="6">
            <div class="log">[gw8] linux -- Python 3.10.16 /home/tidl/.pyenv/versions/benchmark/bin/python3<br/>[gw8] linux -- Python 3.10.16 /home/tidl/.pyenv/versions/benchmark/bin/python3[gw8] linux -- Python 3.10.16 /home/tidl/.pyenv/versions/benchmark/bin/python3<br/><br/>no_subprocess = False, tidl_offload = True, run_infer = True, operator_tests_root_fixture = &#x27;tidl_unit_test_data/operator/&#x27;<br/>test_name = &#x27;DequantizeLinear_32&#x27;<br/><br/>    @pytest.mark.parametrize((&quot;test_name&quot;), operator_tests_to_run)<br/>    def test_tidl_unit_operator(no_subprocess : bool, tidl_offload : bool, run_infer : bool, operator_tests_root_fixture : str, test_name : str):<br/>        &#x27;&#x27;&#x27;<br/>        Pytest for tidl unit operator tests using the edgeai-benchmark framework<br/>        &#x27;&#x27;&#x27;<br/>        testdir_parent = operator_tests_root_fixture<br/>        for i in range(len(operator_tests_to_run)):<br/>            if operator_tests_to_run[i] == test_name:<br/>                testdir_parent = operator_tests_parent_dir[i]<br/>                break<br/>    <br/>&gt;       perform_tidl_unit(no_subprocess=no_subprocess,<br/>                          tidl_offload    = tidl_offload,<br/>                          run_infer       = run_infer,<br/>                          test_name       = test_name,<br/>                          test_suite      = &quot;operator&quot;,<br/>                          testdir_parent  = testdir_parent)<br/><br/>test_tidl_unit.py:70: <br/>_ _ _ _ _ _ _ _ _ _ _ _ _ _ _ _ _ _ _ _ _ _ _ _ _ _ _ _ _ _ _ _ _ _ _ _ _ _ _ _ <br/>test_tidl_unit.py:89: in perform_tidl_unit<br/>    perform_tidl_unit_subprocess(tidl_offload    = tidl_offload,<br/>_ _ _ _ _ _ _ _ _ _ _ _ _ _ _ _ _ _ _ _ _ _ _ _ _ _ _ _ _ _ _ _ _ _ _ _ _ _ _ _ <br/><br/>tidl_offload = True, run_infer = True, test_name = &#x27;DequantizeLinear_32&#x27;, test_suite = &#x27;operator&#x27;<br/>testdir_parent = &#x27;tidl_unit_test_data/operator/DequantizeLinear&#x27;<br/><br/>    def perform_tidl_unit_subprocess(tidl_offload : bool, run_infer : bool, test_name : str, test_suite : str, testdir_parent : str):<br/>        &#x27;&#x27;&#x27;<br/>        Perform an tidl unit test using a subprocess (in order to properly capture output for fatal errors)<br/>        Called by perform_tidl_unit<br/>        &#x27;&#x27;&#x27;<br/>    <br/>        kwargs = {&quot;tidl_offload&quot;   : tidl_offload,<br/>                  &quot;run_infer&quot;      : run_infer,<br/>                  &quot;test_name&quot;      : test_name,<br/>                  &quot;test_suite&quot;     : test_suite,<br/>                  &quot;testdir_parent&quot; : testdir_parent}<br/>    <br/>        p = Process(target=perform_tidl_unit_oneprocess, kwargs=kwargs)<br/>        p.start()<br/>    <br/>    <br/>        # Note: This timeout parameter must be lower than the pytest-timeout parameter<br/>        #       passed to the pytest command (on the command line or in pytest.ini)<br/>        p.join(timeout=600)<br/>        if p.is_alive():<br/>            p.terminate()<br/>    <br/>            # Cleanup leftover files<br/>            for f in glob.glob(&quot;/dev/shm/vashm_buff_*&quot;):<br/>                os.remove(f)<br/>    <br/>&gt;       assert p.exitcode == 0, f&quot;Received nonzero exit code: {p.exitcode}&quot;<br/><span class="error">E       AssertionError: Received nonzero exit code: 1</span><br/><span class="error">E       assert 1 == 0</span><br/><span class="error">E        +  where 1 = &lt;Process name=&#x27;Process-4&#x27; pid=1855627 parent=1853014 stopped exitcode=1&gt;.exitcode</span><br/><br/>test_tidl_unit.py:123: AssertionError[gw8] linux -- Python 3.10.16 /home/tidl/.pyenv/versions/benchmark/bin/python3<br/> ------------------------------Captured stdout call------------------------------ <br/>libtidl_onnxrt_EP loaded 0x601a0480d730 
Final number of subgraphs created are : 1, - Offloaded Nodes - 1, Total Nodes - 1 
Invoke  : ERROR: Unable to open network file ./work_dirs/modelartifacts/8bits/DequantizeLinear_32/artifacts/subgraph_0_tidl_net.bin 
<br/> ------------------------------Captured stderr call------------------------------ <br/>Process Process-4:
Traceback (most recent call last):
  File &quot;/home/tidl/.pyenv/versions/3.10.16/lib/python3.10/multiprocessing/process.py&quot;, line 314, in _bootstrap
    self.run()
  File &quot;/home/tidl/.pyenv/versions/3.10.16/lib/python3.10/multiprocessing/process.py&quot;, line 108, in run
    self._target(*self._args, **self._kwargs)
  File &quot;/home/tidl/pranav/edgeai-benchmark/tests/tidl_unit/test_tidl_unit.py&quot;, line 167, in perform_tidl_unit_oneprocess
    results_list = onnxruntime_wrapper.run_inference(tidl_unit_dataset[0])
  File &quot;/home/tidl/pranav/edgeai-benchmark/edgeai_benchmark/core/onnxrt_runtime.py&quot;, line 78, in run_inference
    self.start_inference()
  File &quot;/home/tidl/pranav/edgeai-benchmark/edgeai_benchmark/core/onnxrt_runtime.py&quot;, line 70, in start_inference
    self.interpreter = self._create_interpreter(is_import=False)
  File &quot;/home/tidl/pranav/edgeai-benchmark/edgeai_benchmark/core/onnxrt_runtime.py&quot;, line 120, in _create_interpreter
    interpreter = onnxruntime.InferenceSession(self.kwargs[&#x27;model_file&#x27;], providers=ep_list,
  File &quot;/home/tidl/.pyenv/versions/benchmark/lib/python3.10/site-packages/onnxruntime/capi/onnxruntime_inference_collection.py&quot;, line 387, in __init__
    self._create_inference_session(providers, provider_options, disabled_optimizers)
  File &quot;/home/tidl/.pyenv/versions/benchmark/lib/python3.10/site-packages/onnxruntime/capi/onnxruntime_inference_collection.py&quot;, line 439, in _create_inference_session
    sess.initialize_session(providers, provider_options, disabled_optimizers)
onnxruntime.capi.onnxruntime_pybind11_state.Fail: [ONNXRuntimeError] : 1 : FAIL : Create state function failed. Return value:-1
<br/></div></td></tr></tbody>
      <tbody class="failed results-table-row">
        <tr>
          <td class="col-result">Failed</td>
          <td class="col-name">test_tidl_unit.py::test_tidl_unit_operator[DequantizeLinear_23]</td>
          <td>1</td>
          <td>True</td>
          <td class="col-duration">0.06</td>
          <td class="col-links"></td></tr>
        <tr>
          <td class="extra" colspan="6">
            <div class="log">[gw18] linux -- Python 3.10.16 /home/tidl/.pyenv/versions/benchmark/bin/python3<br/>[gw18] linux -- Python 3.10.16 /home/tidl/.pyenv/versions/benchmark/bin/python3[gw18] linux -- Python 3.10.16 /home/tidl/.pyenv/versions/benchmark/bin/python3<br/><br/>no_subprocess = False, tidl_offload = True, run_infer = True, operator_tests_root_fixture = &#x27;tidl_unit_test_data/operator/&#x27;<br/>test_name = &#x27;DequantizeLinear_23&#x27;<br/><br/>    @pytest.mark.parametrize((&quot;test_name&quot;), operator_tests_to_run)<br/>    def test_tidl_unit_operator(no_subprocess : bool, tidl_offload : bool, run_infer : bool, operator_tests_root_fixture : str, test_name : str):<br/>        &#x27;&#x27;&#x27;<br/>        Pytest for tidl unit operator tests using the edgeai-benchmark framework<br/>        &#x27;&#x27;&#x27;<br/>        testdir_parent = operator_tests_root_fixture<br/>        for i in range(len(operator_tests_to_run)):<br/>            if operator_tests_to_run[i] == test_name:<br/>                testdir_parent = operator_tests_parent_dir[i]<br/>                break<br/>    <br/>&gt;       perform_tidl_unit(no_subprocess=no_subprocess,<br/>                          tidl_offload    = tidl_offload,<br/>                          run_infer       = run_infer,<br/>                          test_name       = test_name,<br/>                          test_suite      = &quot;operator&quot;,<br/>                          testdir_parent  = testdir_parent)<br/><br/>test_tidl_unit.py:70: <br/>_ _ _ _ _ _ _ _ _ _ _ _ _ _ _ _ _ _ _ _ _ _ _ _ _ _ _ _ _ _ _ _ _ _ _ _ _ _ _ _ <br/>test_tidl_unit.py:89: in perform_tidl_unit<br/>    perform_tidl_unit_subprocess(tidl_offload    = tidl_offload,<br/>_ _ _ _ _ _ _ _ _ _ _ _ _ _ _ _ _ _ _ _ _ _ _ _ _ _ _ _ _ _ _ _ _ _ _ _ _ _ _ _ <br/><br/>tidl_offload = True, run_infer = True, test_name = &#x27;DequantizeLinear_23&#x27;, test_suite = &#x27;operator&#x27;<br/>testdir_parent = &#x27;tidl_unit_test_data/operator/DequantizeLinear&#x27;<br/><br/>    def perform_tidl_unit_subprocess(tidl_offload : bool, run_infer : bool, test_name : str, test_suite : str, testdir_parent : str):<br/>        &#x27;&#x27;&#x27;<br/>        Perform an tidl unit test using a subprocess (in order to properly capture output for fatal errors)<br/>        Called by perform_tidl_unit<br/>        &#x27;&#x27;&#x27;<br/>    <br/>        kwargs = {&quot;tidl_offload&quot;   : tidl_offload,<br/>                  &quot;run_infer&quot;      : run_infer,<br/>                  &quot;test_name&quot;      : test_name,<br/>                  &quot;test_suite&quot;     : test_suite,<br/>                  &quot;testdir_parent&quot; : testdir_parent}<br/>    <br/>        p = Process(target=perform_tidl_unit_oneprocess, kwargs=kwargs)<br/>        p.start()<br/>    <br/>    <br/>        # Note: This timeout parameter must be lower than the pytest-timeout parameter<br/>        #       passed to the pytest command (on the command line or in pytest.ini)<br/>        p.join(timeout=600)<br/>        if p.is_alive():<br/>            p.terminate()<br/>    <br/>            # Cleanup leftover files<br/>            for f in glob.glob(&quot;/dev/shm/vashm_buff_*&quot;):<br/>                os.remove(f)<br/>    <br/>&gt;       assert p.exitcode == 0, f&quot;Received nonzero exit code: {p.exitcode}&quot;<br/><span class="error">E       AssertionError: Received nonzero exit code: 1</span><br/><span class="error">E       assert 1 == 0</span><br/><span class="error">E        +  where 1 = &lt;Process name=&#x27;Process-3&#x27; pid=1855795 parent=1853549 stopped exitcode=1&gt;.exitcode</span><br/><br/>test_tidl_unit.py:123: AssertionError[gw18] linux -- Python 3.10.16 /home/tidl/.pyenv/versions/benchmark/bin/python3<br/> ------------------------------Captured stdout call------------------------------ <br/>libtidl_onnxrt_EP loaded 0x5eefb8b3f7b0 
Final number of subgraphs created are : 1, - Offloaded Nodes - 1, Total Nodes - 1 
Invoke  : ERROR: Unable to open network file ./work_dirs/modelartifacts/8bits/DequantizeLinear_23/artifacts/subgraph_0_tidl_net.bin 
<br/> ------------------------------Captured stderr call------------------------------ <br/>Process Process-3:
Traceback (most recent call last):
  File &quot;/home/tidl/.pyenv/versions/3.10.16/lib/python3.10/multiprocessing/process.py&quot;, line 314, in _bootstrap
    self.run()
  File &quot;/home/tidl/.pyenv/versions/3.10.16/lib/python3.10/multiprocessing/process.py&quot;, line 108, in run
    self._target(*self._args, **self._kwargs)
  File &quot;/home/tidl/pranav/edgeai-benchmark/tests/tidl_unit/test_tidl_unit.py&quot;, line 167, in perform_tidl_unit_oneprocess
    results_list = onnxruntime_wrapper.run_inference(tidl_unit_dataset[0])
  File &quot;/home/tidl/pranav/edgeai-benchmark/edgeai_benchmark/core/onnxrt_runtime.py&quot;, line 78, in run_inference
    self.start_inference()
  File &quot;/home/tidl/pranav/edgeai-benchmark/edgeai_benchmark/core/onnxrt_runtime.py&quot;, line 70, in start_inference
    self.interpreter = self._create_interpreter(is_import=False)
  File &quot;/home/tidl/pranav/edgeai-benchmark/edgeai_benchmark/core/onnxrt_runtime.py&quot;, line 120, in _create_interpreter
    interpreter = onnxruntime.InferenceSession(self.kwargs[&#x27;model_file&#x27;], providers=ep_list,
  File &quot;/home/tidl/.pyenv/versions/benchmark/lib/python3.10/site-packages/onnxruntime/capi/onnxruntime_inference_collection.py&quot;, line 387, in __init__
    self._create_inference_session(providers, provider_options, disabled_optimizers)
  File &quot;/home/tidl/.pyenv/versions/benchmark/lib/python3.10/site-packages/onnxruntime/capi/onnxruntime_inference_collection.py&quot;, line 439, in _create_inference_session
    sess.initialize_session(providers, provider_options, disabled_optimizers)
onnxruntime.capi.onnxruntime_pybind11_state.Fail: [ONNXRuntimeError] : 1 : FAIL : Create state function failed. Return value:-1
<br/></div></td></tr></tbody>
      <tbody class="failed results-table-row">
        <tr>
          <td class="col-result">Failed</td>
          <td class="col-name">test_tidl_unit.py::test_tidl_unit_operator[DequantizeLinear_17]</td>
          <td>1</td>
          <td>True</td>
          <td class="col-duration">0.04</td>
          <td class="col-links"></td></tr>
        <tr>
          <td class="extra" colspan="6">
            <div class="log">[gw0] linux -- Python 3.10.16 /home/tidl/.pyenv/versions/benchmark/bin/python3<br/>[gw0] linux -- Python 3.10.16 /home/tidl/.pyenv/versions/benchmark/bin/python3[gw0] linux -- Python 3.10.16 /home/tidl/.pyenv/versions/benchmark/bin/python3<br/><br/>no_subprocess = False, tidl_offload = True, run_infer = True, operator_tests_root_fixture = &#x27;tidl_unit_test_data/operator/&#x27;<br/>test_name = &#x27;DequantizeLinear_17&#x27;<br/><br/>    @pytest.mark.parametrize((&quot;test_name&quot;), operator_tests_to_run)<br/>    def test_tidl_unit_operator(no_subprocess : bool, tidl_offload : bool, run_infer : bool, operator_tests_root_fixture : str, test_name : str):<br/>        &#x27;&#x27;&#x27;<br/>        Pytest for tidl unit operator tests using the edgeai-benchmark framework<br/>        &#x27;&#x27;&#x27;<br/>        testdir_parent = operator_tests_root_fixture<br/>        for i in range(len(operator_tests_to_run)):<br/>            if operator_tests_to_run[i] == test_name:<br/>                testdir_parent = operator_tests_parent_dir[i]<br/>                break<br/>    <br/>&gt;       perform_tidl_unit(no_subprocess=no_subprocess,<br/>                          tidl_offload    = tidl_offload,<br/>                          run_infer       = run_infer,<br/>                          test_name       = test_name,<br/>                          test_suite      = &quot;operator&quot;,<br/>                          testdir_parent  = testdir_parent)<br/><br/>test_tidl_unit.py:70: <br/>_ _ _ _ _ _ _ _ _ _ _ _ _ _ _ _ _ _ _ _ _ _ _ _ _ _ _ _ _ _ _ _ _ _ _ _ _ _ _ _ <br/>test_tidl_unit.py:89: in perform_tidl_unit<br/>    perform_tidl_unit_subprocess(tidl_offload    = tidl_offload,<br/>_ _ _ _ _ _ _ _ _ _ _ _ _ _ _ _ _ _ _ _ _ _ _ _ _ _ _ _ _ _ _ _ _ _ _ _ _ _ _ _ <br/><br/>tidl_offload = True, run_infer = True, test_name = &#x27;DequantizeLinear_17&#x27;, test_suite = &#x27;operator&#x27;<br/>testdir_parent = &#x27;tidl_unit_test_data/operator/DequantizeLinear&#x27;<br/><br/>    def perform_tidl_unit_subprocess(tidl_offload : bool, run_infer : bool, test_name : str, test_suite : str, testdir_parent : str):<br/>        &#x27;&#x27;&#x27;<br/>        Perform an tidl unit test using a subprocess (in order to properly capture output for fatal errors)<br/>        Called by perform_tidl_unit<br/>        &#x27;&#x27;&#x27;<br/>    <br/>        kwargs = {&quot;tidl_offload&quot;   : tidl_offload,<br/>                  &quot;run_infer&quot;      : run_infer,<br/>                  &quot;test_name&quot;      : test_name,<br/>                  &quot;test_suite&quot;     : test_suite,<br/>                  &quot;testdir_parent&quot; : testdir_parent}<br/>    <br/>        p = Process(target=perform_tidl_unit_oneprocess, kwargs=kwargs)<br/>        p.start()<br/>    <br/>    <br/>        # Note: This timeout parameter must be lower than the pytest-timeout parameter<br/>        #       passed to the pytest command (on the command line or in pytest.ini)<br/>        p.join(timeout=600)<br/>        if p.is_alive():<br/>            p.terminate()<br/>    <br/>            # Cleanup leftover files<br/>            for f in glob.glob(&quot;/dev/shm/vashm_buff_*&quot;):<br/>                os.remove(f)<br/>    <br/>&gt;       assert p.exitcode == 0, f&quot;Received nonzero exit code: {p.exitcode}&quot;<br/><span class="error">E       AssertionError: Received nonzero exit code: 1</span><br/><span class="error">E       assert 1 == 0</span><br/><span class="error">E        +  where 1 = &lt;Process name=&#x27;Process-2&#x27; pid=1855890 parent=1852862 stopped exitcode=1&gt;.exitcode</span><br/><br/>test_tidl_unit.py:123: AssertionError[gw0] linux -- Python 3.10.16 /home/tidl/.pyenv/versions/benchmark/bin/python3<br/> ------------------------------Captured stdout call------------------------------ <br/>libtidl_onnxrt_EP loaded 0x5587fa8c8410 
Final number of subgraphs created are : 1, - Offloaded Nodes - 1, Total Nodes - 1 
Invoke  : ERROR: Unable to open network file ./work_dirs/modelartifacts/8bits/DequantizeLinear_17/artifacts/subgraph_0_tidl_net.bin 
<br/> ------------------------------Captured stderr call------------------------------ <br/>Process Process-2:
Traceback (most recent call last):
  File &quot;/home/tidl/.pyenv/versions/3.10.16/lib/python3.10/multiprocessing/process.py&quot;, line 314, in _bootstrap
    self.run()
  File &quot;/home/tidl/.pyenv/versions/3.10.16/lib/python3.10/multiprocessing/process.py&quot;, line 108, in run
    self._target(*self._args, **self._kwargs)
  File &quot;/home/tidl/pranav/edgeai-benchmark/tests/tidl_unit/test_tidl_unit.py&quot;, line 167, in perform_tidl_unit_oneprocess
    results_list = onnxruntime_wrapper.run_inference(tidl_unit_dataset[0])
  File &quot;/home/tidl/pranav/edgeai-benchmark/edgeai_benchmark/core/onnxrt_runtime.py&quot;, line 78, in run_inference
    self.start_inference()
  File &quot;/home/tidl/pranav/edgeai-benchmark/edgeai_benchmark/core/onnxrt_runtime.py&quot;, line 70, in start_inference
    self.interpreter = self._create_interpreter(is_import=False)
  File &quot;/home/tidl/pranav/edgeai-benchmark/edgeai_benchmark/core/onnxrt_runtime.py&quot;, line 120, in _create_interpreter
    interpreter = onnxruntime.InferenceSession(self.kwargs[&#x27;model_file&#x27;], providers=ep_list,
  File &quot;/home/tidl/.pyenv/versions/benchmark/lib/python3.10/site-packages/onnxruntime/capi/onnxruntime_inference_collection.py&quot;, line 387, in __init__
    self._create_inference_session(providers, provider_options, disabled_optimizers)
  File &quot;/home/tidl/.pyenv/versions/benchmark/lib/python3.10/site-packages/onnxruntime/capi/onnxruntime_inference_collection.py&quot;, line 439, in _create_inference_session
    sess.initialize_session(providers, provider_options, disabled_optimizers)
onnxruntime.capi.onnxruntime_pybind11_state.Fail: [ONNXRuntimeError] : 1 : FAIL : Create state function failed. Return value:-1
<br/></div></td></tr></tbody>
      <tbody class="failed results-table-row">
        <tr>
          <td class="col-result">Failed</td>
          <td class="col-name">test_tidl_unit.py::test_tidl_unit_operator[DequantizeLinear_26]</td>
          <td>1</td>
          <td>True</td>
          <td class="col-duration">0.04</td>
          <td class="col-links"></td></tr>
        <tr>
          <td class="extra" colspan="6">
            <div class="log">[gw15] linux -- Python 3.10.16 /home/tidl/.pyenv/versions/benchmark/bin/python3<br/>[gw15] linux -- Python 3.10.16 /home/tidl/.pyenv/versions/benchmark/bin/python3[gw15] linux -- Python 3.10.16 /home/tidl/.pyenv/versions/benchmark/bin/python3<br/><br/>no_subprocess = False, tidl_offload = True, run_infer = True, operator_tests_root_fixture = &#x27;tidl_unit_test_data/operator/&#x27;<br/>test_name = &#x27;DequantizeLinear_26&#x27;<br/><br/>    @pytest.mark.parametrize((&quot;test_name&quot;), operator_tests_to_run)<br/>    def test_tidl_unit_operator(no_subprocess : bool, tidl_offload : bool, run_infer : bool, operator_tests_root_fixture : str, test_name : str):<br/>        &#x27;&#x27;&#x27;<br/>        Pytest for tidl unit operator tests using the edgeai-benchmark framework<br/>        &#x27;&#x27;&#x27;<br/>        testdir_parent = operator_tests_root_fixture<br/>        for i in range(len(operator_tests_to_run)):<br/>            if operator_tests_to_run[i] == test_name:<br/>                testdir_parent = operator_tests_parent_dir[i]<br/>                break<br/>    <br/>&gt;       perform_tidl_unit(no_subprocess=no_subprocess,<br/>                          tidl_offload    = tidl_offload,<br/>                          run_infer       = run_infer,<br/>                          test_name       = test_name,<br/>                          test_suite      = &quot;operator&quot;,<br/>                          testdir_parent  = testdir_parent)<br/><br/>test_tidl_unit.py:70: <br/>_ _ _ _ _ _ _ _ _ _ _ _ _ _ _ _ _ _ _ _ _ _ _ _ _ _ _ _ _ _ _ _ _ _ _ _ _ _ _ _ <br/>test_tidl_unit.py:89: in perform_tidl_unit<br/>    perform_tidl_unit_subprocess(tidl_offload    = tidl_offload,<br/>_ _ _ _ _ _ _ _ _ _ _ _ _ _ _ _ _ _ _ _ _ _ _ _ _ _ _ _ _ _ _ _ _ _ _ _ _ _ _ _ <br/><br/>tidl_offload = True, run_infer = True, test_name = &#x27;DequantizeLinear_26&#x27;, test_suite = &#x27;operator&#x27;<br/>testdir_parent = &#x27;tidl_unit_test_data/operator/DequantizeLinear&#x27;<br/><br/>    def perform_tidl_unit_subprocess(tidl_offload : bool, run_infer : bool, test_name : str, test_suite : str, testdir_parent : str):<br/>        &#x27;&#x27;&#x27;<br/>        Perform an tidl unit test using a subprocess (in order to properly capture output for fatal errors)<br/>        Called by perform_tidl_unit<br/>        &#x27;&#x27;&#x27;<br/>    <br/>        kwargs = {&quot;tidl_offload&quot;   : tidl_offload,<br/>                  &quot;run_infer&quot;      : run_infer,<br/>                  &quot;test_name&quot;      : test_name,<br/>                  &quot;test_suite&quot;     : test_suite,<br/>                  &quot;testdir_parent&quot; : testdir_parent}<br/>    <br/>        p = Process(target=perform_tidl_unit_oneprocess, kwargs=kwargs)<br/>        p.start()<br/>    <br/>    <br/>        # Note: This timeout parameter must be lower than the pytest-timeout parameter<br/>        #       passed to the pytest command (on the command line or in pytest.ini)<br/>        p.join(timeout=600)<br/>        if p.is_alive():<br/>            p.terminate()<br/>    <br/>            # Cleanup leftover files<br/>            for f in glob.glob(&quot;/dev/shm/vashm_buff_*&quot;):<br/>                os.remove(f)<br/>    <br/>&gt;       assert p.exitcode == 0, f&quot;Received nonzero exit code: {p.exitcode}&quot;<br/><span class="error">E       AssertionError: Received nonzero exit code: 1</span><br/><span class="error">E       assert 1 == 0</span><br/><span class="error">E        +  where 1 = &lt;Process name=&#x27;Process-4&#x27; pid=1855891 parent=1853414 stopped exitcode=1&gt;.exitcode</span><br/><br/>test_tidl_unit.py:123: AssertionError[gw15] linux -- Python 3.10.16 /home/tidl/.pyenv/versions/benchmark/bin/python3<br/> ------------------------------Captured stdout call------------------------------ <br/>libtidl_onnxrt_EP loaded 0x639a560a8a90 
Final number of subgraphs created are : 1, - Offloaded Nodes - 1, Total Nodes - 1 
Invoke  : ERROR: Unable to open network file ./work_dirs/modelartifacts/8bits/DequantizeLinear_26/artifacts/subgraph_0_tidl_net.bin 
<br/> ------------------------------Captured stderr call------------------------------ <br/>Process Process-4:
Traceback (most recent call last):
  File &quot;/home/tidl/.pyenv/versions/3.10.16/lib/python3.10/multiprocessing/process.py&quot;, line 314, in _bootstrap
    self.run()
  File &quot;/home/tidl/.pyenv/versions/3.10.16/lib/python3.10/multiprocessing/process.py&quot;, line 108, in run
    self._target(*self._args, **self._kwargs)
  File &quot;/home/tidl/pranav/edgeai-benchmark/tests/tidl_unit/test_tidl_unit.py&quot;, line 167, in perform_tidl_unit_oneprocess
    results_list = onnxruntime_wrapper.run_inference(tidl_unit_dataset[0])
  File &quot;/home/tidl/pranav/edgeai-benchmark/edgeai_benchmark/core/onnxrt_runtime.py&quot;, line 78, in run_inference
    self.start_inference()
  File &quot;/home/tidl/pranav/edgeai-benchmark/edgeai_benchmark/core/onnxrt_runtime.py&quot;, line 70, in start_inference
    self.interpreter = self._create_interpreter(is_import=False)
  File &quot;/home/tidl/pranav/edgeai-benchmark/edgeai_benchmark/core/onnxrt_runtime.py&quot;, line 120, in _create_interpreter
    interpreter = onnxruntime.InferenceSession(self.kwargs[&#x27;model_file&#x27;], providers=ep_list,
  File &quot;/home/tidl/.pyenv/versions/benchmark/lib/python3.10/site-packages/onnxruntime/capi/onnxruntime_inference_collection.py&quot;, line 387, in __init__
    self._create_inference_session(providers, provider_options, disabled_optimizers)
  File &quot;/home/tidl/.pyenv/versions/benchmark/lib/python3.10/site-packages/onnxruntime/capi/onnxruntime_inference_collection.py&quot;, line 439, in _create_inference_session
    sess.initialize_session(providers, provider_options, disabled_optimizers)
onnxruntime.capi.onnxruntime_pybind11_state.Fail: [ONNXRuntimeError] : 1 : FAIL : Create state function failed. Return value:-1
<br/></div></td></tr></tbody>
      <tbody class="failed results-table-row">
        <tr>
          <td class="col-result">Failed</td>
          <td class="col-name">test_tidl_unit.py::test_tidl_unit_operator[DequantizeLinear_38]</td>
          <td>1</td>
          <td>True</td>
          <td class="col-duration">0.04</td>
          <td class="col-links"></td></tr>
        <tr>
          <td class="extra" colspan="6">
            <div class="log">[gw9] linux -- Python 3.10.16 /home/tidl/.pyenv/versions/benchmark/bin/python3<br/>[gw9] linux -- Python 3.10.16 /home/tidl/.pyenv/versions/benchmark/bin/python3[gw9] linux -- Python 3.10.16 /home/tidl/.pyenv/versions/benchmark/bin/python3<br/><br/>no_subprocess = False, tidl_offload = True, run_infer = True, operator_tests_root_fixture = &#x27;tidl_unit_test_data/operator/&#x27;<br/>test_name = &#x27;DequantizeLinear_38&#x27;<br/><br/>    @pytest.mark.parametrize((&quot;test_name&quot;), operator_tests_to_run)<br/>    def test_tidl_unit_operator(no_subprocess : bool, tidl_offload : bool, run_infer : bool, operator_tests_root_fixture : str, test_name : str):<br/>        &#x27;&#x27;&#x27;<br/>        Pytest for tidl unit operator tests using the edgeai-benchmark framework<br/>        &#x27;&#x27;&#x27;<br/>        testdir_parent = operator_tests_root_fixture<br/>        for i in range(len(operator_tests_to_run)):<br/>            if operator_tests_to_run[i] == test_name:<br/>                testdir_parent = operator_tests_parent_dir[i]<br/>                break<br/>    <br/>&gt;       perform_tidl_unit(no_subprocess=no_subprocess,<br/>                          tidl_offload    = tidl_offload,<br/>                          run_infer       = run_infer,<br/>                          test_name       = test_name,<br/>                          test_suite      = &quot;operator&quot;,<br/>                          testdir_parent  = testdir_parent)<br/><br/>test_tidl_unit.py:70: <br/>_ _ _ _ _ _ _ _ _ _ _ _ _ _ _ _ _ _ _ _ _ _ _ _ _ _ _ _ _ _ _ _ _ _ _ _ _ _ _ _ <br/>test_tidl_unit.py:89: in perform_tidl_unit<br/>    perform_tidl_unit_subprocess(tidl_offload    = tidl_offload,<br/>_ _ _ _ _ _ _ _ _ _ _ _ _ _ _ _ _ _ _ _ _ _ _ _ _ _ _ _ _ _ _ _ _ _ _ _ _ _ _ _ <br/><br/>tidl_offload = True, run_infer = True, test_name = &#x27;DequantizeLinear_38&#x27;, test_suite = &#x27;operator&#x27;<br/>testdir_parent = &#x27;tidl_unit_test_data/operator/DequantizeLinear&#x27;<br/><br/>    def perform_tidl_unit_subprocess(tidl_offload : bool, run_infer : bool, test_name : str, test_suite : str, testdir_parent : str):<br/>        &#x27;&#x27;&#x27;<br/>        Perform an tidl unit test using a subprocess (in order to properly capture output for fatal errors)<br/>        Called by perform_tidl_unit<br/>        &#x27;&#x27;&#x27;<br/>    <br/>        kwargs = {&quot;tidl_offload&quot;   : tidl_offload,<br/>                  &quot;run_infer&quot;      : run_infer,<br/>                  &quot;test_name&quot;      : test_name,<br/>                  &quot;test_suite&quot;     : test_suite,<br/>                  &quot;testdir_parent&quot; : testdir_parent}<br/>    <br/>        p = Process(target=perform_tidl_unit_oneprocess, kwargs=kwargs)<br/>        p.start()<br/>    <br/>    <br/>        # Note: This timeout parameter must be lower than the pytest-timeout parameter<br/>        #       passed to the pytest command (on the command line or in pytest.ini)<br/>        p.join(timeout=600)<br/>        if p.is_alive():<br/>            p.terminate()<br/>    <br/>            # Cleanup leftover files<br/>            for f in glob.glob(&quot;/dev/shm/vashm_buff_*&quot;):<br/>                os.remove(f)<br/>    <br/>&gt;       assert p.exitcode == 0, f&quot;Received nonzero exit code: {p.exitcode}&quot;<br/><span class="error">E       AssertionError: Received nonzero exit code: 1</span><br/><span class="error">E       assert 1 == 0</span><br/><span class="error">E        +  where 1 = &lt;Process name=&#x27;Process-3&#x27; pid=1855894 parent=1853080 stopped exitcode=1&gt;.exitcode</span><br/><br/>test_tidl_unit.py:123: AssertionError[gw9] linux -- Python 3.10.16 /home/tidl/.pyenv/versions/benchmark/bin/python3<br/> ------------------------------Captured stdout call------------------------------ <br/>libtidl_onnxrt_EP loaded 0x60e206796790 
Final number of subgraphs created are : 1, - Offloaded Nodes - 1, Total Nodes - 1 
Invoke  : ERROR: Unable to open network file ./work_dirs/modelartifacts/8bits/DequantizeLinear_38/artifacts/subgraph_0_tidl_net.bin 
<br/> ------------------------------Captured stderr call------------------------------ <br/>Process Process-3:
Traceback (most recent call last):
  File &quot;/home/tidl/.pyenv/versions/3.10.16/lib/python3.10/multiprocessing/process.py&quot;, line 314, in _bootstrap
    self.run()
  File &quot;/home/tidl/.pyenv/versions/3.10.16/lib/python3.10/multiprocessing/process.py&quot;, line 108, in run
    self._target(*self._args, **self._kwargs)
  File &quot;/home/tidl/pranav/edgeai-benchmark/tests/tidl_unit/test_tidl_unit.py&quot;, line 167, in perform_tidl_unit_oneprocess
    results_list = onnxruntime_wrapper.run_inference(tidl_unit_dataset[0])
  File &quot;/home/tidl/pranav/edgeai-benchmark/edgeai_benchmark/core/onnxrt_runtime.py&quot;, line 78, in run_inference
    self.start_inference()
  File &quot;/home/tidl/pranav/edgeai-benchmark/edgeai_benchmark/core/onnxrt_runtime.py&quot;, line 70, in start_inference
    self.interpreter = self._create_interpreter(is_import=False)
  File &quot;/home/tidl/pranav/edgeai-benchmark/edgeai_benchmark/core/onnxrt_runtime.py&quot;, line 120, in _create_interpreter
    interpreter = onnxruntime.InferenceSession(self.kwargs[&#x27;model_file&#x27;], providers=ep_list,
  File &quot;/home/tidl/.pyenv/versions/benchmark/lib/python3.10/site-packages/onnxruntime/capi/onnxruntime_inference_collection.py&quot;, line 387, in __init__
    self._create_inference_session(providers, provider_options, disabled_optimizers)
  File &quot;/home/tidl/.pyenv/versions/benchmark/lib/python3.10/site-packages/onnxruntime/capi/onnxruntime_inference_collection.py&quot;, line 439, in _create_inference_session
    sess.initialize_session(providers, provider_options, disabled_optimizers)
onnxruntime.capi.onnxruntime_pybind11_state.Fail: [ONNXRuntimeError] : 1 : FAIL : Create state function failed. Return value:-1
<br/></div></td></tr></tbody>
      <tbody class="passed results-table-row">
        <tr>
          <td class="col-result">Passed</td>
          <td class="col-name">test_tidl_unit.py::test_tidl_unit_operator[DequantizeLinear_54]</td>
          <td>0</td>
          <td>-</td>
          <td class="col-duration">0.10</td>
          <td class="col-links"></td></tr>
        <tr>
          <td class="extra" colspan="6">
            <div class="log">[gw3] linux -- Python 3.10.16 /home/tidl/.pyenv/versions/benchmark/bin/python3<br/>[gw3] linux -- Python 3.10.16 /home/tidl/.pyenv/versions/benchmark/bin/python3[gw3] linux -- Python 3.10.16 /home/tidl/.pyenv/versions/benchmark/bin/python3[gw3] linux -- Python 3.10.16 /home/tidl/.pyenv/versions/benchmark/bin/python3<br/> ------------------------------Captured stdout call------------------------------ <br/>libtidl_onnxrt_EP loaded 0x5d81c820a4d0 
Final number of subgraphs created are : 0, - Offloaded Nodes - 0, Total Nodes - 1 

MAX_NMSE: 0


PERFORMANCE:

	Num TIDL Subgraphs                    :   0
	Total Time (ms)                       :   0.74
	Core Time (ms)                        :   0.74
	TIDL Subgraphs Processing Time (ms)   :   0.00
	DDR Read Bandwidth (MB/s)             :   0.00
	DDR Write Bandwidth (MB/s)            :   0.00

<br/></div></td></tr></tbody>
      <tbody class="passed results-table-row">
        <tr>
          <td class="col-result">Passed</td>
          <td class="col-name">test_tidl_unit.py::test_tidl_unit_operator[DequantizeLinear_28]</td>
          <td>0</td>
          <td>-</td>
          <td class="col-duration">0.10</td>
          <td class="col-links"></td></tr>
        <tr>
          <td class="extra" colspan="6">
            <div class="log">[gw14] linux -- Python 3.10.16 /home/tidl/.pyenv/versions/benchmark/bin/python3<br/>[gw14] linux -- Python 3.10.16 /home/tidl/.pyenv/versions/benchmark/bin/python3[gw14] linux -- Python 3.10.16 /home/tidl/.pyenv/versions/benchmark/bin/python3[gw14] linux -- Python 3.10.16 /home/tidl/.pyenv/versions/benchmark/bin/python3<br/> ------------------------------Captured stdout call------------------------------ <br/>libtidl_onnxrt_EP loaded 0x55766dccf400 
Final number of subgraphs created are : 0, - Offloaded Nodes - 0, Total Nodes - 1 

MAX_NMSE: 0


PERFORMANCE:

	Num TIDL Subgraphs                    :   0
	Total Time (ms)                       :   0.37
	Core Time (ms)                        :   0.37
	TIDL Subgraphs Processing Time (ms)   :   0.00
	DDR Read Bandwidth (MB/s)             :   0.00
	DDR Write Bandwidth (MB/s)            :   0.00

<br/></div></td></tr></tbody>
      <tbody class="passed results-table-row">
        <tr>
          <td class="col-result">Passed</td>
          <td class="col-name">test_tidl_unit.py::test_tidl_unit_operator[DequantizeLinear_42]</td>
          <td>0</td>
          <td>-</td>
          <td class="col-duration">0.10</td>
          <td class="col-links"></td></tr>
        <tr>
          <td class="extra" colspan="6">
            <div class="log">[gw16] linux -- Python 3.10.16 /home/tidl/.pyenv/versions/benchmark/bin/python3<br/>[gw16] linux -- Python 3.10.16 /home/tidl/.pyenv/versions/benchmark/bin/python3[gw16] linux -- Python 3.10.16 /home/tidl/.pyenv/versions/benchmark/bin/python3[gw16] linux -- Python 3.10.16 /home/tidl/.pyenv/versions/benchmark/bin/python3<br/> ------------------------------Captured stdout call------------------------------ <br/>libtidl_onnxrt_EP loaded 0x62f5173b34e0 
Final number of subgraphs created are : 0, - Offloaded Nodes - 0, Total Nodes - 1 

MAX_NMSE: 0


PERFORMANCE:

	Num TIDL Subgraphs                    :   0
	Total Time (ms)                       :   0.93
	Core Time (ms)                        :   0.93
	TIDL Subgraphs Processing Time (ms)   :   0.00
	DDR Read Bandwidth (MB/s)             :   0.00
	DDR Write Bandwidth (MB/s)            :   0.00

<br/></div></td></tr></tbody>
      <tbody class="passed results-table-row">
        <tr>
          <td class="col-result">Passed</td>
          <td class="col-name">test_tidl_unit.py::test_tidl_unit_operator[DequantizeLinear_58]</td>
          <td>0</td>
          <td>-</td>
          <td class="col-duration">0.10</td>
          <td class="col-links"></td></tr>
        <tr>
          <td class="extra" colspan="6">
            <div class="log">[gw8] linux -- Python 3.10.16 /home/tidl/.pyenv/versions/benchmark/bin/python3<br/>[gw8] linux -- Python 3.10.16 /home/tidl/.pyenv/versions/benchmark/bin/python3[gw8] linux -- Python 3.10.16 /home/tidl/.pyenv/versions/benchmark/bin/python3[gw8] linux -- Python 3.10.16 /home/tidl/.pyenv/versions/benchmark/bin/python3<br/> ------------------------------Captured stdout call------------------------------ <br/>libtidl_onnxrt_EP loaded 0x601a04809ef0 
Final number of subgraphs created are : 0, - Offloaded Nodes - 0, Total Nodes - 1 

MAX_NMSE: 0


PERFORMANCE:

	Num TIDL Subgraphs                    :   0
	Total Time (ms)                       :   0.02
	Core Time (ms)                        :   0.02
	TIDL Subgraphs Processing Time (ms)   :   0.00
	DDR Read Bandwidth (MB/s)             :   0.00
	DDR Write Bandwidth (MB/s)            :   0.00

<br/></div></td></tr></tbody>
      <tbody class="passed results-table-row">
        <tr>
          <td class="col-result">Passed</td>
          <td class="col-name">test_tidl_unit.py::test_tidl_unit_operator[DequantizeLinear_21]</td>
          <td>0</td>
          <td>-</td>
          <td class="col-duration">0.10</td>
          <td class="col-links"></td></tr>
        <tr>
          <td class="extra" colspan="6">
            <div class="log">[gw19] linux -- Python 3.10.16 /home/tidl/.pyenv/versions/benchmark/bin/python3<br/>[gw19] linux -- Python 3.10.16 /home/tidl/.pyenv/versions/benchmark/bin/python3[gw19] linux -- Python 3.10.16 /home/tidl/.pyenv/versions/benchmark/bin/python3[gw19] linux -- Python 3.10.16 /home/tidl/.pyenv/versions/benchmark/bin/python3<br/> ------------------------------Captured stdout call------------------------------ <br/>libtidl_onnxrt_EP loaded 0x5cac6c97e3f0 
Final number of subgraphs created are : 0, - Offloaded Nodes - 0, Total Nodes - 1 

MAX_NMSE: 0


PERFORMANCE:

	Num TIDL Subgraphs                    :   0
	Total Time (ms)                       :   0.04
	Core Time (ms)                        :   0.04
	TIDL Subgraphs Processing Time (ms)   :   0.00
	DDR Read Bandwidth (MB/s)             :   0.00
	DDR Write Bandwidth (MB/s)            :   0.00

<br/></div></td></tr></tbody>
      <tbody class="passed results-table-row">
        <tr>
          <td class="col-result">Passed</td>
          <td class="col-name">test_tidl_unit.py::test_tidl_unit_operator[DequantizeLinear_9]</td>
          <td>0</td>
          <td>-</td>
          <td class="col-duration">0.10</td>
          <td class="col-links"></td></tr>
        <tr>
          <td class="extra" colspan="6">
            <div class="log">[gw12] linux -- Python 3.10.16 /home/tidl/.pyenv/versions/benchmark/bin/python3<br/>[gw12] linux -- Python 3.10.16 /home/tidl/.pyenv/versions/benchmark/bin/python3[gw12] linux -- Python 3.10.16 /home/tidl/.pyenv/versions/benchmark/bin/python3[gw12] linux -- Python 3.10.16 /home/tidl/.pyenv/versions/benchmark/bin/python3<br/> ------------------------------Captured stdout call------------------------------ <br/>libtidl_onnxrt_EP loaded 0x5c285ea02650 
Final number of subgraphs created are : 0, - Offloaded Nodes - 0, Total Nodes - 1 

MAX_NMSE: 0


PERFORMANCE:

	Num TIDL Subgraphs                    :   0
	Total Time (ms)                       :   0.01
	Core Time (ms)                        :   0.01
	TIDL Subgraphs Processing Time (ms)   :   0.00
	DDR Read Bandwidth (MB/s)             :   0.00
	DDR Write Bandwidth (MB/s)            :   0.00

<br/></div></td></tr></tbody>
      <tbody class="passed results-table-row">
        <tr>
          <td class="col-result">Passed</td>
          <td class="col-name">test_tidl_unit.py::test_tidl_unit_operator[DequantizeLinear_46]</td>
          <td>0</td>
          <td>-</td>
          <td class="col-duration">0.09</td>
          <td class="col-links"></td></tr>
        <tr>
          <td class="extra" colspan="6">
            <div class="log">[gw23] linux -- Python 3.10.16 /home/tidl/.pyenv/versions/benchmark/bin/python3<br/>[gw23] linux -- Python 3.10.16 /home/tidl/.pyenv/versions/benchmark/bin/python3[gw23] linux -- Python 3.10.16 /home/tidl/.pyenv/versions/benchmark/bin/python3[gw23] linux -- Python 3.10.16 /home/tidl/.pyenv/versions/benchmark/bin/python3<br/> ------------------------------Captured stdout call------------------------------ <br/>libtidl_onnxrt_EP loaded 0x5a12a29802f0 
Final number of subgraphs created are : 0, - Offloaded Nodes - 0, Total Nodes - 1 

MAX_NMSE: 0


PERFORMANCE:

	Num TIDL Subgraphs                    :   0
	Total Time (ms)                       :   0.06
	Core Time (ms)                        :   0.06
	TIDL Subgraphs Processing Time (ms)   :   0.00
	DDR Read Bandwidth (MB/s)             :   0.00
	DDR Write Bandwidth (MB/s)            :   0.00

<br/></div></td></tr></tbody>
      <tbody class="passed results-table-row">
        <tr>
          <td class="col-result">Passed</td>
          <td class="col-name">test_tidl_unit.py::test_tidl_unit_operator[DequantizeLinear_16]</td>
          <td>0</td>
          <td>-</td>
          <td class="col-duration">0.09</td>
          <td class="col-links"></td></tr>
        <tr>
          <td class="extra" colspan="6">
            <div class="log">[gw11] linux -- Python 3.10.16 /home/tidl/.pyenv/versions/benchmark/bin/python3<br/>[gw11] linux -- Python 3.10.16 /home/tidl/.pyenv/versions/benchmark/bin/python3[gw11] linux -- Python 3.10.16 /home/tidl/.pyenv/versions/benchmark/bin/python3[gw11] linux -- Python 3.10.16 /home/tidl/.pyenv/versions/benchmark/bin/python3<br/> ------------------------------Captured stdout call------------------------------ <br/>libtidl_onnxrt_EP loaded 0x57c7a2d87fe0 
Final number of subgraphs created are : 0, - Offloaded Nodes - 0, Total Nodes - 1 

MAX_NMSE: 0


PERFORMANCE:

	Num TIDL Subgraphs                    :   0
	Total Time (ms)                       :   0.01
	Core Time (ms)                        :   0.01
	TIDL Subgraphs Processing Time (ms)   :   0.00
	DDR Read Bandwidth (MB/s)             :   0.00
	DDR Write Bandwidth (MB/s)            :   0.00

<br/></div></td></tr></tbody>
      <tbody class="passed results-table-row">
        <tr>
          <td class="col-result">Passed</td>
          <td class="col-name">test_tidl_unit.py::test_tidl_unit_operator[DequantizeLinear_24]</td>
          <td>0</td>
          <td>-</td>
          <td class="col-duration">0.09</td>
          <td class="col-links"></td></tr>
        <tr>
          <td class="extra" colspan="6">
            <div class="log">[gw15] linux -- Python 3.10.16 /home/tidl/.pyenv/versions/benchmark/bin/python3<br/>[gw15] linux -- Python 3.10.16 /home/tidl/.pyenv/versions/benchmark/bin/python3[gw15] linux -- Python 3.10.16 /home/tidl/.pyenv/versions/benchmark/bin/python3[gw15] linux -- Python 3.10.16 /home/tidl/.pyenv/versions/benchmark/bin/python3<br/> ------------------------------Captured stdout call------------------------------ <br/>libtidl_onnxrt_EP loaded 0x639a56073a20 
Final number of subgraphs created are : 0, - Offloaded Nodes - 0, Total Nodes - 1 

MAX_NMSE: 0


PERFORMANCE:

	Num TIDL Subgraphs                    :   0
	Total Time (ms)                       :   0.10
	Core Time (ms)                        :   0.10
	TIDL Subgraphs Processing Time (ms)   :   0.00
	DDR Read Bandwidth (MB/s)             :   0.00
	DDR Write Bandwidth (MB/s)            :   0.00

<br/></div></td></tr></tbody>
      <tbody class="passed results-table-row">
        <tr>
          <td class="col-result">Passed</td>
          <td class="col-name">test_tidl_unit.py::test_tidl_unit_operator[DequantizeLinear_36]</td>
          <td>0</td>
          <td>-</td>
          <td class="col-duration">0.09</td>
          <td class="col-links"></td></tr>
        <tr>
          <td class="extra" colspan="6">
            <div class="log">[gw20] linux -- Python 3.10.16 /home/tidl/.pyenv/versions/benchmark/bin/python3<br/>[gw20] linux -- Python 3.10.16 /home/tidl/.pyenv/versions/benchmark/bin/python3[gw20] linux -- Python 3.10.16 /home/tidl/.pyenv/versions/benchmark/bin/python3[gw20] linux -- Python 3.10.16 /home/tidl/.pyenv/versions/benchmark/bin/python3<br/> ------------------------------Captured stdout call------------------------------ <br/>libtidl_onnxrt_EP loaded 0x58511c0aa990 
Final number of subgraphs created are : 0, - Offloaded Nodes - 0, Total Nodes - 1 

MAX_NMSE: 0


PERFORMANCE:

	Num TIDL Subgraphs                    :   0
	Total Time (ms)                       :   1.90
	Core Time (ms)                        :   1.90
	TIDL Subgraphs Processing Time (ms)   :   0.00
	DDR Read Bandwidth (MB/s)             :   0.00
	DDR Write Bandwidth (MB/s)            :   0.00

<br/></div></td></tr></tbody>
      <tbody class="passed results-table-row">
        <tr>
          <td class="col-result">Passed</td>
          <td class="col-name">test_tidl_unit.py::test_tidl_unit_operator[DequantizeLinear_64]</td>
          <td>0</td>
          <td>-</td>
          <td class="col-duration">0.10</td>
          <td class="col-links"></td></tr>
        <tr>
          <td class="extra" colspan="6">
            <div class="log">[gw21] linux -- Python 3.10.16 /home/tidl/.pyenv/versions/benchmark/bin/python3<br/>[gw21] linux -- Python 3.10.16 /home/tidl/.pyenv/versions/benchmark/bin/python3[gw21] linux -- Python 3.10.16 /home/tidl/.pyenv/versions/benchmark/bin/python3[gw21] linux -- Python 3.10.16 /home/tidl/.pyenv/versions/benchmark/bin/python3<br/> ------------------------------Captured stdout call------------------------------ <br/>libtidl_onnxrt_EP loaded 0x6037fea61c80 
Final number of subgraphs created are : 0, - Offloaded Nodes - 0, Total Nodes - 1 

MAX_NMSE: 0


PERFORMANCE:

	Num TIDL Subgraphs                    :   0
	Total Time (ms)                       :   0.30
	Core Time (ms)                        :   0.30
	TIDL Subgraphs Processing Time (ms)   :   0.00
	DDR Read Bandwidth (MB/s)             :   0.00
	DDR Write Bandwidth (MB/s)            :   0.00

<br/></div></td></tr></tbody>
      <tbody class="passed results-table-row">
        <tr>
          <td class="col-result">Passed</td>
          <td class="col-name">test_tidl_unit.py::test_tidl_unit_operator[DequantizeLinear_19]</td>
          <td>0</td>
          <td>-</td>
          <td class="col-duration">0.10</td>
          <td class="col-links"></td></tr>
        <tr>
          <td class="extra" colspan="6">
            <div class="log">[gw18] linux -- Python 3.10.16 /home/tidl/.pyenv/versions/benchmark/bin/python3<br/>[gw18] linux -- Python 3.10.16 /home/tidl/.pyenv/versions/benchmark/bin/python3[gw18] linux -- Python 3.10.16 /home/tidl/.pyenv/versions/benchmark/bin/python3[gw18] linux -- Python 3.10.16 /home/tidl/.pyenv/versions/benchmark/bin/python3<br/> ------------------------------Captured stdout call------------------------------ <br/>libtidl_onnxrt_EP loaded 0x5eefb8b307f0 
Final number of subgraphs created are : 0, - Offloaded Nodes - 0, Total Nodes - 1 

MAX_NMSE: 0


PERFORMANCE:

	Num TIDL Subgraphs                    :   0
	Total Time (ms)                       :   0.04
	Core Time (ms)                        :   0.04
	TIDL Subgraphs Processing Time (ms)   :   0.00
	DDR Read Bandwidth (MB/s)             :   0.00
	DDR Write Bandwidth (MB/s)            :   0.00

<br/></div></td></tr></tbody>
      <tbody class="passed results-table-row">
        <tr>
          <td class="col-result">Passed</td>
          <td class="col-name">test_tidl_unit.py::test_tidl_unit_operator[DequantizeLinear_49]</td>
          <td>0</td>
          <td>-</td>
          <td class="col-duration">0.09</td>
          <td class="col-links"></td></tr>
        <tr>
          <td class="extra" colspan="6">
            <div class="log">[gw4] linux -- Python 3.10.16 /home/tidl/.pyenv/versions/benchmark/bin/python3<br/>[gw4] linux -- Python 3.10.16 /home/tidl/.pyenv/versions/benchmark/bin/python3[gw4] linux -- Python 3.10.16 /home/tidl/.pyenv/versions/benchmark/bin/python3[gw4] linux -- Python 3.10.16 /home/tidl/.pyenv/versions/benchmark/bin/python3<br/> ------------------------------Captured stdout call------------------------------ <br/>libtidl_onnxrt_EP loaded 0x5f845de1d560 
Final number of subgraphs created are : 0, - Offloaded Nodes - 0, Total Nodes - 1 

MAX_NMSE: 0


PERFORMANCE:

	Num TIDL Subgraphs                    :   0
	Total Time (ms)                       :   0.28
	Core Time (ms)                        :   0.28
	TIDL Subgraphs Processing Time (ms)   :   0.00
	DDR Read Bandwidth (MB/s)             :   0.00
	DDR Write Bandwidth (MB/s)            :   0.00

<br/></div></td></tr></tbody>
      <tbody class="passed results-table-row">
        <tr>
          <td class="col-result">Passed</td>
          <td class="col-name">test_tidl_unit.py::test_tidl_unit_operator[DequantizeLinear_27]</td>
          <td>0</td>
          <td>-</td>
          <td class="col-duration">0.10</td>
          <td class="col-links"></td></tr>
        <tr>
          <td class="extra" colspan="6">
            <div class="log">[gw22] linux -- Python 3.10.16 /home/tidl/.pyenv/versions/benchmark/bin/python3<br/>[gw22] linux -- Python 3.10.16 /home/tidl/.pyenv/versions/benchmark/bin/python3[gw22] linux -- Python 3.10.16 /home/tidl/.pyenv/versions/benchmark/bin/python3[gw22] linux -- Python 3.10.16 /home/tidl/.pyenv/versions/benchmark/bin/python3<br/> ------------------------------Captured stdout call------------------------------ <br/>libtidl_onnxrt_EP loaded 0x6428e2d865c0 
Final number of subgraphs created are : 0, - Offloaded Nodes - 0, Total Nodes - 1 

MAX_NMSE: 0


PERFORMANCE:

	Num TIDL Subgraphs                    :   0
	Total Time (ms)                       :   0.35
	Core Time (ms)                        :   0.35
	TIDL Subgraphs Processing Time (ms)   :   0.00
	DDR Read Bandwidth (MB/s)             :   0.00
	DDR Write Bandwidth (MB/s)            :   0.00

<br/></div></td></tr></tbody>
      <tbody class="passed results-table-row">
        <tr>
          <td class="col-result">Passed</td>
          <td class="col-name">test_tidl_unit.py::test_tidl_unit_operator[DequantizeLinear_12]</td>
          <td>0</td>
          <td>-</td>
          <td class="col-duration">0.10</td>
          <td class="col-links"></td></tr>
        <tr>
          <td class="extra" colspan="6">
            <div class="log">[gw9] linux -- Python 3.10.16 /home/tidl/.pyenv/versions/benchmark/bin/python3<br/>[gw9] linux -- Python 3.10.16 /home/tidl/.pyenv/versions/benchmark/bin/python3[gw9] linux -- Python 3.10.16 /home/tidl/.pyenv/versions/benchmark/bin/python3[gw9] linux -- Python 3.10.16 /home/tidl/.pyenv/versions/benchmark/bin/python3<br/> ------------------------------Captured stdout call------------------------------ <br/>libtidl_onnxrt_EP loaded 0x60e20674f9e0 
Final number of subgraphs created are : 0, - Offloaded Nodes - 0, Total Nodes - 1 

MAX_NMSE: 0


PERFORMANCE:

	Num TIDL Subgraphs                    :   0
	Total Time (ms)                       :   0.01
	Core Time (ms)                        :   0.01
	TIDL Subgraphs Processing Time (ms)   :   0.00
	DDR Read Bandwidth (MB/s)             :   0.00
	DDR Write Bandwidth (MB/s)            :   0.00

<br/></div></td></tr></tbody>
      <tbody class="passed results-table-row">
        <tr>
          <td class="col-result">Passed</td>
          <td class="col-name">test_tidl_unit.py::test_tidl_unit_operator[DequantizeLinear_57]</td>
          <td>0</td>
          <td>-</td>
          <td class="col-duration">0.10</td>
          <td class="col-links"></td></tr>
        <tr>
          <td class="extra" colspan="6">
            <div class="log">[gw11] linux -- Python 3.10.16 /home/tidl/.pyenv/versions/benchmark/bin/python3<br/>[gw11] linux -- Python 3.10.16 /home/tidl/.pyenv/versions/benchmark/bin/python3[gw11] linux -- Python 3.10.16 /home/tidl/.pyenv/versions/benchmark/bin/python3[gw11] linux -- Python 3.10.16 /home/tidl/.pyenv/versions/benchmark/bin/python3<br/> ------------------------------Captured stdout call------------------------------ <br/>libtidl_onnxrt_EP loaded 0x57c7a2d8b740 
Final number of subgraphs created are : 0, - Offloaded Nodes - 0, Total Nodes - 1 

MAX_NMSE: 0


PERFORMANCE:

	Num TIDL Subgraphs                    :   0
	Total Time (ms)                       :   0.01
	Core Time (ms)                        :   0.01
	TIDL Subgraphs Processing Time (ms)   :   0.00
	DDR Read Bandwidth (MB/s)             :   0.00
	DDR Write Bandwidth (MB/s)            :   0.00

<br/></div></td></tr></tbody>
      <tbody class="passed results-table-row">
        <tr>
          <td class="col-result">Passed</td>
          <td class="col-name">test_tidl_unit.py::test_tidl_unit_operator[DequantizeLinear_6]</td>
          <td>0</td>
          <td>-</td>
          <td class="col-duration">0.05</td>
          <td class="col-links"></td></tr>
        <tr>
          <td class="extra" colspan="6">
            <div class="log">[gw23] linux -- Python 3.10.16 /home/tidl/.pyenv/versions/benchmark/bin/python3<br/>[gw23] linux -- Python 3.10.16 /home/tidl/.pyenv/versions/benchmark/bin/python3[gw23] linux -- Python 3.10.16 /home/tidl/.pyenv/versions/benchmark/bin/python3[gw23] linux -- Python 3.10.16 /home/tidl/.pyenv/versions/benchmark/bin/python3<br/> ------------------------------Captured stdout call------------------------------ <br/>libtidl_onnxrt_EP loaded 0x5a12a2a616d0 
Final number of subgraphs created are : 0, - Offloaded Nodes - 0, Total Nodes - 1 

MAX_NMSE: 0


PERFORMANCE:

	Num TIDL Subgraphs                    :   0
	Total Time (ms)                       :   0.01
	Core Time (ms)                        :   0.01
	TIDL Subgraphs Processing Time (ms)   :   0.00
	DDR Read Bandwidth (MB/s)             :   0.00
	DDR Write Bandwidth (MB/s)            :   0.00

<br/></div></td></tr></tbody>
      <tbody class="passed results-table-row">
        <tr>
          <td class="col-result">Passed</td>
          <td class="col-name">test_tidl_unit.py::test_tidl_unit_operator[DequantizeLinear_3]</td>
          <td>0</td>
          <td>-</td>
          <td class="col-duration">0.05</td>
          <td class="col-links"></td></tr>
        <tr>
          <td class="extra" colspan="6">
            <div class="log">[gw15] linux -- Python 3.10.16 /home/tidl/.pyenv/versions/benchmark/bin/python3<br/>[gw15] linux -- Python 3.10.16 /home/tidl/.pyenv/versions/benchmark/bin/python3[gw15] linux -- Python 3.10.16 /home/tidl/.pyenv/versions/benchmark/bin/python3[gw15] linux -- Python 3.10.16 /home/tidl/.pyenv/versions/benchmark/bin/python3<br/> ------------------------------Captured stdout call------------------------------ <br/>libtidl_onnxrt_EP loaded 0x639a5614d700 
Final number of subgraphs created are : 0, - Offloaded Nodes - 0, Total Nodes - 1 

MAX_NMSE: 0


PERFORMANCE:

	Num TIDL Subgraphs                    :   0
	Total Time (ms)                       :   0.02
	Core Time (ms)                        :   0.02
	TIDL Subgraphs Processing Time (ms)   :   0.00
	DDR Read Bandwidth (MB/s)             :   0.00
	DDR Write Bandwidth (MB/s)            :   0.00

<br/></div></td></tr></tbody>
      <tbody class="passed results-table-row">
        <tr>
          <td class="col-result">Passed</td>
          <td class="col-name">test_tidl_unit.py::test_tidl_unit_operator[DequantizeLinear_33]</td>
          <td>0</td>
          <td>-</td>
          <td class="col-duration">0.16</td>
          <td class="col-links"></td></tr>
        <tr>
          <td class="extra" colspan="6">
            <div class="log">[gw14] linux -- Python 3.10.16 /home/tidl/.pyenv/versions/benchmark/bin/python3<br/>[gw14] linux -- Python 3.10.16 /home/tidl/.pyenv/versions/benchmark/bin/python3[gw14] linux -- Python 3.10.16 /home/tidl/.pyenv/versions/benchmark/bin/python3[gw14] linux -- Python 3.10.16 /home/tidl/.pyenv/versions/benchmark/bin/python3<br/> ------------------------------Captured stdout call------------------------------ <br/>libtidl_onnxrt_EP loaded 0x55766ddbbc20 
Final number of subgraphs created are : 0, - Offloaded Nodes - 0, Total Nodes - 1 

MAX_NMSE: 0


PERFORMANCE:

	Num TIDL Subgraphs                    :   0
	Total Time (ms)                       :   5.03
	Core Time (ms)                        :   5.03
	TIDL Subgraphs Processing Time (ms)   :   0.00
	DDR Read Bandwidth (MB/s)             :   0.00
	DDR Write Bandwidth (MB/s)            :   0.00

<br/></div></td></tr></tbody>
      <tbody class="passed results-table-row">
        <tr>
          <td class="col-result">Passed</td>
          <td class="col-name">test_tidl_unit.py::test_tidl_unit_operator[DequantizeLinear_45]</td>
          <td>0</td>
          <td>-</td>
          <td class="col-duration">0.12</td>
          <td class="col-links"></td></tr>
        <tr>
          <td class="extra" colspan="6">
            <div class="log">[gw12] linux -- Python 3.10.16 /home/tidl/.pyenv/versions/benchmark/bin/python3<br/>[gw12] linux -- Python 3.10.16 /home/tidl/.pyenv/versions/benchmark/bin/python3[gw12] linux -- Python 3.10.16 /home/tidl/.pyenv/versions/benchmark/bin/python3[gw12] linux -- Python 3.10.16 /home/tidl/.pyenv/versions/benchmark/bin/python3<br/> ------------------------------Captured stdout call------------------------------ <br/>libtidl_onnxrt_EP loaded 0x5c285ea045e0 
Final number of subgraphs created are : 0, - Offloaded Nodes - 0, Total Nodes - 1 

MAX_NMSE: 0


PERFORMANCE:

	Num TIDL Subgraphs                    :   0
	Total Time (ms)                       :   1.94
	Core Time (ms)                        :   1.94
	TIDL Subgraphs Processing Time (ms)   :   0.00
	DDR Read Bandwidth (MB/s)             :   0.00
	DDR Write Bandwidth (MB/s)            :   0.00

<br/></div></td></tr></tbody>
      <tbody class="passed results-table-row">
        <tr>
          <td class="col-result">Passed</td>
          <td class="col-name">test_tidl_unit.py::test_tidl_unit_operator[DequantizeLinear_15]</td>
          <td>0</td>
          <td>-</td>
          <td class="col-duration">0.09</td>
          <td class="col-links"></td></tr>
        <tr>
          <td class="extra" colspan="6">
            <div class="log">[gw22] linux -- Python 3.10.16 /home/tidl/.pyenv/versions/benchmark/bin/python3<br/>[gw22] linux -- Python 3.10.16 /home/tidl/.pyenv/versions/benchmark/bin/python3[gw22] linux -- Python 3.10.16 /home/tidl/.pyenv/versions/benchmark/bin/python3[gw22] linux -- Python 3.10.16 /home/tidl/.pyenv/versions/benchmark/bin/python3<br/> ------------------------------Captured stdout call------------------------------ <br/>libtidl_onnxrt_EP loaded 0x6428e2e73dc0 
Final number of subgraphs created are : 0, - Offloaded Nodes - 0, Total Nodes - 1 

MAX_NMSE: 0


PERFORMANCE:

	Num TIDL Subgraphs                    :   0
	Total Time (ms)                       :   0.01
	Core Time (ms)                        :   0.01
	TIDL Subgraphs Processing Time (ms)   :   0.00
	DDR Read Bandwidth (MB/s)             :   0.00
	DDR Write Bandwidth (MB/s)            :   0.00

<br/></div></td></tr></tbody>
      <tbody class="passed results-table-row">
        <tr>
          <td class="col-result">Passed</td>
          <td class="col-name">test_tidl_unit.py::test_tidl_unit_operator[DequantizeLinear_60]</td>
          <td>0</td>
          <td>-</td>
          <td class="col-duration">0.09</td>
          <td class="col-links"></td></tr>
        <tr>
          <td class="extra" colspan="6">
            <div class="log">[gw20] linux -- Python 3.10.16 /home/tidl/.pyenv/versions/benchmark/bin/python3<br/>[gw20] linux -- Python 3.10.16 /home/tidl/.pyenv/versions/benchmark/bin/python3[gw20] linux -- Python 3.10.16 /home/tidl/.pyenv/versions/benchmark/bin/python3[gw20] linux -- Python 3.10.16 /home/tidl/.pyenv/versions/benchmark/bin/python3<br/> ------------------------------Captured stdout call------------------------------ <br/>libtidl_onnxrt_EP loaded 0x58511c0af160 
Final number of subgraphs created are : 0, - Offloaded Nodes - 0, Total Nodes - 1 

MAX_NMSE: 0


PERFORMANCE:

	Num TIDL Subgraphs                    :   0
	Total Time (ms)                       :   0.01
	Core Time (ms)                        :   0.01
	TIDL Subgraphs Processing Time (ms)   :   0.00
	DDR Read Bandwidth (MB/s)             :   0.00
	DDR Write Bandwidth (MB/s)            :   0.00

<br/></div></td></tr></tbody>
      <tbody class="passed results-table-row">
        <tr>
          <td class="col-result">Passed</td>
          <td class="col-name">test_tidl_unit.py::test_tidl_unit_operator[DequantizeLinear_18]</td>
          <td>0</td>
          <td>-</td>
          <td class="col-duration">0.05</td>
          <td class="col-links"></td></tr>
        <tr>
          <td class="extra" colspan="6">
            <div class="log">[gw8] linux -- Python 3.10.16 /home/tidl/.pyenv/versions/benchmark/bin/python3<br/>[gw8] linux -- Python 3.10.16 /home/tidl/.pyenv/versions/benchmark/bin/python3[gw8] linux -- Python 3.10.16 /home/tidl/.pyenv/versions/benchmark/bin/python3[gw8] linux -- Python 3.10.16 /home/tidl/.pyenv/versions/benchmark/bin/python3<br/> ------------------------------Captured stdout call------------------------------ <br/>libtidl_onnxrt_EP loaded 0x601a0480d610 
Final number of subgraphs created are : 0, - Offloaded Nodes - 0, Total Nodes - 1 

MAX_NMSE: 0


PERFORMANCE:

	Num TIDL Subgraphs                    :   0
	Total Time (ms)                       :   0.02
	Core Time (ms)                        :   0.02
	TIDL Subgraphs Processing Time (ms)   :   0.00
	DDR Read Bandwidth (MB/s)             :   0.00
	DDR Write Bandwidth (MB/s)            :   0.00

<br/></div></td></tr></tbody>
      <tbody class="passed results-table-row">
        <tr>
          <td class="col-result">Passed</td>
          <td class="col-name">test_tidl_unit.py::test_tidl_unit_operator[DequantizeLinear_4]</td>
          <td>0</td>
          <td>-</td>
          <td class="col-duration">0.07</td>
          <td class="col-links"></td></tr>
        <tr>
          <td class="extra" colspan="6">
            <div class="log">[gw3] linux -- Python 3.10.16 /home/tidl/.pyenv/versions/benchmark/bin/python3<br/>[gw3] linux -- Python 3.10.16 /home/tidl/.pyenv/versions/benchmark/bin/python3[gw3] linux -- Python 3.10.16 /home/tidl/.pyenv/versions/benchmark/bin/python3[gw3] linux -- Python 3.10.16 /home/tidl/.pyenv/versions/benchmark/bin/python3<br/> ------------------------------Captured stdout call------------------------------ <br/>libtidl_onnxrt_EP loaded 0x5d81c82f65e0 
Final number of subgraphs created are : 0, - Offloaded Nodes - 0, Total Nodes - 1 

MAX_NMSE: 0


PERFORMANCE:

	Num TIDL Subgraphs                    :   0
	Total Time (ms)                       :   0.01
	Core Time (ms)                        :   0.01
	TIDL Subgraphs Processing Time (ms)   :   0.00
	DDR Read Bandwidth (MB/s)             :   0.00
	DDR Write Bandwidth (MB/s)            :   0.00

<br/></div></td></tr></tbody>
      <tbody class="passed results-table-row">
        <tr>
          <td class="col-result">Passed</td>
          <td class="col-name">test_tidl_unit.py::test_tidl_unit_operator[DequantizeLinear_63]</td>
          <td>0</td>
          <td>-</td>
          <td class="col-duration">0.08</td>
          <td class="col-links"></td></tr>
        <tr>
          <td class="extra" colspan="6">
            <div class="log">[gw16] linux -- Python 3.10.16 /home/tidl/.pyenv/versions/benchmark/bin/python3<br/>[gw16] linux -- Python 3.10.16 /home/tidl/.pyenv/versions/benchmark/bin/python3[gw16] linux -- Python 3.10.16 /home/tidl/.pyenv/versions/benchmark/bin/python3[gw16] linux -- Python 3.10.16 /home/tidl/.pyenv/versions/benchmark/bin/python3<br/> ------------------------------Captured stdout call------------------------------ <br/>libtidl_onnxrt_EP loaded 0x62f5172d01a0 
Final number of subgraphs created are : 0, - Offloaded Nodes - 0, Total Nodes - 1 

MAX_NMSE: 0


PERFORMANCE:

	Num TIDL Subgraphs                    :   0
	Total Time (ms)                       :   0.03
	Core Time (ms)                        :   0.03
	TIDL Subgraphs Processing Time (ms)   :   0.00
	DDR Read Bandwidth (MB/s)             :   0.00
	DDR Write Bandwidth (MB/s)            :   0.00

<br/></div></td></tr></tbody>
      <tbody class="passed results-table-row">
        <tr>
          <td class="col-result">Passed</td>
          <td class="col-name">test_tidl_unit.py::test_tidl_unit_operator[DequantizeLinear_51]</td>
          <td>0</td>
          <td>-</td>
          <td class="col-duration">0.05</td>
          <td class="col-links"></td></tr>
        <tr>
          <td class="extra" colspan="6">
            <div class="log">[gw19] linux -- Python 3.10.16 /home/tidl/.pyenv/versions/benchmark/bin/python3<br/>[gw19] linux -- Python 3.10.16 /home/tidl/.pyenv/versions/benchmark/bin/python3[gw19] linux -- Python 3.10.16 /home/tidl/.pyenv/versions/benchmark/bin/python3[gw19] linux -- Python 3.10.16 /home/tidl/.pyenv/versions/benchmark/bin/python3<br/> ------------------------------Captured stdout call------------------------------ <br/>libtidl_onnxrt_EP loaded 0x5cac6c978ed0 
Final number of subgraphs created are : 0, - Offloaded Nodes - 0, Total Nodes - 1 

MAX_NMSE: 0


PERFORMANCE:

	Num TIDL Subgraphs                    :   0
	Total Time (ms)                       :   0.25
	Core Time (ms)                        :   0.25
	TIDL Subgraphs Processing Time (ms)   :   0.00
	DDR Read Bandwidth (MB/s)             :   0.00
	DDR Write Bandwidth (MB/s)            :   0.00

<br/></div></td></tr></tbody>
      <tbody class="passed results-table-row">
        <tr>
          <td class="col-result">Passed</td>
          <td class="col-name">test_tidl_unit.py::test_tidl_unit_operator[DequantizeLinear_25]</td>
          <td>0</td>
          <td>-</td>
          <td class="col-duration">0.13</td>
          <td class="col-links"></td></tr>
        <tr>
          <td class="extra" colspan="6">
            <div class="log">[gw21] linux -- Python 3.10.16 /home/tidl/.pyenv/versions/benchmark/bin/python3<br/>[gw21] linux -- Python 3.10.16 /home/tidl/.pyenv/versions/benchmark/bin/python3[gw21] linux -- Python 3.10.16 /home/tidl/.pyenv/versions/benchmark/bin/python3[gw21] linux -- Python 3.10.16 /home/tidl/.pyenv/versions/benchmark/bin/python3<br/> ------------------------------Captured stdout call------------------------------ <br/>libtidl_onnxrt_EP loaded 0x6037fea64710 
Final number of subgraphs created are : 0, - Offloaded Nodes - 0, Total Nodes - 1 

MAX_NMSE: 0


PERFORMANCE:

	Num TIDL Subgraphs                    :   0
	Total Time (ms)                       :   1.49
	Core Time (ms)                        :   1.49
	TIDL Subgraphs Processing Time (ms)   :   0.00
	DDR Read Bandwidth (MB/s)             :   0.00
	DDR Write Bandwidth (MB/s)            :   0.00

<br/></div></td></tr></tbody>
      <tbody class="passed results-table-row">
        <tr>
          <td class="col-result">Passed</td>
          <td class="col-name">test_tidl_unit.py::test_tidl_unit_operator[DequantizeLinear_31]</td>
          <td>0</td>
          <td>-</td>
          <td class="col-duration">0.23</td>
          <td class="col-links"></td></tr>
        <tr>
          <td class="extra" colspan="6">
            <div class="log">[gw18] linux -- Python 3.10.16 /home/tidl/.pyenv/versions/benchmark/bin/python3<br/>[gw18] linux -- Python 3.10.16 /home/tidl/.pyenv/versions/benchmark/bin/python3[gw18] linux -- Python 3.10.16 /home/tidl/.pyenv/versions/benchmark/bin/python3[gw18] linux -- Python 3.10.16 /home/tidl/.pyenv/versions/benchmark/bin/python3<br/> ------------------------------Captured stdout call------------------------------ <br/>libtidl_onnxrt_EP loaded 0x5eefb8c14d20 
Final number of subgraphs created are : 0, - Offloaded Nodes - 0, Total Nodes - 1 

MAX_NMSE: 0


PERFORMANCE:

	Num TIDL Subgraphs                    :   0
	Total Time (ms)                       :   1.26
	Core Time (ms)                        :   1.26
	TIDL Subgraphs Processing Time (ms)   :   0.00
	DDR Read Bandwidth (MB/s)             :   0.00
	DDR Write Bandwidth (MB/s)            :   0.00

<br/></div></td></tr></tbody>
      <tbody class="passed results-table-row">
        <tr>
          <td class="col-result">Passed</td>
          <td class="col-name">test_tidl_unit.py::test_tidl_unit_operator[DequantizeLinear_48]</td>
          <td>0</td>
          <td>-</td>
          <td class="col-duration">0.09</td>
          <td class="col-links"></td></tr>
        <tr>
          <td class="extra" colspan="6">
            <div class="log">[gw8] linux -- Python 3.10.16 /home/tidl/.pyenv/versions/benchmark/bin/python3<br/>[gw8] linux -- Python 3.10.16 /home/tidl/.pyenv/versions/benchmark/bin/python3[gw8] linux -- Python 3.10.16 /home/tidl/.pyenv/versions/benchmark/bin/python3[gw8] linux -- Python 3.10.16 /home/tidl/.pyenv/versions/benchmark/bin/python3<br/> ------------------------------Captured stdout call------------------------------ <br/>libtidl_onnxrt_EP loaded 0x601a0472e720 
Final number of subgraphs created are : 0, - Offloaded Nodes - 0, Total Nodes - 1 

MAX_NMSE: 0


PERFORMANCE:

	Num TIDL Subgraphs                    :   0
	Total Time (ms)                       :   0.06
	Core Time (ms)                        :   0.06
	TIDL Subgraphs Processing Time (ms)   :   0.00
	DDR Read Bandwidth (MB/s)             :   0.00
	DDR Write Bandwidth (MB/s)            :   0.00

<br/></div></td></tr></tbody>
      <tbody class="passed results-table-row">
        <tr>
          <td class="col-result">Passed</td>
          <td class="col-name">test_tidl_unit.py::test_tidl_unit_operator[DequantizeLinear_7]</td>
          <td>0</td>
          <td>-</td>
          <td class="col-duration">0.18</td>
          <td class="col-links"></td></tr>
        <tr>
          <td class="extra" colspan="6">
            <div class="log">[gw23] linux -- Python 3.10.16 /home/tidl/.pyenv/versions/benchmark/bin/python3<br/>[gw23] linux -- Python 3.10.16 /home/tidl/.pyenv/versions/benchmark/bin/python3[gw23] linux -- Python 3.10.16 /home/tidl/.pyenv/versions/benchmark/bin/python3[gw23] linux -- Python 3.10.16 /home/tidl/.pyenv/versions/benchmark/bin/python3<br/> ------------------------------Captured stdout call------------------------------ <br/>libtidl_onnxrt_EP loaded 0x5a12a2a62a40 
Final number of subgraphs created are : 0, - Offloaded Nodes - 0, Total Nodes - 1 

MAX_NMSE: 0


PERFORMANCE:

	Num TIDL Subgraphs                    :   0
	Total Time (ms)                       :   0.02
	Core Time (ms)                        :   0.02
	TIDL Subgraphs Processing Time (ms)   :   0.00
	DDR Read Bandwidth (MB/s)             :   0.00
	DDR Write Bandwidth (MB/s)            :   0.00

<br/></div></td></tr></tbody>
      <tbody class="passed results-table-row">
        <tr>
          <td class="col-result">Passed</td>
          <td class="col-name">test_tidl_unit.py::test_tidl_unit_operator[DequantizeLinear_40]</td>
          <td>0</td>
          <td>-</td>
          <td class="col-duration">0.14</td>
          <td class="col-links"></td></tr>
        <tr>
          <td class="extra" colspan="6">
            <div class="log">[gw2] linux -- Python 3.10.16 /home/tidl/.pyenv/versions/benchmark/bin/python3<br/>[gw2] linux -- Python 3.10.16 /home/tidl/.pyenv/versions/benchmark/bin/python3[gw2] linux -- Python 3.10.16 /home/tidl/.pyenv/versions/benchmark/bin/python3[gw2] linux -- Python 3.10.16 /home/tidl/.pyenv/versions/benchmark/bin/python3<br/> ------------------------------Captured stdout call------------------------------ <br/>libtidl_onnxrt_EP loaded 0x58613c5e1090 
Final number of subgraphs created are : 0, - Offloaded Nodes - 0, Total Nodes - 1 

MAX_NMSE: 0


PERFORMANCE:

	Num TIDL Subgraphs                    :   0
	Total Time (ms)                       :   0.89
	Core Time (ms)                        :   0.89
	TIDL Subgraphs Processing Time (ms)   :   0.00
	DDR Read Bandwidth (MB/s)             :   0.00
	DDR Write Bandwidth (MB/s)            :   0.00

<br/></div></td></tr></tbody>
      <tbody class="passed results-table-row">
        <tr>
          <td class="col-result">Passed</td>
          <td class="col-name">test_tidl_unit.py::test_tidl_unit_operator[DequantizeLinear_37]</td>
          <td>0</td>
          <td>-</td>
          <td class="col-duration">0.16</td>
          <td class="col-links"></td></tr>
        <tr>
          <td class="extra" colspan="6">
            <div class="log">[gw3] linux -- Python 3.10.16 /home/tidl/.pyenv/versions/benchmark/bin/python3<br/>[gw3] linux -- Python 3.10.16 /home/tidl/.pyenv/versions/benchmark/bin/python3[gw3] linux -- Python 3.10.16 /home/tidl/.pyenv/versions/benchmark/bin/python3[gw3] linux -- Python 3.10.16 /home/tidl/.pyenv/versions/benchmark/bin/python3<br/> ------------------------------Captured stdout call------------------------------ <br/>libtidl_onnxrt_EP loaded 0x5d81c82f8070 
Final number of subgraphs created are : 0, - Offloaded Nodes - 0, Total Nodes - 1 

MAX_NMSE: 0


PERFORMANCE:

	Num TIDL Subgraphs                    :   0
	Total Time (ms)                       :   7.89
	Core Time (ms)                        :   7.89
	TIDL Subgraphs Processing Time (ms)   :   0.00
	DDR Read Bandwidth (MB/s)             :   0.00
	DDR Write Bandwidth (MB/s)            :   0.00

<br/></div></td></tr></tbody>
      <tbody class="passed results-table-row">
        <tr>
          <td class="col-result">Passed</td>
          <td class="col-name">test_tidl_unit.py::test_tidl_unit_operator[DequantizeLinear_34]</td>
          <td>0</td>
          <td>-</td>
          <td class="col-duration">0.15</td>
          <td class="col-links"></td></tr>
        <tr>
          <td class="extra" colspan="6">
            <div class="log">[gw20] linux -- Python 3.10.16 /home/tidl/.pyenv/versions/benchmark/bin/python3<br/>[gw20] linux -- Python 3.10.16 /home/tidl/.pyenv/versions/benchmark/bin/python3[gw20] linux -- Python 3.10.16 /home/tidl/.pyenv/versions/benchmark/bin/python3[gw20] linux -- Python 3.10.16 /home/tidl/.pyenv/versions/benchmark/bin/python3<br/> ------------------------------Captured stdout call------------------------------ <br/>libtidl_onnxrt_EP loaded 0x58511c0aecf0 
Final number of subgraphs created are : 0, - Offloaded Nodes - 0, Total Nodes - 1 

MAX_NMSE: 0


PERFORMANCE:

	Num TIDL Subgraphs                    :   0
	Total Time (ms)                       :   3.92
	Core Time (ms)                        :   3.92
	TIDL Subgraphs Processing Time (ms)   :   0.00
	DDR Read Bandwidth (MB/s)             :   0.00
	DDR Write Bandwidth (MB/s)            :   0.00

<br/></div></td></tr></tbody>
      <tbody class="passed results-table-row">
        <tr>
          <td class="col-result">Passed</td>
          <td class="col-name">test_tidl_unit.py::test_tidl_unit_operator[DequantizeLinear_66]</td>
          <td>0</td>
          <td>-</td>
          <td class="col-duration">0.15</td>
          <td class="col-links"></td></tr>
        <tr>
          <td class="extra" colspan="6">
            <div class="log">[gw11] linux -- Python 3.10.16 /home/tidl/.pyenv/versions/benchmark/bin/python3<br/>[gw11] linux -- Python 3.10.16 /home/tidl/.pyenv/versions/benchmark/bin/python3[gw11] linux -- Python 3.10.16 /home/tidl/.pyenv/versions/benchmark/bin/python3[gw11] linux -- Python 3.10.16 /home/tidl/.pyenv/versions/benchmark/bin/python3<br/> ------------------------------Captured stdout call------------------------------ <br/>libtidl_onnxrt_EP loaded 0x57c7a2ca0190 
Final number of subgraphs created are : 0, - Offloaded Nodes - 0, Total Nodes - 1 

MAX_NMSE: 0


PERFORMANCE:

	Num TIDL Subgraphs                    :   0
	Total Time (ms)                       :   0.32
	Core Time (ms)                        :   0.32
	TIDL Subgraphs Processing Time (ms)   :   0.00
	DDR Read Bandwidth (MB/s)             :   0.00
	DDR Write Bandwidth (MB/s)            :   0.00

<br/></div></td></tr></tbody>
      <tbody class="passed results-table-row">
        <tr>
          <td class="col-result">Passed</td>
          <td class="col-name">test_tidl_unit.py::test_tidl_unit_operator[DequantizeLinear_22]</td>
          <td>0</td>
          <td>-</td>
          <td class="col-duration">0.11</td>
          <td class="col-links"></td></tr>
        <tr>
          <td class="extra" colspan="6">
            <div class="log">[gw12] linux -- Python 3.10.16 /home/tidl/.pyenv/versions/benchmark/bin/python3<br/>[gw12] linux -- Python 3.10.16 /home/tidl/.pyenv/versions/benchmark/bin/python3[gw12] linux -- Python 3.10.16 /home/tidl/.pyenv/versions/benchmark/bin/python3[gw12] linux -- Python 3.10.16 /home/tidl/.pyenv/versions/benchmark/bin/python3<br/> ------------------------------Captured stdout call------------------------------ <br/>libtidl_onnxrt_EP loaded 0x5c285e92eb50 
Final number of subgraphs created are : 0, - Offloaded Nodes - 0, Total Nodes - 1 

MAX_NMSE: 0


PERFORMANCE:

	Num TIDL Subgraphs                    :   0
	Total Time (ms)                       :   0.10
	Core Time (ms)                        :   0.10
	TIDL Subgraphs Processing Time (ms)   :   0.00
	DDR Read Bandwidth (MB/s)             :   0.00
	DDR Write Bandwidth (MB/s)            :   0.00

<br/></div></td></tr></tbody>
      <tbody class="passed results-table-row">
        <tr>
          <td class="col-result">Passed</td>
          <td class="col-name">test_tidl_unit.py::test_tidl_unit_operator[DequantizeLinear_43]</td>
          <td>0</td>
          <td>-</td>
          <td class="col-duration">0.16</td>
          <td class="col-links"></td></tr>
        <tr>
          <td class="extra" colspan="6">
            <div class="log">[gw5] linux -- Python 3.10.16 /home/tidl/.pyenv/versions/benchmark/bin/python3<br/>[gw5] linux -- Python 3.10.16 /home/tidl/.pyenv/versions/benchmark/bin/python3[gw5] linux -- Python 3.10.16 /home/tidl/.pyenv/versions/benchmark/bin/python3[gw5] linux -- Python 3.10.16 /home/tidl/.pyenv/versions/benchmark/bin/python3<br/> ------------------------------Captured stdout call------------------------------ <br/>libtidl_onnxrt_EP loaded 0x60d0eed4efc0 
Final number of subgraphs created are : 0, - Offloaded Nodes - 0, Total Nodes - 1 

MAX_NMSE: 0


PERFORMANCE:

	Num TIDL Subgraphs                    :   0
	Total Time (ms)                       :   6.25
	Core Time (ms)                        :   6.25
	TIDL Subgraphs Processing Time (ms)   :   0.00
	DDR Read Bandwidth (MB/s)             :   0.00
	DDR Write Bandwidth (MB/s)            :   0.00

<br/></div></td></tr></tbody>
      <tbody class="passed results-table-row">
        <tr>
          <td class="col-result">Passed</td>
          <td class="col-name">test_tidl_unit.py::test_tidl_unit_operator[DequantizeLinear_30]</td>
          <td>0</td>
          <td>-</td>
          <td class="col-duration">0.09</td>
          <td class="col-links"></td></tr>
        <tr>
          <td class="extra" colspan="6">
            <div class="log">[gw6] linux -- Python 3.10.16 /home/tidl/.pyenv/versions/benchmark/bin/python3<br/>[gw6] linux -- Python 3.10.16 /home/tidl/.pyenv/versions/benchmark/bin/python3[gw6] linux -- Python 3.10.16 /home/tidl/.pyenv/versions/benchmark/bin/python3[gw6] linux -- Python 3.10.16 /home/tidl/.pyenv/versions/benchmark/bin/python3<br/> ------------------------------Captured stdout call------------------------------ <br/>libtidl_onnxrt_EP loaded 0x57bd1e804a70 
Final number of subgraphs created are : 0, - Offloaded Nodes - 0, Total Nodes - 1 

MAX_NMSE: 0


PERFORMANCE:

	Num TIDL Subgraphs                    :   0
	Total Time (ms)                       :   0.37
	Core Time (ms)                        :   0.37
	TIDL Subgraphs Processing Time (ms)   :   0.00
	DDR Read Bandwidth (MB/s)             :   0.00
	DDR Write Bandwidth (MB/s)            :   0.00

<br/></div></td></tr></tbody>
      <tbody class="passed results-table-row">
        <tr>
          <td class="col-result">Passed</td>
          <td class="col-name">test_tidl_unit.py::test_tidl_unit_operator[DequantizeLinear_39]</td>
          <td>0</td>
          <td>-</td>
          <td class="col-duration">0.10</td>
          <td class="col-links"></td></tr>
        <tr>
          <td class="extra" colspan="6">
            <div class="log">[gw14] linux -- Python 3.10.16 /home/tidl/.pyenv/versions/benchmark/bin/python3<br/>[gw14] linux -- Python 3.10.16 /home/tidl/.pyenv/versions/benchmark/bin/python3[gw14] linux -- Python 3.10.16 /home/tidl/.pyenv/versions/benchmark/bin/python3[gw14] linux -- Python 3.10.16 /home/tidl/.pyenv/versions/benchmark/bin/python3<br/> ------------------------------Captured stdout call------------------------------ <br/>libtidl_onnxrt_EP loaded 0x55766ddbd2c0 
Final number of subgraphs created are : 0, - Offloaded Nodes - 0, Total Nodes - 1 

MAX_NMSE: 0


PERFORMANCE:

	Num TIDL Subgraphs                    :   0
	Total Time (ms)                       :   0.91
	Core Time (ms)                        :   0.91
	TIDL Subgraphs Processing Time (ms)   :   0.00
	DDR Read Bandwidth (MB/s)             :   0.00
	DDR Write Bandwidth (MB/s)            :   0.00

<br/></div></td></tr></tbody>
      <tbody class="passed results-table-row">
        <tr>
          <td class="col-result">Passed</td>
          <td class="col-name">test_tidl_unit.py::test_tidl_unit_operator[DequantizeLinear_10]</td>
          <td>0</td>
          <td>-</td>
          <td class="col-duration">0.07</td>
          <td class="col-links"></td></tr>
        <tr>
          <td class="extra" colspan="6">
            <div class="log">[gw7] linux -- Python 3.10.16 /home/tidl/.pyenv/versions/benchmark/bin/python3<br/>[gw7] linux -- Python 3.10.16 /home/tidl/.pyenv/versions/benchmark/bin/python3[gw7] linux -- Python 3.10.16 /home/tidl/.pyenv/versions/benchmark/bin/python3[gw7] linux -- Python 3.10.16 /home/tidl/.pyenv/versions/benchmark/bin/python3<br/> ------------------------------Captured stdout call------------------------------ <br/>libtidl_onnxrt_EP loaded 0x6196d0f27070 
Final number of subgraphs created are : 0, - Offloaded Nodes - 0, Total Nodes - 1 

MAX_NMSE: 0


PERFORMANCE:

	Num TIDL Subgraphs                    :   0
	Total Time (ms)                       :   0.01
	Core Time (ms)                        :   0.01
	TIDL Subgraphs Processing Time (ms)   :   0.00
	DDR Read Bandwidth (MB/s)             :   0.00
	DDR Write Bandwidth (MB/s)            :   0.00

<br/></div></td></tr></tbody>
      <tbody class="passed results-table-row">
        <tr>
          <td class="col-result">Passed</td>
          <td class="col-name">test_tidl_unit.py::test_tidl_unit_operator[DequantizeLinear_55]</td>
          <td>0</td>
          <td>-</td>
          <td class="col-duration">0.07</td>
          <td class="col-links"></td></tr>
        <tr>
          <td class="extra" colspan="6">
            <div class="log">[gw4] linux -- Python 3.10.16 /home/tidl/.pyenv/versions/benchmark/bin/python3<br/>[gw4] linux -- Python 3.10.16 /home/tidl/.pyenv/versions/benchmark/bin/python3[gw4] linux -- Python 3.10.16 /home/tidl/.pyenv/versions/benchmark/bin/python3[gw4] linux -- Python 3.10.16 /home/tidl/.pyenv/versions/benchmark/bin/python3<br/> ------------------------------Captured stdout call------------------------------ <br/>libtidl_onnxrt_EP loaded 0x5f845df4f510 
Final number of subgraphs created are : 0, - Offloaded Nodes - 0, Total Nodes - 1 

MAX_NMSE: 0


PERFORMANCE:

	Num TIDL Subgraphs                    :   0
	Total Time (ms)                       :   0.02
	Core Time (ms)                        :   0.02
	TIDL Subgraphs Processing Time (ms)   :   0.00
	DDR Read Bandwidth (MB/s)             :   0.00
	DDR Write Bandwidth (MB/s)            :   0.00

<br/></div></td></tr></tbody>
      <tbody class="passed results-table-row">
        <tr>
          <td class="col-result">Passed</td>
          <td class="col-name">test_tidl_unit.py::test_tidl_unit_operator[DequantizeLinear_13]</td>
          <td>0</td>
          <td>-</td>
          <td class="col-duration">0.05</td>
          <td class="col-links"></td></tr>
        <tr>
          <td class="extra" colspan="6">
            <div class="log">[gw23] linux -- Python 3.10.16 /home/tidl/.pyenv/versions/benchmark/bin/python3<br/>[gw23] linux -- Python 3.10.16 /home/tidl/.pyenv/versions/benchmark/bin/python3[gw23] linux -- Python 3.10.16 /home/tidl/.pyenv/versions/benchmark/bin/python3[gw23] linux -- Python 3.10.16 /home/tidl/.pyenv/versions/benchmark/bin/python3<br/> ------------------------------Captured stdout call------------------------------ <br/>libtidl_onnxrt_EP loaded 0x5a12a2a64770 
Final number of subgraphs created are : 0, - Offloaded Nodes - 0, Total Nodes - 1 

MAX_NMSE: 0


PERFORMANCE:

	Num TIDL Subgraphs                    :   0
	Total Time (ms)                       :   0.02
	Core Time (ms)                        :   0.02
	TIDL Subgraphs Processing Time (ms)   :   0.00
	DDR Read Bandwidth (MB/s)             :   0.00
	DDR Write Bandwidth (MB/s)            :   0.00

<br/></div></td></tr></tbody>
      <tbody class="passed results-table-row">
        <tr>
          <td class="col-result">Passed</td>
          <td class="col-name">test_tidl_unit.py::test_tidl_unit_operator[DequantizeLinear_1]</td>
          <td>0</td>
          <td>-</td>
          <td class="col-duration">0.04</td>
          <td class="col-links"></td></tr>
        <tr>
          <td class="extra" colspan="6">
            <div class="log">[gw13] linux -- Python 3.10.16 /home/tidl/.pyenv/versions/benchmark/bin/python3<br/>[gw13] linux -- Python 3.10.16 /home/tidl/.pyenv/versions/benchmark/bin/python3[gw13] linux -- Python 3.10.16 /home/tidl/.pyenv/versions/benchmark/bin/python3[gw13] linux -- Python 3.10.16 /home/tidl/.pyenv/versions/benchmark/bin/python3<br/> ------------------------------Captured stdout call------------------------------ <br/>libtidl_onnxrt_EP loaded 0x5d2d094b3970 
Final number of subgraphs created are : 0, - Offloaded Nodes - 0, Total Nodes - 1 

MAX_NMSE: 0


PERFORMANCE:

	Num TIDL Subgraphs                    :   0
	Total Time (ms)                       :   0.01
	Core Time (ms)                        :   0.01
	TIDL Subgraphs Processing Time (ms)   :   0.00
	DDR Read Bandwidth (MB/s)             :   0.00
	DDR Write Bandwidth (MB/s)            :   0.00

<br/></div></td></tr></tbody>
      <tbody class="passed results-table-row">
        <tr>
          <td class="col-result">Passed</td>
          <td class="col-name">test_tidl_unit.py::test_tidl_unit_operator[DequantizeLinear_52]</td>
          <td>0</td>
          <td>-</td>
          <td class="col-duration">0.04</td>
          <td class="col-links"></td></tr>
        <tr>
          <td class="extra" colspan="6">
            <div class="log">[gw1] linux -- Python 3.10.16 /home/tidl/.pyenv/versions/benchmark/bin/python3<br/>[gw1] linux -- Python 3.10.16 /home/tidl/.pyenv/versions/benchmark/bin/python3[gw1] linux -- Python 3.10.16 /home/tidl/.pyenv/versions/benchmark/bin/python3[gw1] linux -- Python 3.10.16 /home/tidl/.pyenv/versions/benchmark/bin/python3<br/> ------------------------------Captured stdout call------------------------------ <br/>libtidl_onnxrt_EP loaded 0x5b6ea4c12f40 
Final number of subgraphs created are : 0, - Offloaded Nodes - 0, Total Nodes - 1 

MAX_NMSE: 0


PERFORMANCE:

	Num TIDL Subgraphs                    :   0
	Total Time (ms)                       :   0.47
	Core Time (ms)                        :   0.47
	TIDL Subgraphs Processing Time (ms)   :   0.00
	DDR Read Bandwidth (MB/s)             :   0.00
	DDR Write Bandwidth (MB/s)            :   0.00

<br/></div></td></tr></tbody>
      <tbody class="passed results-table-row">
        <tr>
          <td class="col-result">Passed</td>
          <td class="col-name">test_tidl_unit.py::test_tidl_unit_operator[DequantizeLinear_61]</td>
          <td>0</td>
          <td>-</td>
          <td class="col-duration">0.03</td>
          <td class="col-links"></td></tr>
        <tr>
          <td class="extra" colspan="6">
            <div class="log">[gw17] linux -- Python 3.10.16 /home/tidl/.pyenv/versions/benchmark/bin/python3<br/>[gw17] linux -- Python 3.10.16 /home/tidl/.pyenv/versions/benchmark/bin/python3[gw17] linux -- Python 3.10.16 /home/tidl/.pyenv/versions/benchmark/bin/python3[gw17] linux -- Python 3.10.16 /home/tidl/.pyenv/versions/benchmark/bin/python3<br/> ------------------------------Captured stdout call------------------------------ <br/>libtidl_onnxrt_EP loaded 0x56fce393be40 
Final number of subgraphs created are : 0, - Offloaded Nodes - 0, Total Nodes - 1 

MAX_NMSE: 0


PERFORMANCE:

	Num TIDL Subgraphs                    :   0
	Total Time (ms)                       :   0.04
	Core Time (ms)                        :   0.04
	TIDL Subgraphs Processing Time (ms)   :   0.00
	DDR Read Bandwidth (MB/s)             :   0.00
	DDR Write Bandwidth (MB/s)            :   0.00

<br/></div></td></tr></tbody></table></body></html>